19:45:49.830 [Time-limited test] ERROR org.apache.bookkeeper.bookie.Journal - Problems reading from /tmp/bookie7578903766325139542test/current/lastMark (this is okay if it is the first time starting this bookie
19:45:49.976 [Time-limited test] ERROR org.apache.bookkeeper.client.RackawareEnsemblePlacementPolicyImpl - Failed to initialize DNS Resolver org.apache.bookkeeper.net.ScriptBasedMapping, used default subnet resolver 
java.lang.RuntimeException: No network topology script is found when using script based DNS resolver.
	at org.apache.bookkeeper.net.ScriptBasedMapping$RawScriptBasedMapping.validateConf(ScriptBasedMapping.java:163) ~[classes/:?]
	at org.apache.bookkeeper.net.AbstractDNSToSwitchMapping.setConf(AbstractDNSToSwitchMapping.java:81) ~[classes/:?]
	at org.apache.bookkeeper.net.ScriptBasedMapping.setConf(ScriptBasedMapping.java:123) ~[classes/:?]
	at org.apache.bookkeeper.client.RackawareEnsemblePlacementPolicyImpl.initialize(RackawareEnsemblePlacementPolicyImpl.java:265) [classes/:?]
	at org.apache.bookkeeper.client.RackawareEnsemblePlacementPolicyImpl.initialize(RackawareEnsemblePlacementPolicyImpl.java:80) [classes/:?]
	at org.apache.bookkeeper.client.BookKeeper.initializeEnsemblePlacementPolicy(BookKeeper.java:581) [classes/:?]
	at org.apache.bookkeeper.client.BookKeeper.<init>(BookKeeper.java:505) [classes/:?]
	at org.apache.bookkeeper.client.BookKeeperTestClient.<init>(BookKeeperTestClient.java:51) [test-classes/:?]
	at org.apache.bookkeeper.test.BookKeeperClusterTestCase.startBookie(BookKeeperClusterTestCase.java:663) [test-classes/:?]
	at org.apache.bookkeeper.test.BookKeeperClusterTestCase.startAndAddBookie(BookKeeperClusterTestCase.java:640) [test-classes/:?]
	at org.apache.bookkeeper.proto.TestBackwardCompatCMS42.startAndStoreBookie(TestBackwardCompatCMS42.java:176) [test-classes/:?]
	at org.apache.bookkeeper.proto.TestBackwardCompatCMS42.testAuthMultiMessage(TestBackwardCompatCMS42.java:106) [test-classes/:?]
	at sun.reflect.NativeMethodAccessorImpl.invoke0(Native Method) ~[?:1.8.0_292]
	at sun.reflect.NativeMethodAccessorImpl.invoke(NativeMethodAccessorImpl.java:62) ~[?:1.8.0_292]
	at sun.reflect.DelegatingMethodAccessorImpl.invoke(DelegatingMethodAccessorImpl.java:43) ~[?:1.8.0_292]
	at java.lang.reflect.Method.invoke(Method.java:498) ~[?:1.8.0_292]
	at org.junit.runners.model.FrameworkMethod$1.runReflectiveCall(FrameworkMethod.java:50) [junit-4.12.jar:4.12]
	at org.junit.internal.runners.model.ReflectiveCallable.run(ReflectiveCallable.java:12) [junit-4.12.jar:4.12]
	at org.junit.runners.model.FrameworkMethod.invokeExplosively(FrameworkMethod.java:47) [junit-4.12.jar:4.12]
	at org.junit.internal.runners.statements.InvokeMethod.evaluate(InvokeMethod.java:17) [junit-4.12.jar:4.12]
	at org.junit.internal.runners.statements.RunBefores.evaluate(RunBefores.java:26) [junit-4.12.jar:4.12]
	at org.junit.internal.runners.statements.RunAfters.evaluate(RunAfters.java:27) [junit-4.12.jar:4.12]
	at org.junit.internal.runners.statements.FailOnTimeout$CallableStatement.call(FailOnTimeout.java:298) [junit-4.12.jar:4.12]
	at org.junit.internal.runners.statements.FailOnTimeout$CallableStatement.call(FailOnTimeout.java:292) [junit-4.12.jar:4.12]
	at java.util.concurrent.FutureTask.run(FutureTask.java:266) [?:1.8.0_292]
	at java.lang.Thread.run(Thread.java:748) [?:1.8.0_292]
19:45:50.846 [Time-limited test] ERROR org.apache.bookkeeper.bookie.Journal - Problems reading from /tmp/bookie8670665112398445146test/current/lastMark (this is okay if it is the first time starting this bookie
19:45:50.869 [Time-limited test] ERROR org.apache.bookkeeper.client.RackawareEnsemblePlacementPolicyImpl - Failed to initialize DNS Resolver org.apache.bookkeeper.net.ScriptBasedMapping, used default subnet resolver 
java.lang.RuntimeException: No network topology script is found when using script based DNS resolver.
	at org.apache.bookkeeper.net.ScriptBasedMapping$RawScriptBasedMapping.validateConf(ScriptBasedMapping.java:163) ~[classes/:?]
	at org.apache.bookkeeper.net.AbstractDNSToSwitchMapping.setConf(AbstractDNSToSwitchMapping.java:81) ~[classes/:?]
	at org.apache.bookkeeper.net.ScriptBasedMapping.setConf(ScriptBasedMapping.java:123) ~[classes/:?]
	at org.apache.bookkeeper.client.RackawareEnsemblePlacementPolicyImpl.initialize(RackawareEnsemblePlacementPolicyImpl.java:265) [classes/:?]
	at org.apache.bookkeeper.client.RackawareEnsemblePlacementPolicyImpl.initialize(RackawareEnsemblePlacementPolicyImpl.java:80) [classes/:?]
	at org.apache.bookkeeper.client.BookKeeper.initializeEnsemblePlacementPolicy(BookKeeper.java:581) [classes/:?]
	at org.apache.bookkeeper.client.BookKeeper.<init>(BookKeeper.java:505) [classes/:?]
	at org.apache.bookkeeper.client.BookKeeperTestClient.<init>(BookKeeperTestClient.java:51) [test-classes/:?]
	at org.apache.bookkeeper.test.BookKeeperClusterTestCase.startBookie(BookKeeperClusterTestCase.java:663) [test-classes/:?]
	at org.apache.bookkeeper.test.BookKeeperClusterTestCase.startAndAddBookie(BookKeeperClusterTestCase.java:640) [test-classes/:?]
	at org.apache.bookkeeper.proto.TestBackwardCompatCMS42.startAndStoreBookie(TestBackwardCompatCMS42.java:176) [test-classes/:?]
	at org.apache.bookkeeper.proto.TestBackwardCompatCMS42.testAuthSingleMessage(TestBackwardCompatCMS42.java:84) [test-classes/:?]
	at sun.reflect.NativeMethodAccessorImpl.invoke0(Native Method) ~[?:1.8.0_292]
	at sun.reflect.NativeMethodAccessorImpl.invoke(NativeMethodAccessorImpl.java:62) ~[?:1.8.0_292]
	at sun.reflect.DelegatingMethodAccessorImpl.invoke(DelegatingMethodAccessorImpl.java:43) ~[?:1.8.0_292]
	at java.lang.reflect.Method.invoke(Method.java:498) ~[?:1.8.0_292]
	at org.junit.runners.model.FrameworkMethod$1.runReflectiveCall(FrameworkMethod.java:50) [junit-4.12.jar:4.12]
	at org.junit.internal.runners.model.ReflectiveCallable.run(ReflectiveCallable.java:12) [junit-4.12.jar:4.12]
	at org.junit.runners.model.FrameworkMethod.invokeExplosively(FrameworkMethod.java:47) [junit-4.12.jar:4.12]
	at org.junit.internal.runners.statements.InvokeMethod.evaluate(InvokeMethod.java:17) [junit-4.12.jar:4.12]
	at org.junit.internal.runners.statements.RunBefores.evaluate(RunBefores.java:26) [junit-4.12.jar:4.12]
	at org.junit.internal.runners.statements.RunAfters.evaluate(RunAfters.java:27) [junit-4.12.jar:4.12]
	at org.junit.internal.runners.statements.FailOnTimeout$CallableStatement.call(FailOnTimeout.java:298) [junit-4.12.jar:4.12]
	at org.junit.internal.runners.statements.FailOnTimeout$CallableStatement.call(FailOnTimeout.java:292) [junit-4.12.jar:4.12]
	at java.util.concurrent.FutureTask.run(FutureTask.java:266) [?:1.8.0_292]
	at java.lang.Thread.run(Thread.java:748) [?:1.8.0_292]
19:45:51.521 [Time-limited test] ERROR org.apache.bookkeeper.bookie.Journal - Problems reading from /tmp/bookie7111704735914717457test/current/lastMark (this is okay if it is the first time starting this bookie
19:45:51.557 [Time-limited test] ERROR org.apache.bookkeeper.client.RackawareEnsemblePlacementPolicyImpl - Failed to initialize DNS Resolver org.apache.bookkeeper.net.ScriptBasedMapping, used default subnet resolver 
java.lang.RuntimeException: No network topology script is found when using script based DNS resolver.
	at org.apache.bookkeeper.net.ScriptBasedMapping$RawScriptBasedMapping.validateConf(ScriptBasedMapping.java:163) ~[classes/:?]
	at org.apache.bookkeeper.net.AbstractDNSToSwitchMapping.setConf(AbstractDNSToSwitchMapping.java:81) ~[classes/:?]
	at org.apache.bookkeeper.net.ScriptBasedMapping.setConf(ScriptBasedMapping.java:123) ~[classes/:?]
	at org.apache.bookkeeper.client.RackawareEnsemblePlacementPolicyImpl.initialize(RackawareEnsemblePlacementPolicyImpl.java:265) [classes/:?]
	at org.apache.bookkeeper.client.RackawareEnsemblePlacementPolicyImpl.initialize(RackawareEnsemblePlacementPolicyImpl.java:80) [classes/:?]
	at org.apache.bookkeeper.client.BookKeeper.initializeEnsemblePlacementPolicy(BookKeeper.java:581) [classes/:?]
	at org.apache.bookkeeper.client.BookKeeper.<init>(BookKeeper.java:505) [classes/:?]
	at org.apache.bookkeeper.client.BookKeeperTestClient.<init>(BookKeeperTestClient.java:51) [test-classes/:?]
	at org.apache.bookkeeper.test.BookKeeperClusterTestCase.startBookie(BookKeeperClusterTestCase.java:663) [test-classes/:?]
	at org.apache.bookkeeper.test.BookKeeperClusterTestCase.startAndAddBookie(BookKeeperClusterTestCase.java:640) [test-classes/:?]
	at org.apache.bookkeeper.proto.TestBackwardCompatCMS42.startAndStoreBookie(TestBackwardCompatCMS42.java:176) [test-classes/:?]
	at org.apache.bookkeeper.proto.TestBackwardCompatCMS42.testAuthFail(TestBackwardCompatCMS42.java:139) [test-classes/:?]
	at sun.reflect.NativeMethodAccessorImpl.invoke0(Native Method) ~[?:1.8.0_292]
	at sun.reflect.NativeMethodAccessorImpl.invoke(NativeMethodAccessorImpl.java:62) ~[?:1.8.0_292]
	at sun.reflect.DelegatingMethodAccessorImpl.invoke(DelegatingMethodAccessorImpl.java:43) ~[?:1.8.0_292]
	at java.lang.reflect.Method.invoke(Method.java:498) ~[?:1.8.0_292]
	at org.junit.runners.model.FrameworkMethod$1.runReflectiveCall(FrameworkMethod.java:50) [junit-4.12.jar:4.12]
	at org.junit.internal.runners.model.ReflectiveCallable.run(ReflectiveCallable.java:12) [junit-4.12.jar:4.12]
	at org.junit.runners.model.FrameworkMethod.invokeExplosively(FrameworkMethod.java:47) [junit-4.12.jar:4.12]
	at org.junit.internal.runners.statements.InvokeMethod.evaluate(InvokeMethod.java:17) [junit-4.12.jar:4.12]
	at org.junit.internal.runners.statements.RunBefores.evaluate(RunBefores.java:26) [junit-4.12.jar:4.12]
	at org.junit.internal.runners.statements.RunAfters.evaluate(RunAfters.java:27) [junit-4.12.jar:4.12]
	at org.junit.internal.runners.statements.FailOnTimeout$CallableStatement.call(FailOnTimeout.java:298) [junit-4.12.jar:4.12]
	at org.junit.internal.runners.statements.FailOnTimeout$CallableStatement.call(FailOnTimeout.java:292) [junit-4.12.jar:4.12]
	at java.util.concurrent.FutureTask.run(FutureTask.java:266) [?:1.8.0_292]
	at java.lang.Thread.run(Thread.java:748) [?:1.8.0_292]
