<?xml version="1.0" encoding="UTF-8"?>
<testsuite xmlns:xsi="http://www.w3.org/2001/XMLSchema-instance" xsi:noNamespaceSchemaLocation="https://maven.apache.org/surefire/maven-surefire-plugin/xsd/surefire-test-report-3.0.xsd" version="3.0" name="org.apache.bookkeeper.test.BookieFailureTest" time="32.142" tests="8" errors="0" skipped="0" failures="0">
  <properties>
[...]
</properties>
  <testcase name="testBookieRecovery" classname="org.apache.bookkeeper.test.BookieFailureTest" time="6.728"/>
  <testcase name="testReadLastConfirmedOp" classname="org.apache.bookkeeper.test.BookieFailureTest" time="3.791"/>
  <testcase name="testLedgerNoRecoveryOpenAfterBKCrashed" classname="org.apache.bookkeeper.test.BookieFailureTest" time="2.133"/>
  <testcase name="testAsyncBK1" classname="org.apache.bookkeeper.test.BookieFailureTest" time="4.332"/>
  <testcase name="testAsyncBK2" classname="org.apache.bookkeeper.test.BookieFailureTest" time="4.267"/>
  <testcase name="testAsyncBK3" classname="org.apache.bookkeeper.test.BookieFailureTest" time="4.158"/>
  <testcase name="testAsyncBK4" classname="org.apache.bookkeeper.test.BookieFailureTest" time="4.147"/>
  <testcase name="testLedgerOpenAfterBKCrashed" classname="org.apache.bookkeeper.test.BookieFailureTest" time="2.574"/>
</testsuite>