<?xml version="1.0" encoding="UTF-8"?>
<testsuite xmlns:xsi="http://www.w3.org/2001/XMLSchema-instance" xsi:noNamespaceSchemaLocation="https://maven.apache.org/surefire/maven-surefire-plugin/xsd/surefire-test-report-3.0.xsd" version="3.0" name="org.apache.bookkeeper.tls.TestTLS" time="739.029" tests="182" errors="0" skipped="12" failures="0">
  <properties>
[...]
</properties>
  <testcase name="testConnectToTLSClusterTLSClient[0]" classname="org.apache.bookkeeper.tls.TestTLS" time="8.486"/>
  <testcase name="testTLSChannelCounters[0]" classname="org.apache.bookkeeper.tls.TestTLS" time="2.426"/>
  <testcase name="testStartTLSServerNoKeyStore[0]" classname="org.apache.bookkeeper.tls.TestTLS" time="1.551"/>
  <testcase name="testBookieAuthPluginDenyAccessToClientWithoutTLS[0]" classname="org.apache.bookkeeper.tls.TestTLS" time="3.909"/>
  <testcase name="testRefreshDurationForBookkeeperClientCerts[0]" classname="org.apache.bookkeeper.tls.TestTLS" time="0">
    <skipped message="got: &lt;false&gt;, expected: is &lt;true&gt;"/>
  </testcase>
  <testcase name="testMixedCluster[0]" classname="org.apache.bookkeeper.tls.TestTLS" time="4.492"/>
  <testcase name="testStartTLSServerBadPassword[0]" classname="org.apache.bookkeeper.tls.TestTLS" time="1.518"/>
  <testcase name="testConnectToTLSClusterMixedClient[0]" classname="org.apache.bookkeeper.tls.TestTLS" time="6.424"/>
  <testcase name="testTLSClientButOnlyFewTLSServers[0]" classname="org.apache.bookkeeper.tls.TestTLS" time="7"/>
  <testcase name="testConnectToTLSClusterTLSClientWithAuthentication[0]" classname="org.apache.bookkeeper.tls.TestTLS" time="3.937"/>
  <testcase name="testConnectToTLSClusterNonTLSClient[0]" classname="org.apache.bookkeeper.tls.TestTLS" time="3.889"/>
  <testcase name="testRefreshDurationForBookieCerts[0]" classname="org.apache.bookkeeper.tls.TestTLS" time="0">
    <skipped message="got: &lt;false&gt;, expected: is &lt;true&gt;"/>
  </testcase>
  <testcase name="testBookieAuthPluginDenyAccesstoClientWithoutTLSAuthentication[0]" classname="org.apache.bookkeeper.tls.TestTLS" time="3.918"/>
  <testcase name="testKeyMismatchFailure[0]" classname="org.apache.bookkeeper.tls.TestTLS" time="0">
    <skipped message="got: &lt;false&gt;, expected: is &lt;true&gt;"/>
  </testcase>
  <testcase name="testBookieAuthPluginRequireClientTLSAuthentication[0]" classname="org.apache.bookkeeper.tls.TestTLS" time="6.118"/>
  <testcase name="testGetBouncyCastleProviderName[0]" classname="org.apache.bookkeeper.tls.TestTLS" time="1.435"/>
  <testcase name="testConnectToLocalTLSClusterTLSClient[0]" classname="org.apache.bookkeeper.tls.TestTLS" time="6.154"/>
  <testcase name="testClientWantsTLSNoServersHaveIt[0]" classname="org.apache.bookkeeper.tls.TestTLS" time="3.72"/>
  <testcase name="testHandshakeFailure[0]" classname="org.apache.bookkeeper.tls.TestTLS" time="2.953"/>
  <testcase name="testRoleBasedAuthZInCertificate[0]" classname="org.apache.bookkeeper.tls.TestTLS" time="6.088"/>
  <testcase name="testClientAuthPlugin[0]" classname="org.apache.bookkeeper.tls.TestTLS" time="3.934"/>
  <testcase name="testHungServer[0]" classname="org.apache.bookkeeper.tls.TestTLS" time="7.581"/>
  <testcase name="testBookieAuthPluginRequireClientTLSAuthenticationLocal[0]" classname="org.apache.bookkeeper.tls.TestTLS" time="6.053"/>
  <testcase name="testConnectToTLSClusterTLSClientWithTLSNoAuthentication[0]" classname="org.apache.bookkeeper.tls.TestTLS" time="6.103"/>
  <testcase name="testBookieAuthPluginDenyAccessToClientWithoutTLSAuthenticationLocal[0]" classname="org.apache.bookkeeper.tls.TestTLS" time="3.76"/>
  <testcase name="testClientAuthPluginWithHostnameVerificationEnabled[0]" classname="org.apache.bookkeeper.tls.TestTLS" time="1.591"/>
  <testcase name="testConnectToTLSClusterTLSClient[1]" classname="org.apache.bookkeeper.tls.TestTLS" time="3.945"/>
  <testcase name="testTLSChannelCounters[1]" classname="org.apache.bookkeeper.tls.TestTLS" time="2.083"/>
  <testcase name="testStartTLSServerNoKeyStore[1]" classname="org.apache.bookkeeper.tls.TestTLS" time="1.499"/>
  <testcase name="testBookieAuthPluginDenyAccessToClientWithoutTLS[1]" classname="org.apache.bookkeeper.tls.TestTLS" time="3.708"/>
  <testcase name="testRefreshDurationForBookkeeperClientCerts[1]" classname="org.apache.bookkeeper.tls.TestTLS" time="5.651"/>
  <testcase name="testMixedCluster[1]" classname="org.apache.bookkeeper.tls.TestTLS" time="4.318"/>
  <testcase name="testStartTLSServerBadPassword[1]" classname="org.apache.bookkeeper.tls.TestTLS" time="1.452"/>
  <testcase name="testConnectToTLSClusterMixedClient[1]" classname="org.apache.bookkeeper.tls.TestTLS" time="6.257"/>
  <testcase name="testTLSClientButOnlyFewTLSServers[1]" classname="org.apache.bookkeeper.tls.TestTLS" time="7.03"/>
  <testcase name="testConnectToTLSClusterTLSClientWithAuthentication[1]" classname="org.apache.bookkeeper.tls.TestTLS" time="3.924"/>
  <testcase name="testConnectToTLSClusterNonTLSClient[1]" classname="org.apache.bookkeeper.tls.TestTLS" time="3.83"/>
  <testcase name="testRefreshDurationForBookieCerts[1]" classname="org.apache.bookkeeper.tls.TestTLS" time="8.177"/>
  <testcase name="testBookieAuthPluginDenyAccesstoClientWithoutTLSAuthentication[1]" classname="org.apache.bookkeeper.tls.TestTLS" time="3.854"/>
  <testcase name="testKeyMismatchFailure[1]" classname="org.apache.bookkeeper.tls.TestTLS" time="2.941"/>
  <testcase name="testBookieAuthPluginRequireClientTLSAuthentication[1]" classname="org.apache.bookkeeper.tls.TestTLS" time="6.055"/>
  <testcase name="testGetBouncyCastleProviderName[1]" classname="org.apache.bookkeeper.tls.TestTLS" time="1.434"/>
  <testcase name="testConnectToLocalTLSClusterTLSClient[1]" classname="org.apache.bookkeeper.tls.TestTLS" time="6.024"/>
  <testcase name="testClientWantsTLSNoServersHaveIt[1]" classname="org.apache.bookkeeper.tls.TestTLS" time="3.741"/>
  <testcase name="testHandshakeFailure[1]" classname="org.apache.bookkeeper.tls.TestTLS" time="2.922"/>
  <testcase name="testRoleBasedAuthZInCertificate[1]" classname="org.apache.bookkeeper.tls.TestTLS" time="5.989"/>
  <testcase name="testClientAuthPlugin[1]" classname="org.apache.bookkeeper.tls.TestTLS" time="3.86"/>
  <testcase name="testHungServer[1]" classname="org.apache.bookkeeper.tls.TestTLS" time="7.553"/>
  <testcase name="testBookieAuthPluginRequireClientTLSAuthenticationLocal[1]" classname="org.apache.bookkeeper.tls.TestTLS" time="6.04"/>
  <testcase name="testConnectToTLSClusterTLSClientWithTLSNoAuthentication[1]" classname="org.apache.bookkeeper.tls.TestTLS" time="6.035"/>
  <testcase name="testBookieAuthPluginDenyAccessToClientWithoutTLSAuthenticationLocal[1]" classname="org.apache.bookkeeper.tls.TestTLS" time="3.816"/>
  <testcase name="testClientAuthPluginWithHostnameVerificationEnabled[1]" classname="org.apache.bookkeeper.tls.TestTLS" time="1.581"/>
  <testcase name="testConnectToTLSClusterTLSClient[2]" classname="org.apache.bookkeeper.tls.TestTLS" time="3.883"/>
  <testcase name="testTLSChannelCounters[2]" classname="org.apache.bookkeeper.tls.TestTLS" time="2.064"/>
  <testcase name="testStartTLSServerNoKeyStore[2]" classname="org.apache.bookkeeper.tls.TestTLS" time="1.42"/>
  <testcase name="testBookieAuthPluginDenyAccessToClientWithoutTLS[2]" classname="org.apache.bookkeeper.tls.TestTLS" time="3.702"/>
  <testcase name="testRefreshDurationForBookkeeperClientCerts[2]" classname="org.apache.bookkeeper.tls.TestTLS" time="5.61"/>
  <testcase name="testMixedCluster[2]" classname="org.apache.bookkeeper.tls.TestTLS" time="4.332"/>
  <testcase name="testStartTLSServerBadPassword[2]" classname="org.apache.bookkeeper.tls.TestTLS" time="1.448"/>
  <testcase name="testConnectToTLSClusterMixedClient[2]" classname="org.apache.bookkeeper.tls.TestTLS" time="6.211"/>
  <testcase name="testTLSClientButOnlyFewTLSServers[2]" classname="org.apache.bookkeeper.tls.TestTLS" time="6.899"/>
  <testcase name="testConnectToTLSClusterTLSClientWithAuthentication[2]" classname="org.apache.bookkeeper.tls.TestTLS" time="3.854"/>
  <testcase name="testConnectToTLSClusterNonTLSClient[2]" classname="org.apache.bookkeeper.tls.TestTLS" time="3.803"/>
  <testcase name="testRefreshDurationForBookieCerts[2]" classname="org.apache.bookkeeper.tls.TestTLS" time="8.187"/>
  <testcase name="testBookieAuthPluginDenyAccesstoClientWithoutTLSAuthentication[2]" classname="org.apache.bookkeeper.tls.TestTLS" time="3.8"/>
  <testcase name="testKeyMismatchFailure[2]" classname="org.apache.bookkeeper.tls.TestTLS" time="2.889"/>
  <testcase name="testBookieAuthPluginRequireClientTLSAuthentication[2]" classname="org.apache.bookkeeper.tls.TestTLS" time="6.005"/>
  <testcase name="testGetBouncyCastleProviderName[2]" classname="org.apache.bookkeeper.tls.TestTLS" time="1.413"/>
  <testcase name="testConnectToLocalTLSClusterTLSClient[2]" classname="org.apache.bookkeeper.tls.TestTLS" time="1.412"/>
  <testcase name="testClientWantsTLSNoServersHaveIt[2]" classname="org.apache.bookkeeper.tls.TestTLS" time="3.693"/>
  <testcase name="testHandshakeFailure[2]" classname="org.apache.bookkeeper.tls.TestTLS" time="2.877"/>
  <testcase name="testRoleBasedAuthZInCertificate[2]" classname="org.apache.bookkeeper.tls.TestTLS" time="6.027"/>
  <testcase name="testClientAuthPlugin[2]" classname="org.apache.bookkeeper.tls.TestTLS" time="3.864"/>
  <testcase name="testHungServer[2]" classname="org.apache.bookkeeper.tls.TestTLS" time="7.56"/>
  <testcase name="testBookieAuthPluginRequireClientTLSAuthenticationLocal[2]" classname="org.apache.bookkeeper.tls.TestTLS" time="1.392"/>
  <testcase name="testConnectToTLSClusterTLSClientWithTLSNoAuthentication[2]" classname="org.apache.bookkeeper.tls.TestTLS" time="6.057"/>
  <testcase name="testBookieAuthPluginDenyAccessToClientWithoutTLSAuthenticationLocal[2]" classname="org.apache.bookkeeper.tls.TestTLS" time="3.824"/>
  <testcase name="testClientAuthPluginWithHostnameVerificationEnabled[2]" classname="org.apache.bookkeeper.tls.TestTLS" time="1.575"/>
  <testcase name="testConnectToTLSClusterTLSClient[3]" classname="org.apache.bookkeeper.tls.TestTLS" time="3.907"/>
  <testcase name="testTLSChannelCounters[3]" classname="org.apache.bookkeeper.tls.TestTLS" time="2.245"/>
  <testcase name="testStartTLSServerNoKeyStore[3]" classname="org.apache.bookkeeper.tls.TestTLS" time="1.416"/>
  <testcase name="testBookieAuthPluginDenyAccessToClientWithoutTLS[3]" classname="org.apache.bookkeeper.tls.TestTLS" time="3.716"/>
  <testcase name="testRefreshDurationForBookkeeperClientCerts[3]" classname="org.apache.bookkeeper.tls.TestTLS" time="0">
    <skipped message="got: &lt;false&gt;, expected: is &lt;true&gt;"/>
  </testcase>
  <testcase name="testMixedCluster[3]" classname="org.apache.bookkeeper.tls.TestTLS" time="4.32"/>
  <testcase name="testStartTLSServerBadPassword[3]" classname="org.apache.bookkeeper.tls.TestTLS" time="1.435"/>
  <testcase name="testConnectToTLSClusterMixedClient[3]" classname="org.apache.bookkeeper.tls.TestTLS" time="6.198"/>
  <testcase name="testTLSClientButOnlyFewTLSServers[3]" classname="org.apache.bookkeeper.tls.TestTLS" time="6.898"/>
  <testcase name="testConnectToTLSClusterTLSClientWithAuthentication[3]" classname="org.apache.bookkeeper.tls.TestTLS" time="3.87"/>
  <testcase name="testConnectToTLSClusterNonTLSClient[3]" classname="org.apache.bookkeeper.tls.TestTLS" time="3.789"/>
  <testcase name="testRefreshDurationForBookieCerts[3]" classname="org.apache.bookkeeper.tls.TestTLS" time="0">
    <skipped message="got: &lt;false&gt;, expected: is &lt;true&gt;"/>
  </testcase>
  <testcase name="testBookieAuthPluginDenyAccesstoClientWithoutTLSAuthentication[3]" classname="org.apache.bookkeeper.tls.TestTLS" time="3.767"/>
  <testcase name="testKeyMismatchFailure[3]" classname="org.apache.bookkeeper.tls.TestTLS" time="0">
    <skipped message="got: &lt;false&gt;, expected: is &lt;true&gt;"/>
  </testcase>
  <testcase name="testBookieAuthPluginRequireClientTLSAuthentication[3]" classname="org.apache.bookkeeper.tls.TestTLS" time="6.071"/>
  <testcase name="testGetBouncyCastleProviderName[3]" classname="org.apache.bookkeeper.tls.TestTLS" time="1.428"/>
  <testcase name="testConnectToLocalTLSClusterTLSClient[3]" classname="org.apache.bookkeeper.tls.TestTLS" time="6.054"/>
  <testcase name="testClientWantsTLSNoServersHaveIt[3]" classname="org.apache.bookkeeper.tls.TestTLS" time="3.694"/>
  <testcase name="testHandshakeFailure[3]" classname="org.apache.bookkeeper.tls.TestTLS" time="2.916"/>
  <testcase name="testRoleBasedAuthZInCertificate[3]" classname="org.apache.bookkeeper.tls.TestTLS" time="6.035"/>
  <testcase name="testClientAuthPlugin[3]" classname="org.apache.bookkeeper.tls.TestTLS" time="3.882"/>
  <testcase name="testHungServer[3]" classname="org.apache.bookkeeper.tls.TestTLS" time="7.572"/>
  <testcase name="testBookieAuthPluginRequireClientTLSAuthenticationLocal[3]" classname="org.apache.bookkeeper.tls.TestTLS" time="6.062"/>
  <testcase name="testConnectToTLSClusterTLSClientWithTLSNoAuthentication[3]" classname="org.apache.bookkeeper.tls.TestTLS" time="6.054"/>
  <testcase name="testBookieAuthPluginDenyAccessToClientWithoutTLSAuthenticationLocal[3]" classname="org.apache.bookkeeper.tls.TestTLS" time="3.784"/>
  <testcase name="testClientAuthPluginWithHostnameVerificationEnabled[3]" classname="org.apache.bookkeeper.tls.TestTLS" time="1.568"/>
  <testcase name="testConnectToTLSClusterTLSClient[4]" classname="org.apache.bookkeeper.tls.TestTLS" time="3.892"/>
  <testcase name="testTLSChannelCounters[4]" classname="org.apache.bookkeeper.tls.TestTLS" time="1.978"/>
  <testcase name="testStartTLSServerNoKeyStore[4]" classname="org.apache.bookkeeper.tls.TestTLS" time="1.405"/>
  <testcase name="testBookieAuthPluginDenyAccessToClientWithoutTLS[4]" classname="org.apache.bookkeeper.tls.TestTLS" time="3.691"/>
  <testcase name="testRefreshDurationForBookkeeperClientCerts[4]" classname="org.apache.bookkeeper.tls.TestTLS" time="0">
    <skipped message="got: &lt;false&gt;, expected: is &lt;true&gt;"/>
  </testcase>
  <testcase name="testMixedCluster[4]" classname="org.apache.bookkeeper.tls.TestTLS" time="4.271"/>
  <testcase name="testStartTLSServerBadPassword[4]" classname="org.apache.bookkeeper.tls.TestTLS" time="1.434"/>
  <testcase name="testConnectToTLSClusterMixedClient[4]" classname="org.apache.bookkeeper.tls.TestTLS" time="6.157"/>
  <testcase name="testTLSClientButOnlyFewTLSServers[4]" classname="org.apache.bookkeeper.tls.TestTLS" time="6.828"/>
  <testcase name="testConnectToTLSClusterTLSClientWithAuthentication[4]" classname="org.apache.bookkeeper.tls.TestTLS" time="3.845"/>
  <testcase name="testConnectToTLSClusterNonTLSClient[4]" classname="org.apache.bookkeeper.tls.TestTLS" time="3.804"/>
  <testcase name="testRefreshDurationForBookieCerts[4]" classname="org.apache.bookkeeper.tls.TestTLS" time="0">
    <skipped message="got: &lt;false&gt;, expected: is &lt;true&gt;"/>
  </testcase>
  <testcase name="testBookieAuthPluginDenyAccesstoClientWithoutTLSAuthentication[4]" classname="org.apache.bookkeeper.tls.TestTLS" time="3.714"/>
  <testcase name="testKeyMismatchFailure[4]" classname="org.apache.bookkeeper.tls.TestTLS" time="0">
    <skipped message="got: &lt;false&gt;, expected: is &lt;true&gt;"/>
  </testcase>
  <testcase name="testBookieAuthPluginRequireClientTLSAuthentication[4]" classname="org.apache.bookkeeper.tls.TestTLS" time="5.995"/>
  <testcase name="testGetBouncyCastleProviderName[4]" classname="org.apache.bookkeeper.tls.TestTLS" time="1.437"/>
  <testcase name="testConnectToLocalTLSClusterTLSClient[4]" classname="org.apache.bookkeeper.tls.TestTLS" time="6"/>
  <testcase name="testClientWantsTLSNoServersHaveIt[4]" classname="org.apache.bookkeeper.tls.TestTLS" time="3.649"/>
  <testcase name="testHandshakeFailure[4]" classname="org.apache.bookkeeper.tls.TestTLS" time="2.87"/>
  <testcase name="testRoleBasedAuthZInCertificate[4]" classname="org.apache.bookkeeper.tls.TestTLS" time="5.997"/>
  <testcase name="testClientAuthPlugin[4]" classname="org.apache.bookkeeper.tls.TestTLS" time="3.811"/>
  <testcase name="testHungServer[4]" classname="org.apache.bookkeeper.tls.TestTLS" time="7.554"/>
  <testcase name="testBookieAuthPluginRequireClientTLSAuthenticationLocal[4]" classname="org.apache.bookkeeper.tls.TestTLS" time="5.997"/>
  <testcase name="testConnectToTLSClusterTLSClientWithTLSNoAuthentication[4]" classname="org.apache.bookkeeper.tls.TestTLS" time="6.025"/>
  <testcase name="testBookieAuthPluginDenyAccessToClientWithoutTLSAuthenticationLocal[4]" classname="org.apache.bookkeeper.tls.TestTLS" time="3.724"/>
  <testcase name="testClientAuthPluginWithHostnameVerificationEnabled[4]" classname="org.apache.bookkeeper.tls.TestTLS" time="1.529"/>
  <testcase name="testConnectToTLSClusterTLSClient[5]" classname="org.apache.bookkeeper.tls.TestTLS" time="3.832"/>
  <testcase name="testTLSChannelCounters[5]" classname="org.apache.bookkeeper.tls.TestTLS" time="2.037"/>
  <testcase name="testStartTLSServerNoKeyStore[5]" classname="org.apache.bookkeeper.tls.TestTLS" time="1.403"/>
  <testcase name="testBookieAuthPluginDenyAccessToClientWithoutTLS[5]" classname="org.apache.bookkeeper.tls.TestTLS" time="3.684"/>
  <testcase name="testRefreshDurationForBookkeeperClientCerts[5]" classname="org.apache.bookkeeper.tls.TestTLS" time="5.593"/>
  <testcase name="testMixedCluster[5]" classname="org.apache.bookkeeper.tls.TestTLS" time="4.294"/>
  <testcase name="testStartTLSServerBadPassword[5]" classname="org.apache.bookkeeper.tls.TestTLS" time="1.409"/>
  <testcase name="testConnectToTLSClusterMixedClient[5]" classname="org.apache.bookkeeper.tls.TestTLS" time="6.169"/>
  <testcase name="testTLSClientButOnlyFewTLSServers[5]" classname="org.apache.bookkeeper.tls.TestTLS" time="6.878"/>
  <testcase name="testConnectToTLSClusterTLSClientWithAuthentication[5]" classname="org.apache.bookkeeper.tls.TestTLS" time="3.856"/>
  <testcase name="testConnectToTLSClusterNonTLSClient[5]" classname="org.apache.bookkeeper.tls.TestTLS" time="3.801"/>
  <testcase name="testRefreshDurationForBookieCerts[5]" classname="org.apache.bookkeeper.tls.TestTLS" time="8.199"/>
  <testcase name="testBookieAuthPluginDenyAccesstoClientWithoutTLSAuthentication[5]" classname="org.apache.bookkeeper.tls.TestTLS" time="3.739"/>
  <testcase name="testKeyMismatchFailure[5]" classname="org.apache.bookkeeper.tls.TestTLS" time="2.896"/>
  <testcase name="testBookieAuthPluginRequireClientTLSAuthentication[5]" classname="org.apache.bookkeeper.tls.TestTLS" time="5.99"/>
  <testcase name="testGetBouncyCastleProviderName[5]" classname="org.apache.bookkeeper.tls.TestTLS" time="1.442"/>
  <testcase name="testConnectToLocalTLSClusterTLSClient[5]" classname="org.apache.bookkeeper.tls.TestTLS" time="6.036"/>
  <testcase name="testClientWantsTLSNoServersHaveIt[5]" classname="org.apache.bookkeeper.tls.TestTLS" time="3.68"/>
  <testcase name="testHandshakeFailure[5]" classname="org.apache.bookkeeper.tls.TestTLS" time="2.938"/>
  <testcase name="testRoleBasedAuthZInCertificate[5]" classname="org.apache.bookkeeper.tls.TestTLS" time="6.004"/>
  <testcase name="testClientAuthPlugin[5]" classname="org.apache.bookkeeper.tls.TestTLS" time="3.87"/>
  <testcase name="testHungServer[5]" classname="org.apache.bookkeeper.tls.TestTLS" time="7.553"/>
  <testcase name="testBookieAuthPluginRequireClientTLSAuthenticationLocal[5]" classname="org.apache.bookkeeper.tls.TestTLS" time="6.039"/>
  <testcase name="testConnectToTLSClusterTLSClientWithTLSNoAuthentication[5]" classname="org.apache.bookkeeper.tls.TestTLS" time="6"/>
  <testcase name="testBookieAuthPluginDenyAccessToClientWithoutTLSAuthenticationLocal[5]" classname="org.apache.bookkeeper.tls.TestTLS" time="3.75"/>
  <testcase name="testClientAuthPluginWithHostnameVerificationEnabled[5]" classname="org.apache.bookkeeper.tls.TestTLS" time="1.563"/>
  <testcase name="testConnectToTLSClusterTLSClient[6]" classname="org.apache.bookkeeper.tls.TestTLS" time="3.823"/>
  <testcase name="testTLSChannelCounters[6]" classname="org.apache.bookkeeper.tls.TestTLS" time="1.97"/>
  <testcase name="testStartTLSServerNoKeyStore[6]" classname="org.apache.bookkeeper.tls.TestTLS" time="1.4"/>
  <testcase name="testBookieAuthPluginDenyAccessToClientWithoutTLS[6]" classname="org.apache.bookkeeper.tls.TestTLS" time="3.691"/>
  <testcase name="testRefreshDurationForBookkeeperClientCerts[6]" classname="org.apache.bookkeeper.tls.TestTLS" time="0">
    <skipped message="got: &lt;false&gt;, expected: is &lt;true&gt;"/>
  </testcase>
  <testcase name="testMixedCluster[6]" classname="org.apache.bookkeeper.tls.TestTLS" time="4.299"/>
  <testcase name="testStartTLSServerBadPassword[6]" classname="org.apache.bookkeeper.tls.TestTLS" time="1.407"/>
  <testcase name="testConnectToTLSClusterMixedClient[6]" classname="org.apache.bookkeeper.tls.TestTLS" time="6.166"/>
  <testcase name="testTLSClientButOnlyFewTLSServers[6]" classname="org.apache.bookkeeper.tls.TestTLS" time="6.843"/>
  <testcase name="testConnectToTLSClusterTLSClientWithAuthentication[6]" classname="org.apache.bookkeeper.tls.TestTLS" time="3.836"/>
  <testcase name="testConnectToTLSClusterNonTLSClient[6]" classname="org.apache.bookkeeper.tls.TestTLS" time="3.778"/>
  <testcase name="testRefreshDurationForBookieCerts[6]" classname="org.apache.bookkeeper.tls.TestTLS" time="0">
    <skipped message="got: &lt;false&gt;, expected: is &lt;true&gt;"/>
  </testcase>
  <testcase name="testBookieAuthPluginDenyAccesstoClientWithoutTLSAuthentication[6]" classname="org.apache.bookkeeper.tls.TestTLS" time="3.729"/>
  <testcase name="testKeyMismatchFailure[6]" classname="org.apache.bookkeeper.tls.TestTLS" time="0">
    <skipped message="got: &lt;false&gt;, expected: is &lt;true&gt;"/>
  </testcase>
  <testcase name="testBookieAuthPluginRequireClientTLSAuthentication[6]" classname="org.apache.bookkeeper.tls.TestTLS" time="6.026"/>
  <testcase name="testGetBouncyCastleProviderName[6]" classname="org.apache.bookkeeper.tls.TestTLS" time="1.42"/>
  <testcase name="testConnectToLocalTLSClusterTLSClient[6]" classname="org.apache.bookkeeper.tls.TestTLS" time="5.99"/>
  <testcase name="testClientWantsTLSNoServersHaveIt[6]" classname="org.apache.bookkeeper.tls.TestTLS" time="3.691"/>
  <testcase name="testHandshakeFailure[6]" classname="org.apache.bookkeeper.tls.TestTLS" time="2.915"/>
  <testcase name="testRoleBasedAuthZInCertificate[6]" classname="org.apache.bookkeeper.tls.TestTLS" time="6.017"/>
  <testcase name="testClientAuthPlugin[6]" classname="org.apache.bookkeeper.tls.TestTLS" time="3.826"/>
  <testcase name="testHungServer[6]" classname="org.apache.bookkeeper.tls.TestTLS" time="7.575"/>
  <testcase name="testBookieAuthPluginRequireClientTLSAuthenticationLocal[6]" classname="org.apache.bookkeeper.tls.TestTLS" time="6.022"/>
  <testcase name="testConnectToTLSClusterTLSClientWithTLSNoAuthentication[6]" classname="org.apache.bookkeeper.tls.TestTLS" time="6.033"/>
  <testcase name="testBookieAuthPluginDenyAccessToClientWithoutTLSAuthenticationLocal[6]" classname="org.apache.bookkeeper.tls.TestTLS" time="3.729"/>
  <testcase name="testClientAuthPluginWithHostnameVerificationEnabled[6]" classname="org.apache.bookkeeper.tls.TestTLS" time="1.548"/>
</testsuite>