<?xml version="1.0" encoding="UTF-8"?>
<testsuite xmlns:xsi="http://www.w3.org/2001/XMLSchema-instance" xsi:noNamespaceSchemaLocation="https://maven.apache.org/surefire/maven-surefire-plugin/xsd/surefire-test-report-3.0.xsd" version="3.0" name="org.apache.bookkeeper.bookie.CompactionByBytesTest" time="120.602" tests="22" errors="0" skipped="0" failures="3">
  <properties>
[...]
</properties>
  <testcase name="testRecoverIndexWhenIndexIsPartiallyFlush" classname="org.apache.bookkeeper.bookie.CompactionByBytesTest" time="7.12"/>
  <testcase name="testMinorCompactionWithEntryLogPerLedgerEnabled" classname="org.apache.bookkeeper.bookie.CompactionByBytesTest" time="3.782"/>
  <testcase name="testMinorCompactionWithNoWritableLedgerDirsButIsForceGCAllowWhenNoSpaceIsSet" classname="org.apache.bookkeeper.bookie.CompactionByBytesTest" time="4.743"/>
  <testcase name="testCompactionSafety" classname="org.apache.bookkeeper.bookie.CompactionByBytesTest" time="2.736"/>
  <testcase name="testCompactionPersistence" classname="org.apache.bookkeeper.bookie.CompactionByBytesTest" time="5.532"/>
  <testcase name="testForceGarbageCollection" classname="org.apache.bookkeeper.bookie.CompactionByBytesTest" time="0.894"/>
  <testcase name="testForceMinorCompaction" classname="org.apache.bookkeeper.bookie.CompactionByBytesTest" time="5.598"/>
  <testcase name="testMinorCompactionWithNoWritableLedgerDirs" classname="org.apache.bookkeeper.bookie.CompactionByBytesTest" time="3.429"/>
  <testcase name="testForceGarbageCollectionWhenDisableCompactionConfigurationSettings" classname="org.apache.bookkeeper.bookie.CompactionByBytesTest" time="3.43"/>
  <testcase name="testMinorCompactionWithMaxTimeMillis" classname="org.apache.bookkeeper.bookie.CompactionByBytesTest" time="4.776">
    <failure message="Found entry log file ([0,1,2].log that should have not been compacted in ledgerDirectory: /tmp/bookie7377223436374980804test" type="java.lang.AssertionError"><![CDATA[java.lang.AssertionError: Found entry log file ([0,1,2].log that should have not been compacted in ledgerDirectory: /tmp/bookie7377223436374980804test
	at org.junit.Assert.fail(Assert.java:88)
	at org.junit.Assert.assertTrue(Assert.java:41)
	at org.junit.Assert.assertFalse(Assert.java:64)
	at org.apache.bookkeeper.bookie.CompactionTest.testMinorCompactionWithMaxTimeMillis(CompactionTest.java:454)
	at sun.reflect.NativeMethodAccessorImpl.invoke0(Native Method)
	at sun.reflect.NativeMethodAccessorImpl.invoke(NativeMethodAccessorImpl.java:62)
	at sun.reflect.DelegatingMethodAccessorImpl.invoke(DelegatingMethodAccessorImpl.java:43)
	at java.lang.reflect.Method.invoke(Method.java:498)
	at org.junit.runners.model.FrameworkMethod$1.runReflectiveCall(FrameworkMethod.java:50)
	at org.junit.internal.runners.model.ReflectiveCallable.run(ReflectiveCallable.java:12)
	at org.junit.runners.model.FrameworkMethod.invokeExplosively(FrameworkMethod.java:47)
	at org.junit.internal.runners.statements.InvokeMethod.evaluate(InvokeMethod.java:17)
	at org.junit.internal.runners.statements.RunBefores.evaluate(RunBefores.java:26)
	at org.junit.internal.runners.statements.RunAfters.evaluate(RunAfters.java:27)
	at org.junit.internal.runners.statements.FailOnTimeout$CallableStatement.call(FailOnTimeout.java:298)
	at org.junit.internal.runners.statements.FailOnTimeout$CallableStatement.call(FailOnTimeout.java:292)
	at java.util.concurrent.FutureTask.run(FutureTask.java:266)
	at java.lang.Thread.run(Thread.java:748)
]]></failure>
    <system-out><![CDATA[17:38:45.813 [Time-limited test] ERROR org.apache.bookkeeper.client.RackawareEnsemblePlacementPolicyImpl - Failed to initialize DNS Resolver org.apache.bookkeeper.net.ScriptBasedMapping, used default subnet resolver 
java.lang.RuntimeException: No network topology script is found when using script based DNS resolver.
	at org.apache.bookkeeper.net.ScriptBasedMapping$RawScriptBasedMapping.validateConf(ScriptBasedMapping.java:163) ~[classes/:?]
	at org.apache.bookkeeper.net.AbstractDNSToSwitchMapping.setConf(AbstractDNSToSwitchMapping.java:81) ~[classes/:?]
	at org.apache.bookkeeper.net.ScriptBasedMapping.setConf(ScriptBasedMapping.java:123) ~[classes/:?]
	at org.apache.bookkeeper.client.RackawareEnsemblePlacementPolicyImpl.initialize(RackawareEnsemblePlacementPolicyImpl.java:265) [classes/:?]
	at org.apache.bookkeeper.client.RackawareEnsemblePlacementPolicyImpl.initialize(RackawareEnsemblePlacementPolicyImpl.java:80) [classes/:?]
	at org.apache.bookkeeper.client.BookKeeper.initializeEnsemblePlacementPolicy(BookKeeper.java:581) [classes/:?]
	at org.apache.bookkeeper.client.BookKeeper.<init>(BookKeeper.java:505) [classes/:?]
	at org.apache.bookkeeper.client.BookKeeperTestClient.<init>(BookKeeperTestClient.java:51) [test-classes/:?]
	at org.apache.bookkeeper.test.BookKeeperClusterTestCase.startBKCluster(BookKeeperClusterTestCase.java:247) [test-classes/:?]
	at org.apache.bookkeeper.test.BookKeeperClusterTestCase.setUp(BookKeeperClusterTestCase.java:160) [test-classes/:?]
	at org.apache.bookkeeper.test.BookKeeperClusterTestCase.setUp(BookKeeperClusterTestCase.java:145) [test-classes/:?]
	at org.apache.bookkeeper.bookie.CompactionTest.setUp(CompactionTest.java:143) [test-classes/:?]
	at sun.reflect.NativeMethodAccessorImpl.invoke0(Native Method) ~[?:1.8.0_292]
	at sun.reflect.NativeMethodAccessorImpl.invoke(NativeMethodAccessorImpl.java:62) ~[?:1.8.0_292]
	at sun.reflect.DelegatingMethodAccessorImpl.invoke(DelegatingMethodAccessorImpl.java:43) ~[?:1.8.0_292]
	at java.lang.reflect.Method.invoke(Method.java:498) ~[?:1.8.0_292]
	at org.junit.runners.model.FrameworkMethod$1.runReflectiveCall(FrameworkMethod.java:50) [junit-4.12.jar:4.12]
	at org.junit.internal.runners.model.ReflectiveCallable.run(ReflectiveCallable.java:12) [junit-4.12.jar:4.12]
	at org.junit.runners.model.FrameworkMethod.invokeExplosively(FrameworkMethod.java:47) [junit-4.12.jar:4.12]
	at org.junit.internal.runners.statements.RunBefores.evaluate(RunBefores.java:24) [junit-4.12.jar:4.12]
	at org.junit.internal.runners.statements.RunAfters.evaluate(RunAfters.java:27) [junit-4.12.jar:4.12]
	at org.junit.internal.runners.statements.FailOnTimeout$CallableStatement.call(FailOnTimeout.java:298) [junit-4.12.jar:4.12]
	at org.junit.internal.runners.statements.FailOnTimeout$CallableStatement.call(FailOnTimeout.java:292) [junit-4.12.jar:4.12]
	at java.util.concurrent.FutureTask.run(FutureTask.java:266) [?:1.8.0_292]
	at java.lang.Thread.run(Thread.java:748) [?:1.8.0_292]
17:38:45.845 [Time-limited test] ERROR org.apache.bookkeeper.bookie.Journal - Problems reading from /tmp/bookie7377223436374980804test/current/lastMark (this is okay if it is the first time starting this bookie
17:38:48.783 [pool-176-thread-1] ERROR org.apache.zookeeper.server.NIOServerCnxnFactory - Thread Thread[pool-176-thread-1,5,FailOnTimeoutGroup] died
java.lang.NullPointerException: null
	at org.apache.bookkeeper.bookie.EntryLoggerAllocator.closePreAllocateLog(EntryLoggerAllocator.java:191) ~[classes/:?]
	at java.util.concurrent.ThreadPoolExecutor.runWorker(ThreadPoolExecutor.java:1149) ~[?:1.8.0_292]
	at java.util.concurrent.ThreadPoolExecutor$Worker.run(ThreadPoolExecutor.java:624) ~[?:1.8.0_292]
	at java.lang.Thread.run(Thread.java:748) [?:1.8.0_292]
17:38:50.344 [pool-182-thread-1] ERROR org.apache.zookeeper.server.NIOServerCnxnFactory - Thread Thread[pool-182-thread-1,5,FailOnTimeoutGroup] died
java.lang.NullPointerException: null
	at org.apache.bookkeeper.bookie.EntryLoggerAllocator.closePreAllocateLog(EntryLoggerAllocator.java:191) ~[classes/:?]
	at java.util.concurrent.ThreadPoolExecutor.runWorker(ThreadPoolExecutor.java:1149) ~[?:1.8.0_292]
	at java.util.concurrent.ThreadPoolExecutor$Worker.run(ThreadPoolExecutor.java:624) ~[?:1.8.0_292]
	at java.lang.Thread.run(Thread.java:748) [?:1.8.0_292]
]]></system-out>
    <rerunFailure message="Found entry log file ([0,1,2].log that should have not been compacted in ledgerDirectory: /tmp/bookie2249688349618512042test" type="java.lang.AssertionError">
      <stackTrace><![CDATA[java.lang.AssertionError: Found entry log file ([0,1,2].log that should have not been compacted in ledgerDirectory: /tmp/bookie2249688349618512042test
	at org.junit.Assert.fail(Assert.java:88)
	at org.junit.Assert.assertTrue(Assert.java:41)
	at org.junit.Assert.assertFalse(Assert.java:64)
	at org.apache.bookkeeper.bookie.CompactionTest.testMinorCompactionWithMaxTimeMillis(CompactionTest.java:454)
	at sun.reflect.NativeMethodAccessorImpl.invoke0(Native Method)
	at sun.reflect.NativeMethodAccessorImpl.invoke(NativeMethodAccessorImpl.java:62)
	at sun.reflect.DelegatingMethodAccessorImpl.invoke(DelegatingMethodAccessorImpl.java:43)
	at java.lang.reflect.Method.invoke(Method.java:498)
	at org.junit.runners.model.FrameworkMethod$1.runReflectiveCall(FrameworkMethod.java:50)
	at org.junit.internal.runners.model.ReflectiveCallable.run(ReflectiveCallable.java:12)
	at org.junit.runners.model.FrameworkMethod.invokeExplosively(FrameworkMethod.java:47)
	at org.junit.internal.runners.statements.InvokeMethod.evaluate(InvokeMethod.java:17)
	at org.junit.internal.runners.statements.RunBefores.evaluate(RunBefores.java:26)
	at org.junit.internal.runners.statements.RunAfters.evaluate(RunAfters.java:27)
	at org.junit.internal.runners.statements.FailOnTimeout$CallableStatement.call(FailOnTimeout.java:298)
	at org.junit.internal.runners.statements.FailOnTimeout$CallableStatement.call(FailOnTimeout.java:292)
	at java.util.concurrent.FutureTask.run(FutureTask.java:266)
	at java.lang.Thread.run(Thread.java:748)
]]></stackTrace>
      <system-out><![CDATA[17:39:59.144 [Time-limited test] ERROR org.apache.bookkeeper.client.RackawareEnsemblePlacementPolicyImpl - Failed to initialize DNS Resolver org.apache.bookkeeper.net.ScriptBasedMapping, used default subnet resolver 
java.lang.RuntimeException: No network topology script is found when using script based DNS resolver.
	at org.apache.bookkeeper.net.ScriptBasedMapping$RawScriptBasedMapping.validateConf(ScriptBasedMapping.java:163) ~[classes/:?]
	at org.apache.bookkeeper.net.AbstractDNSToSwitchMapping.setConf(AbstractDNSToSwitchMapping.java:81) ~[classes/:?]
	at org.apache.bookkeeper.net.ScriptBasedMapping.setConf(ScriptBasedMapping.java:123) ~[classes/:?]
	at org.apache.bookkeeper.client.RackawareEnsemblePlacementPolicyImpl.initialize(RackawareEnsemblePlacementPolicyImpl.java:265) [classes/:?]
	at org.apache.bookkeeper.client.RackawareEnsemblePlacementPolicyImpl.initialize(RackawareEnsemblePlacementPolicyImpl.java:80) [classes/:?]
	at org.apache.bookkeeper.client.BookKeeper.initializeEnsemblePlacementPolicy(BookKeeper.java:581) [classes/:?]
	at org.apache.bookkeeper.client.BookKeeper.<init>(BookKeeper.java:505) [classes/:?]
	at org.apache.bookkeeper.client.BookKeeperTestClient.<init>(BookKeeperTestClient.java:51) [test-classes/:?]
	at org.apache.bookkeeper.test.BookKeeperClusterTestCase.startBKCluster(BookKeeperClusterTestCase.java:247) [test-classes/:?]
	at org.apache.bookkeeper.test.BookKeeperClusterTestCase.setUp(BookKeeperClusterTestCase.java:160) [test-classes/:?]
	at org.apache.bookkeeper.test.BookKeeperClusterTestCase.setUp(BookKeeperClusterTestCase.java:145) [test-classes/:?]
	at org.apache.bookkeeper.bookie.CompactionTest.setUp(CompactionTest.java:143) [test-classes/:?]
	at sun.reflect.GeneratedMethodAccessor17.invoke(Unknown Source) ~[?:?]
	at sun.reflect.DelegatingMethodAccessorImpl.invoke(DelegatingMethodAccessorImpl.java:43) ~[?:1.8.0_292]
	at java.lang.reflect.Method.invoke(Method.java:498) ~[?:1.8.0_292]
	at org.junit.runners.model.FrameworkMethod$1.runReflectiveCall(FrameworkMethod.java:50) [junit-4.12.jar:4.12]
	at org.junit.internal.runners.model.ReflectiveCallable.run(ReflectiveCallable.java:12) [junit-4.12.jar:4.12]
	at org.junit.runners.model.FrameworkMethod.invokeExplosively(FrameworkMethod.java:47) [junit-4.12.jar:4.12]
	at org.junit.internal.runners.statements.RunBefores.evaluate(RunBefores.java:24) [junit-4.12.jar:4.12]
	at org.junit.internal.runners.statements.RunAfters.evaluate(RunAfters.java:27) [junit-4.12.jar:4.12]
	at org.junit.internal.runners.statements.FailOnTimeout$CallableStatement.call(FailOnTimeout.java:298) [junit-4.12.jar:4.12]
	at org.junit.internal.runners.statements.FailOnTimeout$CallableStatement.call(FailOnTimeout.java:292) [junit-4.12.jar:4.12]
	at java.util.concurrent.FutureTask.run(FutureTask.java:266) [?:1.8.0_292]
	at java.lang.Thread.run(Thread.java:748) [?:1.8.0_292]
17:39:59.159 [Time-limited test] ERROR org.apache.bookkeeper.bookie.Journal - Problems reading from /tmp/bookie2249688349618512042test/current/lastMark (this is okay if it is the first time starting this bookie
17:40:02.074 [pool-372-thread-1] ERROR org.apache.zookeeper.server.NIOServerCnxnFactory - Thread Thread[pool-372-thread-1,5,FailOnTimeoutGroup] died
java.lang.NullPointerException: null
	at org.apache.bookkeeper.bookie.EntryLoggerAllocator.closePreAllocateLog(EntryLoggerAllocator.java:191) ~[classes/:?]
	at java.util.concurrent.ThreadPoolExecutor.runWorker(ThreadPoolExecutor.java:1149) ~[?:1.8.0_292]
	at java.util.concurrent.ThreadPoolExecutor$Worker.run(ThreadPoolExecutor.java:624) ~[?:1.8.0_292]
	at java.lang.Thread.run(Thread.java:748) [?:1.8.0_292]
17:40:03.616 [pool-378-thread-1] ERROR org.apache.zookeeper.server.NIOServerCnxnFactory - Thread Thread[pool-378-thread-1,5,FailOnTimeoutGroup] died
java.lang.NullPointerException: null
	at org.apache.bookkeeper.bookie.EntryLoggerAllocator.closePreAllocateLog(EntryLoggerAllocator.java:191) ~[classes/:?]
	at java.util.concurrent.ThreadPoolExecutor.runWorker(ThreadPoolExecutor.java:1149) ~[?:1.8.0_292]
	at java.util.concurrent.ThreadPoolExecutor$Worker.run(ThreadPoolExecutor.java:624) ~[?:1.8.0_292]
	at java.lang.Thread.run(Thread.java:748) [?:1.8.0_292]
]]></system-out>
    </rerunFailure>
    <rerunFailure message="Found entry log file ([0,1,2].log that should have not been compacted in ledgerDirectory: /tmp/bookie850726418748264681test" type="java.lang.AssertionError">
      <stackTrace><![CDATA[java.lang.AssertionError: Found entry log file ([0,1,2].log that should have not been compacted in ledgerDirectory: /tmp/bookie850726418748264681test
	at org.junit.Assert.fail(Assert.java:88)
	at org.junit.Assert.assertTrue(Assert.java:41)
	at org.junit.Assert.assertFalse(Assert.java:64)
	at org.apache.bookkeeper.bookie.CompactionTest.testMinorCompactionWithMaxTimeMillis(CompactionTest.java:454)
	at sun.reflect.NativeMethodAccessorImpl.invoke0(Native Method)
	at sun.reflect.NativeMethodAccessorImpl.invoke(NativeMethodAccessorImpl.java:62)
	at sun.reflect.DelegatingMethodAccessorImpl.invoke(DelegatingMethodAccessorImpl.java:43)
	at java.lang.reflect.Method.invoke(Method.java:498)
	at org.junit.runners.model.FrameworkMethod$1.runReflectiveCall(FrameworkMethod.java:50)
	at org.junit.internal.runners.model.ReflectiveCallable.run(ReflectiveCallable.java:12)
	at org.junit.runners.model.FrameworkMethod.invokeExplosively(FrameworkMethod.java:47)
	at org.junit.internal.runners.statements.InvokeMethod.evaluate(InvokeMethod.java:17)
	at org.junit.internal.runners.statements.RunBefores.evaluate(RunBefores.java:26)
	at org.junit.internal.runners.statements.RunAfters.evaluate(RunAfters.java:27)
	at org.junit.internal.runners.statements.FailOnTimeout$CallableStatement.call(FailOnTimeout.java:298)
	at org.junit.internal.runners.statements.FailOnTimeout$CallableStatement.call(FailOnTimeout.java:292)
	at java.util.concurrent.FutureTask.run(FutureTask.java:266)
	at java.lang.Thread.run(Thread.java:748)
]]></stackTrace>
      <system-out><![CDATA[17:40:03.869 [Time-limited test] ERROR org.apache.bookkeeper.client.RackawareEnsemblePlacementPolicyImpl - Failed to initialize DNS Resolver org.apache.bookkeeper.net.ScriptBasedMapping, used default subnet resolver 
java.lang.RuntimeException: No network topology script is found when using script based DNS resolver.
	at org.apache.bookkeeper.net.ScriptBasedMapping$RawScriptBasedMapping.validateConf(ScriptBasedMapping.java:163) ~[classes/:?]
	at org.apache.bookkeeper.net.AbstractDNSToSwitchMapping.setConf(AbstractDNSToSwitchMapping.java:81) ~[classes/:?]
	at org.apache.bookkeeper.net.ScriptBasedMapping.setConf(ScriptBasedMapping.java:123) ~[classes/:?]
	at org.apache.bookkeeper.client.RackawareEnsemblePlacementPolicyImpl.initialize(RackawareEnsemblePlacementPolicyImpl.java:265) [classes/:?]
	at org.apache.bookkeeper.client.RackawareEnsemblePlacementPolicyImpl.initialize(RackawareEnsemblePlacementPolicyImpl.java:80) [classes/:?]
	at org.apache.bookkeeper.client.BookKeeper.initializeEnsemblePlacementPolicy(BookKeeper.java:581) [classes/:?]
	at org.apache.bookkeeper.client.BookKeeper.<init>(BookKeeper.java:505) [classes/:?]
	at org.apache.bookkeeper.client.BookKeeperTestClient.<init>(BookKeeperTestClient.java:51) [test-classes/:?]
	at org.apache.bookkeeper.test.BookKeeperClusterTestCase.startBKCluster(BookKeeperClusterTestCase.java:247) [test-classes/:?]
	at org.apache.bookkeeper.test.BookKeeperClusterTestCase.setUp(BookKeeperClusterTestCase.java:160) [test-classes/:?]
	at org.apache.bookkeeper.test.BookKeeperClusterTestCase.setUp(BookKeeperClusterTestCase.java:145) [test-classes/:?]
	at org.apache.bookkeeper.bookie.CompactionTest.setUp(CompactionTest.java:143) [test-classes/:?]
	at sun.reflect.GeneratedMethodAccessor17.invoke(Unknown Source) ~[?:?]
	at sun.reflect.DelegatingMethodAccessorImpl.invoke(DelegatingMethodAccessorImpl.java:43) ~[?:1.8.0_292]
	at java.lang.reflect.Method.invoke(Method.java:498) ~[?:1.8.0_292]
	at org.junit.runners.model.FrameworkMethod$1.runReflectiveCall(FrameworkMethod.java:50) [junit-4.12.jar:4.12]
	at org.junit.internal.runners.model.ReflectiveCallable.run(ReflectiveCallable.java:12) [junit-4.12.jar:4.12]
	at org.junit.runners.model.FrameworkMethod.invokeExplosively(FrameworkMethod.java:47) [junit-4.12.jar:4.12]
	at org.junit.internal.runners.statements.RunBefores.evaluate(RunBefores.java:24) [junit-4.12.jar:4.12]
	at org.junit.internal.runners.statements.RunAfters.evaluate(RunAfters.java:27) [junit-4.12.jar:4.12]
	at org.junit.internal.runners.statements.FailOnTimeout$CallableStatement.call(FailOnTimeout.java:298) [junit-4.12.jar:4.12]
	at org.junit.internal.runners.statements.FailOnTimeout$CallableStatement.call(FailOnTimeout.java:292) [junit-4.12.jar:4.12]
	at java.util.concurrent.FutureTask.run(FutureTask.java:266) [?:1.8.0_292]
	at java.lang.Thread.run(Thread.java:748) [?:1.8.0_292]
17:40:03.885 [Time-limited test] ERROR org.apache.bookkeeper.bookie.Journal - Problems reading from /tmp/bookie850726418748264681test/current/lastMark (this is okay if it is the first time starting this bookie
17:40:06.803 [pool-390-thread-1] ERROR org.apache.zookeeper.server.NIOServerCnxnFactory - Thread Thread[pool-390-thread-1,5,FailOnTimeoutGroup] died
java.lang.NullPointerException: null
	at org.apache.bookkeeper.bookie.EntryLoggerAllocator.closePreAllocateLog(EntryLoggerAllocator.java:191) ~[classes/:?]
	at java.util.concurrent.ThreadPoolExecutor.runWorker(ThreadPoolExecutor.java:1149) ~[?:1.8.0_292]
	at java.util.concurrent.ThreadPoolExecutor$Worker.run(ThreadPoolExecutor.java:624) ~[?:1.8.0_292]
	at java.lang.Thread.run(Thread.java:748) [?:1.8.0_292]
17:40:08.371 [pool-396-thread-1] ERROR org.apache.zookeeper.server.NIOServerCnxnFactory - Thread Thread[pool-396-thread-1,5,FailOnTimeoutGroup] died
java.lang.NullPointerException: null
	at org.apache.bookkeeper.bookie.EntryLoggerAllocator.closePreAllocateLog(EntryLoggerAllocator.java:191) ~[classes/:?]
	at java.util.concurrent.ThreadPoolExecutor.runWorker(ThreadPoolExecutor.java:1149) ~[?:1.8.0_292]
	at java.util.concurrent.ThreadPoolExecutor$Worker.run(ThreadPoolExecutor.java:624) ~[?:1.8.0_292]
	at java.lang.Thread.run(Thread.java:748) [?:1.8.0_292]
]]></system-out>
    </rerunFailure>
  </testcase>
  <testcase name="testDisableCompaction" classname="org.apache.bookkeeper.bookie.CompactionByBytesTest" time="3.404"/>
  <testcase name="testForceMajorCompaction" classname="org.apache.bookkeeper.bookie.CompactionByBytesTest" time="5.477"/>
  <testcase name="testSuspendGarbageCollection" classname="org.apache.bookkeeper.bookie.CompactionByBytesTest" time="15.758"/>
  <testcase name="testCompactionSmallEntryLogs" classname="org.apache.bookkeeper.bookie.CompactionByBytesTest" time="6.885"/>
  <testcase name="testWhenNoLogsToCompact" classname="org.apache.bookkeeper.bookie.CompactionByBytesTest" time="0.636"/>
  <testcase name="testMinorCompaction" classname="org.apache.bookkeeper.bookie.CompactionByBytesTest" time="5.409"/>
  <testcase name="testCompactionFailureShouldNotResultInDuplicatedData" classname="org.apache.bookkeeper.bookie.CompactionByBytesTest" time="18.124"/>
  <testcase name="testCompactionWhenLedgerDirsAreFull" classname="org.apache.bookkeeper.bookie.CompactionByBytesTest" time="5.447"/>
  <testcase name="testMajorCompactionAboveThreshold" classname="org.apache.bookkeeper.bookie.CompactionByBytesTest" time="1.984"/>
  <testcase name="testMajorCompaction" classname="org.apache.bookkeeper.bookie.CompactionByBytesTest" time="5.427"/>
</testsuite>