<?xml version="1.0" encoding="UTF-8"?>
<testsuite xmlns:xsi="http://www.w3.org/2001/XMLSchema-instance" xsi:noNamespaceSchemaLocation="https://maven.apache.org/surefire/maven-surefire-plugin/xsd/surefire-test-report-3.0.xsd" version="3.0" name="org.apache.bookkeeper.test.ReadOnlyBookieTest" time="19.787" tests="8" errors="2" skipped="0" failures="1">
  <properties>
[...]
</properties>
  <testcase name="testBookieShouldServeAsReadOnly" classname="org.apache.bookkeeper.test.ReadOnlyBookieTest" time="4.694"/>
  <testcase name="testLedgerCreationShouldFailWithReadonlyBookie" classname="org.apache.bookkeeper.test.ReadOnlyBookieTest" time="1.519"/>
  <testcase name="testBookieShouldTurnWritableFromReadOnly" classname="org.apache.bookkeeper.test.ReadOnlyBookieTest" time="3.708">
    <flakyFailure message="Should fail to create a ledger since there isn&apos;t enough bookies alive." type="java.lang.AssertionError">
      <stackTrace><![CDATA[java.lang.AssertionError: Should fail to create a ledger since there isn't enough bookies alive.
	at org.junit.Assert.fail(Assert.java:88)
	at org.apache.bookkeeper.test.ReadOnlyBookieTest.testBookieShouldTurnWritableFromReadOnly(ReadOnlyBookieTest.java:141)
	at sun.reflect.NativeMethodAccessorImpl.invoke0(Native Method)
	at sun.reflect.NativeMethodAccessorImpl.invoke(NativeMethodAccessorImpl.java:62)
	at sun.reflect.DelegatingMethodAccessorImpl.invoke(DelegatingMethodAccessorImpl.java:43)
	at java.lang.reflect.Method.invoke(Method.java:498)
	at org.junit.runners.model.FrameworkMethod$1.runReflectiveCall(FrameworkMethod.java:50)
	at org.junit.internal.runners.model.ReflectiveCallable.run(ReflectiveCallable.java:12)
	at org.junit.runners.model.FrameworkMethod.invokeExplosively(FrameworkMethod.java:47)
	at org.junit.internal.runners.statements.InvokeMethod.evaluate(InvokeMethod.java:17)
	at org.junit.internal.runners.statements.RunBefores.evaluate(RunBefores.java:26)
	at org.junit.internal.runners.statements.RunAfters.evaluate(RunAfters.java:27)
	at org.junit.internal.runners.statements.FailOnTimeout$CallableStatement.call(FailOnTimeout.java:298)
	at org.junit.internal.runners.statements.FailOnTimeout$CallableStatement.call(FailOnTimeout.java:292)
	at java.util.concurrent.FutureTask.run(FutureTask.java:266)
	at java.lang.Thread.run(Thread.java:748)
]]></stackTrace>
      <system-out><![CDATA[17:23:00.532 [Time-limited test] ERROR org.apache.bookkeeper.client.RackawareEnsemblePlacementPolicyImpl - Failed to initialize DNS Resolver org.apache.bookkeeper.net.ScriptBasedMapping, used default subnet resolver 
java.lang.RuntimeException: No network topology script is found when using script based DNS resolver.
	at org.apache.bookkeeper.net.ScriptBasedMapping$RawScriptBasedMapping.validateConf(ScriptBasedMapping.java:163) ~[classes/:?]
	at org.apache.bookkeeper.net.AbstractDNSToSwitchMapping.setConf(AbstractDNSToSwitchMapping.java:81) ~[classes/:?]
	at org.apache.bookkeeper.net.ScriptBasedMapping.setConf(ScriptBasedMapping.java:123) ~[classes/:?]
	at org.apache.bookkeeper.client.RackawareEnsemblePlacementPolicyImpl.initialize(RackawareEnsemblePlacementPolicyImpl.java:265) [classes/:?]
	at org.apache.bookkeeper.client.RackawareEnsemblePlacementPolicyImpl.initialize(RackawareEnsemblePlacementPolicyImpl.java:80) [classes/:?]
	at org.apache.bookkeeper.client.BookKeeper.initializeEnsemblePlacementPolicy(BookKeeper.java:581) [classes/:?]
	at org.apache.bookkeeper.client.BookKeeper.<init>(BookKeeper.java:505) [classes/:?]
	at org.apache.bookkeeper.client.BookKeeperTestClient.<init>(BookKeeperTestClient.java:51) [test-classes/:?]
	at org.apache.bookkeeper.test.BookKeeperClusterTestCase.startBKCluster(BookKeeperClusterTestCase.java:247) [test-classes/:?]
	at org.apache.bookkeeper.test.BookKeeperClusterTestCase.setUp(BookKeeperClusterTestCase.java:160) [test-classes/:?]
	at org.apache.bookkeeper.test.BookKeeperClusterTestCase.setUp(BookKeeperClusterTestCase.java:145) [test-classes/:?]
	at sun.reflect.NativeMethodAccessorImpl.invoke0(Native Method) ~[?:1.8.0_292]
	at sun.reflect.NativeMethodAccessorImpl.invoke(NativeMethodAccessorImpl.java:62) ~[?:1.8.0_292]
	at sun.reflect.DelegatingMethodAccessorImpl.invoke(DelegatingMethodAccessorImpl.java:43) ~[?:1.8.0_292]
	at java.lang.reflect.Method.invoke(Method.java:498) ~[?:1.8.0_292]
	at org.junit.runners.model.FrameworkMethod$1.runReflectiveCall(FrameworkMethod.java:50) [junit-4.12.jar:4.12]
	at org.junit.internal.runners.model.ReflectiveCallable.run(ReflectiveCallable.java:12) [junit-4.12.jar:4.12]
	at org.junit.runners.model.FrameworkMethod.invokeExplosively(FrameworkMethod.java:47) [junit-4.12.jar:4.12]
	at org.junit.internal.runners.statements.RunBefores.evaluate(RunBefores.java:24) [junit-4.12.jar:4.12]
	at org.junit.internal.runners.statements.RunAfters.evaluate(RunAfters.java:27) [junit-4.12.jar:4.12]
	at org.junit.internal.runners.statements.FailOnTimeout$CallableStatement.call(FailOnTimeout.java:298) [junit-4.12.jar:4.12]
	at org.junit.internal.runners.statements.FailOnTimeout$CallableStatement.call(FailOnTimeout.java:292) [junit-4.12.jar:4.12]
	at java.util.concurrent.FutureTask.run(FutureTask.java:266) [?:1.8.0_292]
	at java.lang.Thread.run(Thread.java:748) [?:1.8.0_292]
17:23:00.562 [Time-limited test] ERROR org.apache.bookkeeper.bookie.Journal - Problems reading from /tmp/bookie8579180492062308673test/current/lastMark (this is okay if it is the first time starting this bookie
17:23:00.859 [Time-limited test] ERROR org.apache.bookkeeper.bookie.Journal - Problems reading from /tmp/bookie4032446975446050927test/current/lastMark (this is okay if it is the first time starting this bookie
17:23:01.277 [Time-limited test] ERROR org.apache.bookkeeper.bookie.Journal - Problems reading from /tmp/bookie3899613286566040589test/current/lastMark (this is okay if it is the first time starting this bookie
17:23:01.653 [BookieWriteThreadPool-OrderedExecutor-0-0] ERROR org.apache.bookkeeper.bookie.LedgerDirsManager - All ledger directories are non writable and no reserved space (9223372036854775807) left.
org.apache.bookkeeper.bookie.LedgerDirsManager$NoWritableLedgerDirException: All ledger directories are non writable and no reserved space (9223372036854775807) left.
	at org.apache.bookkeeper.bookie.LedgerDirsManager.getDirsAboveUsableThresholdSize(LedgerDirsManager.java:203) [classes/:?]
	at org.apache.bookkeeper.bookie.LedgerDirsManager.getWritableLedgerDirsForNewLog(LedgerDirsManager.java:179) [classes/:?]
	at org.apache.bookkeeper.bookie.EntryLogManagerBase.selectDirForNextEntryLog(EntryLogManagerBase.java:175) [classes/:?]
	at org.apache.bookkeeper.bookie.EntryLogManagerBase.createNewLog(EntryLogManagerBase.java:161) [classes/:?]
	at org.apache.bookkeeper.bookie.EntryLogManagerForSingleEntryLog.getCurrentLogForLedgerForAddEntry(EntryLogManagerForSingleEntryLog.java:106) [classes/:?]
	at org.apache.bookkeeper.bookie.EntryLogManagerBase.addEntry(EntryLogManagerBase.java:72) [classes/:?]
	at org.apache.bookkeeper.bookie.EntryLogManagerForSingleEntryLog.addEntry(EntryLogManagerForSingleEntryLog.java:87) [classes/:?]
	at org.apache.bookkeeper.bookie.EntryLogger.addEntry(EntryLogger.java:626) [classes/:?]
	at org.apache.bookkeeper.bookie.InterleavedLedgerStorage.processEntry(InterleavedLedgerStorage.java:534) [classes/:?]
	at org.apache.bookkeeper.bookie.InterleavedLedgerStorage.processEntry(InterleavedLedgerStorage.java:521) [classes/:?]
	at org.apache.bookkeeper.bookie.InterleavedLedgerStorage.addEntry(InterleavedLedgerStorage.java:375) [classes/:?]
	at org.apache.bookkeeper.bookie.LedgerDescriptorImpl.addEntry(LedgerDescriptorImpl.java:156) [classes/:?]
	at org.apache.bookkeeper.bookie.BookieImpl.addEntryInternal(BookieImpl.java:1279) [classes/:?]
	at org.apache.bookkeeper.bookie.BookieImpl.addEntry(BookieImpl.java:1414) [classes/:?]
	at org.apache.bookkeeper.proto.WriteEntryProcessorV3.getAddResponse(WriteEntryProcessorV3.java:125) [classes/:?]
	at org.apache.bookkeeper.proto.WriteEntryProcessorV3.safeRun(WriteEntryProcessorV3.java:165) [classes/:?]
	at org.apache.bookkeeper.common.util.SafeRunnable.run(SafeRunnable.java:36) [classes/:?]
	at org.apache.bookkeeper.common.util.OrderedExecutor$TimedRunnable.run(OrderedExecutor.java:203) [classes/:?]
	at java.util.concurrent.ThreadPoolExecutor.runWorker(ThreadPoolExecutor.java:1149) [?:1.8.0_292]
	at java.util.concurrent.ThreadPoolExecutor$Worker.run(ThreadPoolExecutor.java:624) [?:1.8.0_292]
	at io.netty.util.concurrent.FastThreadLocalRunnable.run(FastThreadLocalRunnable.java:30) [netty-common-4.1.68.Final.jar:4.1.68.Final]
	at java.lang.Thread.run(Thread.java:748) [?:1.8.0_292]
17:23:01.654 [BookieWriteThreadPool-OrderedExecutor-0-0] ERROR org.apache.bookkeeper.proto.WriteEntryProcessorV3 - Error writing entry:10 to ledger:0
java.io.IOException: org.apache.bookkeeper.bookie.LedgerDirsManager$NoWritableLedgerDirException: All ledger directories are non writable and no reserved space (9223372036854775807) left.
	at org.apache.bookkeeper.bookie.BookieImpl.addEntry(BookieImpl.java:1419) ~[classes/:?]
	at org.apache.bookkeeper.proto.WriteEntryProcessorV3.getAddResponse(WriteEntryProcessorV3.java:125) [classes/:?]
	at org.apache.bookkeeper.proto.WriteEntryProcessorV3.safeRun(WriteEntryProcessorV3.java:165) [classes/:?]
	at org.apache.bookkeeper.common.util.SafeRunnable.run(SafeRunnable.java:36) [classes/:?]
	at org.apache.bookkeeper.common.util.OrderedExecutor$TimedRunnable.run(OrderedExecutor.java:203) [classes/:?]
	at java.util.concurrent.ThreadPoolExecutor.runWorker(ThreadPoolExecutor.java:1149) [?:1.8.0_292]
	at java.util.concurrent.ThreadPoolExecutor$Worker.run(ThreadPoolExecutor.java:624) [?:1.8.0_292]
	at io.netty.util.concurrent.FastThreadLocalRunnable.run(FastThreadLocalRunnable.java:30) [netty-common-4.1.68.Final.jar:4.1.68.Final]
	at java.lang.Thread.run(Thread.java:748) [?:1.8.0_292]
Caused by: org.apache.bookkeeper.bookie.LedgerDirsManager$NoWritableLedgerDirException: All ledger directories are non writable and no reserved space (9223372036854775807) left.
	at org.apache.bookkeeper.bookie.LedgerDirsManager.getDirsAboveUsableThresholdSize(LedgerDirsManager.java:203) ~[classes/:?]
	at org.apache.bookkeeper.bookie.LedgerDirsManager.getWritableLedgerDirsForNewLog(LedgerDirsManager.java:179) ~[classes/:?]
	at org.apache.bookkeeper.bookie.EntryLogManagerBase.selectDirForNextEntryLog(EntryLogManagerBase.java:175) ~[classes/:?]
	at org.apache.bookkeeper.bookie.EntryLogManagerBase.createNewLog(EntryLogManagerBase.java:161) ~[classes/:?]
	at org.apache.bookkeeper.bookie.EntryLogManagerForSingleEntryLog.getCurrentLogForLedgerForAddEntry(EntryLogManagerForSingleEntryLog.java:106) ~[classes/:?]
	at org.apache.bookkeeper.bookie.EntryLogManagerBase.addEntry(EntryLogManagerBase.java:72) ~[classes/:?]
	at org.apache.bookkeeper.bookie.EntryLogManagerForSingleEntryLog.addEntry(EntryLogManagerForSingleEntryLog.java:87) ~[classes/:?]
	at org.apache.bookkeeper.bookie.EntryLogger.addEntry(EntryLogger.java:626) ~[classes/:?]
	at org.apache.bookkeeper.bookie.InterleavedLedgerStorage.processEntry(InterleavedLedgerStorage.java:534) ~[classes/:?]
	at org.apache.bookkeeper.bookie.InterleavedLedgerStorage.processEntry(InterleavedLedgerStorage.java:521) ~[classes/:?]
	at org.apache.bookkeeper.bookie.InterleavedLedgerStorage.addEntry(InterleavedLedgerStorage.java:375) ~[classes/:?]
	at org.apache.bookkeeper.bookie.LedgerDescriptorImpl.addEntry(LedgerDescriptorImpl.java:156) ~[classes/:?]
	at org.apache.bookkeeper.bookie.BookieImpl.addEntryInternal(BookieImpl.java:1279) ~[classes/:?]
	at org.apache.bookkeeper.bookie.BookieImpl.addEntry(BookieImpl.java:1414) ~[classes/:?]
	... 8 more
17:23:01.656 [BookKeeperClientWorker-OrderedExecutor-0-0] ERROR org.apache.bookkeeper.proto.PerChannelBookieClient - Add for failed on bookie 127.0.0.1:33479 code EIO
17:23:01.657 [BookKeeperClientWorker-OrderedExecutor-0-0] ERROR org.apache.bookkeeper.client.MetadataUpdateLoop - UpdateLoop(ledgerId=0,loopId=45f07a2f) Exception updating
org.apache.bookkeeper.client.BKException$BKNotEnoughBookiesException: Not enough non-faulty bookies available
	at org.apache.bookkeeper.client.RackawareEnsemblePlacementPolicyImpl.selectRandomInternal(RackawareEnsemblePlacementPolicyImpl.java:780) ~[classes/:?]
	at org.apache.bookkeeper.client.RackawareEnsemblePlacementPolicyImpl.selectRandom(RackawareEnsemblePlacementPolicyImpl.java:698) ~[classes/:?]
	at org.apache.bookkeeper.client.RackawareEnsemblePlacementPolicyImpl.selectFromNetworkLocation(RackawareEnsemblePlacementPolicyImpl.java:587) ~[classes/:?]
	at org.apache.bookkeeper.client.RackawareEnsemblePlacementPolicy.selectFromNetworkLocation(RackawareEnsemblePlacementPolicy.java:206) ~[classes/:?]
	at org.apache.bookkeeper.client.RackawareEnsemblePlacementPolicyImpl.selectFromNetworkLocation(RackawareEnsemblePlacementPolicyImpl.java:547) ~[classes/:?]
	at org.apache.bookkeeper.client.RackawareEnsemblePlacementPolicy.selectFromNetworkLocation(RackawareEnsemblePlacementPolicy.java:227) ~[classes/:?]
	at org.apache.bookkeeper.client.RackawareEnsemblePlacementPolicyImpl.replaceBookie(RackawareEnsemblePlacementPolicyImpl.java:475) ~[classes/:?]
	at org.apache.bookkeeper.client.RackawareEnsemblePlacementPolicy.replaceBookie(RackawareEnsemblePlacementPolicy.java:120) ~[classes/:?]
	at org.apache.bookkeeper.client.BookieWatcherImpl.replaceBookie(BookieWatcherImpl.java:334) ~[classes/:?]
	at org.apache.bookkeeper.client.EnsembleUtils.replaceBookiesInEnsemble(EnsembleUtils.java:71) ~[classes/:?]
	at org.apache.bookkeeper.client.LedgerHandle.lambda$ensembleChangeLoop$2(LedgerHandle.java:1935) ~[classes/:?]
	at org.apache.bookkeeper.client.MetadataUpdateLoop.writeLoop(MetadataUpdateLoop.java:134) [classes/:?]
	at org.apache.bookkeeper.client.MetadataUpdateLoop.run(MetadataUpdateLoop.java:123) [classes/:?]
	at org.apache.bookkeeper.client.LedgerHandle.ensembleChangeLoop(LedgerHandle.java:1954) [classes/:?]
	at org.apache.bookkeeper.client.LedgerHandle.handleBookieFailure(LedgerHandle.java:1903) [classes/:?]
	at org.apache.bookkeeper.client.PendingAddOp.writeComplete(PendingAddOp.java:378) [classes/:?]
	at org.apache.bookkeeper.proto.PerChannelBookieClient$AddCompletion.writeComplete(PerChannelBookieClient.java:2159) [classes/:?]
	at org.apache.bookkeeper.proto.PerChannelBookieClient$AddCompletion.handleResponse(PerChannelBookieClient.java:2216) [classes/:?]
	at org.apache.bookkeeper.proto.PerChannelBookieClient$AddCompletion.handleV3Response(PerChannelBookieClient.java:2205) [classes/:?]
	at org.apache.bookkeeper.proto.PerChannelBookieClient$3.safeRun(PerChannelBookieClient.java:1473) [classes/:?]
	at org.apache.bookkeeper.common.util.SafeRunnable.run(SafeRunnable.java:36) [classes/:?]
	at java.util.concurrent.ThreadPoolExecutor.runWorker(ThreadPoolExecutor.java:1149) [?:1.8.0_292]
	at java.util.concurrent.ThreadPoolExecutor$Worker.run(ThreadPoolExecutor.java:624) [?:1.8.0_292]
	at io.netty.util.concurrent.FastThreadLocalRunnable.run(FastThreadLocalRunnable.java:30) [netty-common-4.1.68.Final.jar:4.1.68.Final]
	at java.lang.Thread.run(Thread.java:748) [?:1.8.0_292]
17:23:01.658 [BookKeeperClientWorker-OrderedExecutor-0-0] ERROR org.apache.bookkeeper.client.LedgerHandle - Closing ledger 0 due to NotEnoughBookiesException: Not enough non-faulty bookies available
17:23:01.661 [BookKeeperClientWorker-OrderedExecutor-0-0] ERROR org.apache.bookkeeper.client.PendingAddOp - Write of ledger entry to quorum failed: L0 E10
17:23:01.808 [pool-66-thread-1] ERROR org.apache.zookeeper.server.NIOServerCnxnFactory - Thread Thread[pool-66-thread-1,5,FailOnTimeoutGroup] died
java.lang.NullPointerException: null
	at org.apache.bookkeeper.bookie.EntryLoggerAllocator.closePreAllocateLog(EntryLoggerAllocator.java:191) ~[classes/:?]
	at java.util.concurrent.ThreadPoolExecutor.runWorker(ThreadPoolExecutor.java:1149) ~[?:1.8.0_292]
	at java.util.concurrent.ThreadPoolExecutor$Worker.run(ThreadPoolExecutor.java:624) ~[?:1.8.0_292]
	at java.lang.Thread.run(Thread.java:748) [?:1.8.0_292]
17:23:01.926 [SyncThread-105-1] ERROR org.apache.bookkeeper.bookie.LedgerDirsManager - All ledger directories are non writable and no reserved space (9223372036854775807) left.
org.apache.bookkeeper.bookie.LedgerDirsManager$NoWritableLedgerDirException: All ledger directories are non writable and no reserved space (9223372036854775807) left.
	at org.apache.bookkeeper.bookie.LedgerDirsManager.getDirsAboveUsableThresholdSize(LedgerDirsManager.java:203) ~[classes/:?]
	at org.apache.bookkeeper.bookie.LedgerDirsManager.getWritableLedgerDirsForNewLog(LedgerDirsManager.java:179) ~[classes/:?]
	at org.apache.bookkeeper.bookie.Journal$LastLogMark.rollLog(Journal.java:206) ~[classes/:?]
	at org.apache.bookkeeper.bookie.Journal.checkpointComplete(Journal.java:750) ~[classes/:?]
	at org.apache.bookkeeper.bookie.CheckpointSourceList$CheckpointList.checkpointComplete(CheckpointSourceList.java:71) ~[classes/:?]
	at org.apache.bookkeeper.bookie.CheckpointSourceList$CheckpointList.access$100(CheckpointSourceList.java:57) ~[classes/:?]
	at org.apache.bookkeeper.bookie.CheckpointSourceList.checkpointComplete(CheckpointSourceList.java:54) ~[classes/:?]
	at org.apache.bookkeeper.bookie.SyncThread.flush(SyncThread.java:137) ~[classes/:?]
	at org.apache.bookkeeper.bookie.SyncThread.lambda$requestFlush$1(SyncThread.java:111) ~[classes/:?]
	at java.util.concurrent.Executors$RunnableAdapter.call(Executors.java:511) [?:1.8.0_292]
	at java.util.concurrent.FutureTask.run(FutureTask.java:266) [?:1.8.0_292]
	at java.util.concurrent.ScheduledThreadPoolExecutor$ScheduledFutureTask.access$201(ScheduledThreadPoolExecutor.java:180) [?:1.8.0_292]
	at java.util.concurrent.ScheduledThreadPoolExecutor$ScheduledFutureTask.run(ScheduledThreadPoolExecutor.java:293) [?:1.8.0_292]
	at java.util.concurrent.ThreadPoolExecutor.runWorker(ThreadPoolExecutor.java:1149) [?:1.8.0_292]
	at java.util.concurrent.ThreadPoolExecutor$Worker.run(ThreadPoolExecutor.java:624) [?:1.8.0_292]
	at io.netty.util.concurrent.FastThreadLocalRunnable.run(FastThreadLocalRunnable.java:30) [netty-common-4.1.68.Final.jar:4.1.68.Final]
	at java.lang.Thread.run(Thread.java:748) [?:1.8.0_292]
17:23:01.927 [SyncThread-105-1] ERROR org.apache.bookkeeper.bookie.SyncThread - Exception marking checkpoint as complete
org.apache.bookkeeper.bookie.LedgerDirsManager$NoWritableLedgerDirException: All ledger directories are non writable and no reserved space (9223372036854775807) left.
	at org.apache.bookkeeper.bookie.LedgerDirsManager.getDirsAboveUsableThresholdSize(LedgerDirsManager.java:203) ~[classes/:?]
	at org.apache.bookkeeper.bookie.LedgerDirsManager.getWritableLedgerDirsForNewLog(LedgerDirsManager.java:179) ~[classes/:?]
	at org.apache.bookkeeper.bookie.Journal$LastLogMark.rollLog(Journal.java:206) ~[classes/:?]
	at org.apache.bookkeeper.bookie.Journal.checkpointComplete(Journal.java:750) ~[classes/:?]
	at org.apache.bookkeeper.bookie.CheckpointSourceList$CheckpointList.checkpointComplete(CheckpointSourceList.java:71) ~[classes/:?]
	at org.apache.bookkeeper.bookie.CheckpointSourceList$CheckpointList.access$100(CheckpointSourceList.java:57) ~[classes/:?]
	at org.apache.bookkeeper.bookie.CheckpointSourceList.checkpointComplete(CheckpointSourceList.java:54) ~[classes/:?]
	at org.apache.bookkeeper.bookie.SyncThread.flush(SyncThread.java:137) ~[classes/:?]
	at org.apache.bookkeeper.bookie.SyncThread.lambda$requestFlush$1(SyncThread.java:111) ~[classes/:?]
	at java.util.concurrent.Executors$RunnableAdapter.call(Executors.java:511) [?:1.8.0_292]
	at java.util.concurrent.FutureTask.run(FutureTask.java:266) [?:1.8.0_292]
	at java.util.concurrent.ScheduledThreadPoolExecutor$ScheduledFutureTask.access$201(ScheduledThreadPoolExecutor.java:180) [?:1.8.0_292]
	at java.util.concurrent.ScheduledThreadPoolExecutor$ScheduledFutureTask.run(ScheduledThreadPoolExecutor.java:293) [?:1.8.0_292]
	at java.util.concurrent.ThreadPoolExecutor.runWorker(ThreadPoolExecutor.java:1149) [?:1.8.0_292]
	at java.util.concurrent.ThreadPoolExecutor$Worker.run(ThreadPoolExecutor.java:624) [?:1.8.0_292]
	at io.netty.util.concurrent.FastThreadLocalRunnable.run(FastThreadLocalRunnable.java:30) [netty-common-4.1.68.Final.jar:4.1.68.Final]
	at java.lang.Thread.run(Thread.java:748) [?:1.8.0_292]
17:23:01.930 [pool-72-thread-1] ERROR org.apache.zookeeper.server.NIOServerCnxnFactory - Thread Thread[pool-72-thread-1,5,FailOnTimeoutGroup] died
java.lang.NullPointerException: null
	at org.apache.bookkeeper.bookie.EntryLoggerAllocator.closePreAllocateLog(EntryLoggerAllocator.java:191) ~[classes/:?]
	at java.util.concurrent.ThreadPoolExecutor.runWorker(ThreadPoolExecutor.java:1149) ~[?:1.8.0_292]
	at java.util.concurrent.ThreadPoolExecutor$Worker.run(ThreadPoolExecutor.java:624) ~[?:1.8.0_292]
	at java.lang.Thread.run(Thread.java:748) [?:1.8.0_292]
]]></system-out>
    </flakyFailure>
  </testcase>
  <testcase name="testBookieContinueWritingIfMultipleLedgersPresent" classname="org.apache.bookkeeper.test.ReadOnlyBookieTest" time="1.684">
    <flakyError message="Not enough non-faulty bookies available" type="org.apache.bookkeeper.client.BKException$BKNotEnoughBookiesException">
      <stackTrace><![CDATA[org.apache.bookkeeper.client.BKException$BKNotEnoughBookiesException: Not enough non-faulty bookies available
	at org.apache.bookkeeper.client.SyncCallbackUtils.finish(SyncCallbackUtils.java:83)
	at org.apache.bookkeeper.client.SyncCallbackUtils$SyncAddCallback.addComplete(SyncCallbackUtils.java:251)
	at org.apache.bookkeeper.client.AsyncCallback$AddCallback.addCompleteWithLatency(AsyncCallback.java:92)
	at org.apache.bookkeeper.client.PendingAddOp.submitCallback(PendingAddOp.java:431)
	at org.apache.bookkeeper.client.LedgerHandle.errorOutPendingAdds(LedgerHandle.java:1799)
	at org.apache.bookkeeper.client.LedgerHandle$5.safeRun(LedgerHandle.java:574)
	at org.apache.bookkeeper.common.util.SafeRunnable.run(SafeRunnable.java:36)
	at java.util.concurrent.ThreadPoolExecutor.runWorker(ThreadPoolExecutor.java:1149)
	at java.util.concurrent.ThreadPoolExecutor$Worker.run(ThreadPoolExecutor.java:624)
	at io.netty.util.concurrent.FastThreadLocalRunnable.run(FastThreadLocalRunnable.java:30)
	at java.lang.Thread.run(Thread.java:748)
]]></stackTrace>
      <system-out><![CDATA[17:23:02.186 [Time-limited test] ERROR org.apache.bookkeeper.client.RackawareEnsemblePlacementPolicyImpl - Failed to initialize DNS Resolver org.apache.bookkeeper.net.ScriptBasedMapping, used default subnet resolver 
java.lang.RuntimeException: No network topology script is found when using script based DNS resolver.
	at org.apache.bookkeeper.net.ScriptBasedMapping$RawScriptBasedMapping.validateConf(ScriptBasedMapping.java:163) ~[classes/:?]
	at org.apache.bookkeeper.net.AbstractDNSToSwitchMapping.setConf(AbstractDNSToSwitchMapping.java:81) ~[classes/:?]
	at org.apache.bookkeeper.net.ScriptBasedMapping.setConf(ScriptBasedMapping.java:123) ~[classes/:?]
	at org.apache.bookkeeper.client.RackawareEnsemblePlacementPolicyImpl.initialize(RackawareEnsemblePlacementPolicyImpl.java:265) [classes/:?]
	at org.apache.bookkeeper.client.RackawareEnsemblePlacementPolicyImpl.initialize(RackawareEnsemblePlacementPolicyImpl.java:80) [classes/:?]
	at org.apache.bookkeeper.client.BookKeeper.initializeEnsemblePlacementPolicy(BookKeeper.java:581) [classes/:?]
	at org.apache.bookkeeper.client.BookKeeper.<init>(BookKeeper.java:505) [classes/:?]
	at org.apache.bookkeeper.client.BookKeeperTestClient.<init>(BookKeeperTestClient.java:51) [test-classes/:?]
	at org.apache.bookkeeper.test.BookKeeperClusterTestCase.startBKCluster(BookKeeperClusterTestCase.java:247) [test-classes/:?]
	at org.apache.bookkeeper.test.BookKeeperClusterTestCase.setUp(BookKeeperClusterTestCase.java:160) [test-classes/:?]
	at org.apache.bookkeeper.test.BookKeeperClusterTestCase.setUp(BookKeeperClusterTestCase.java:145) [test-classes/:?]
	at sun.reflect.NativeMethodAccessorImpl.invoke0(Native Method) ~[?:1.8.0_292]
	at sun.reflect.NativeMethodAccessorImpl.invoke(NativeMethodAccessorImpl.java:62) ~[?:1.8.0_292]
	at sun.reflect.DelegatingMethodAccessorImpl.invoke(DelegatingMethodAccessorImpl.java:43) ~[?:1.8.0_292]
	at java.lang.reflect.Method.invoke(Method.java:498) ~[?:1.8.0_292]
	at org.junit.runners.model.FrameworkMethod$1.runReflectiveCall(FrameworkMethod.java:50) [junit-4.12.jar:4.12]
	at org.junit.internal.runners.model.ReflectiveCallable.run(ReflectiveCallable.java:12) [junit-4.12.jar:4.12]
	at org.junit.runners.model.FrameworkMethod.invokeExplosively(FrameworkMethod.java:47) [junit-4.12.jar:4.12]
	at org.junit.internal.runners.statements.RunBefores.evaluate(RunBefores.java:24) [junit-4.12.jar:4.12]
	at org.junit.internal.runners.statements.RunAfters.evaluate(RunAfters.java:27) [junit-4.12.jar:4.12]
	at org.junit.internal.runners.statements.FailOnTimeout$CallableStatement.call(FailOnTimeout.java:298) [junit-4.12.jar:4.12]
	at org.junit.internal.runners.statements.FailOnTimeout$CallableStatement.call(FailOnTimeout.java:292) [junit-4.12.jar:4.12]
	at java.util.concurrent.FutureTask.run(FutureTask.java:266) [?:1.8.0_292]
	at java.lang.Thread.run(Thread.java:748) [?:1.8.0_292]
17:23:02.207 [Time-limited test] ERROR org.apache.bookkeeper.bookie.Journal - Problems reading from /tmp/bookie8375298585015695132test/current/lastMark (this is okay if it is the first time starting this bookie
17:23:02.511 [Time-limited test] ERROR org.apache.bookkeeper.bookie.Journal - Problems reading from /tmp/bookie8572899116617004947test/current/lastMark (this is okay if it is the first time starting this bookie
17:23:03.036 [Time-limited test] ERROR org.apache.bookkeeper.bookie.Journal - Problems reading from /tmp/bookie2379399182302630548test/current/lastMark (this is okay if it is the first time starting this bookie
17:23:03.036 [Time-limited test] ERROR org.apache.bookkeeper.bookie.Journal - Problems reading from /tmp/bookie8180456393422968314test/current/lastMark (this is okay if it is the first time starting this bookie
17:23:03.453 [BookieWriteThreadPool-OrderedExecutor-0-0] ERROR org.apache.bookkeeper.proto.WriteEntryProcessorV3 - Error writing entry:13 to ledger:0
org.apache.bookkeeper.bookie.FileInfo$FileInfoDeletedException: FileInfo already deleted
	at org.apache.bookkeeper.bookie.FileInfo.checkOpen(FileInfo.java:284) ~[classes/:?]
	at org.apache.bookkeeper.bookie.FileInfo.checkOpen(FileInfo.java:278) ~[classes/:?]
	at org.apache.bookkeeper.bookie.FileInfo.isFenced(FileInfo.java:346) ~[classes/:?]
	at org.apache.bookkeeper.bookie.IndexPersistenceMgr.isFenced(IndexPersistenceMgr.java:441) ~[classes/:?]
	at org.apache.bookkeeper.bookie.LedgerCacheImpl.isFenced(LedgerCacheImpl.java:159) ~[classes/:?]
	at org.apache.bookkeeper.bookie.InterleavedLedgerStorage.isFenced(InterleavedLedgerStorage.java:306) ~[classes/:?]
	at org.apache.bookkeeper.bookie.LedgerDescriptorImpl.isFenced(LedgerDescriptorImpl.java:78) ~[classes/:?]
	at org.apache.bookkeeper.bookie.BookieImpl.addEntry(BookieImpl.java:1409) ~[classes/:?]
	at org.apache.bookkeeper.proto.WriteEntryProcessorV3.getAddResponse(WriteEntryProcessorV3.java:125) [classes/:?]
	at org.apache.bookkeeper.proto.WriteEntryProcessorV3.safeRun(WriteEntryProcessorV3.java:165) [classes/:?]
	at org.apache.bookkeeper.common.util.SafeRunnable.run(SafeRunnable.java:36) [classes/:?]
	at org.apache.bookkeeper.common.util.OrderedExecutor$TimedRunnable.run(OrderedExecutor.java:203) [classes/:?]
	at java.util.concurrent.ThreadPoolExecutor.runWorker(ThreadPoolExecutor.java:1149) [?:1.8.0_292]
	at java.util.concurrent.ThreadPoolExecutor$Worker.run(ThreadPoolExecutor.java:624) [?:1.8.0_292]
	at io.netty.util.concurrent.FastThreadLocalRunnable.run(FastThreadLocalRunnable.java:30) [netty-common-4.1.68.Final.jar:4.1.68.Final]
	at java.lang.Thread.run(Thread.java:748) [?:1.8.0_292]
17:23:03.455 [BookKeeperClientWorker-OrderedExecutor-0-0] ERROR org.apache.bookkeeper.proto.PerChannelBookieClient - Add for failed on bookie 127.0.0.1:15000 code EIO
17:23:03.456 [BookKeeperClientWorker-OrderedExecutor-0-0] ERROR org.apache.bookkeeper.client.MetadataUpdateLoop - UpdateLoop(ledgerId=0,loopId=0c9fd6de) Exception updating
org.apache.bookkeeper.client.BKException$BKNotEnoughBookiesException: Not enough non-faulty bookies available
	at org.apache.bookkeeper.client.RackawareEnsemblePlacementPolicyImpl.selectRandomInternal(RackawareEnsemblePlacementPolicyImpl.java:780) ~[classes/:?]
	at org.apache.bookkeeper.client.RackawareEnsemblePlacementPolicyImpl.selectRandom(RackawareEnsemblePlacementPolicyImpl.java:698) ~[classes/:?]
	at org.apache.bookkeeper.client.RackawareEnsemblePlacementPolicyImpl.selectFromNetworkLocation(RackawareEnsemblePlacementPolicyImpl.java:587) ~[classes/:?]
	at org.apache.bookkeeper.client.RackawareEnsemblePlacementPolicy.selectFromNetworkLocation(RackawareEnsemblePlacementPolicy.java:206) ~[classes/:?]
	at org.apache.bookkeeper.client.RackawareEnsemblePlacementPolicyImpl.selectFromNetworkLocation(RackawareEnsemblePlacementPolicyImpl.java:547) ~[classes/:?]
	at org.apache.bookkeeper.client.RackawareEnsemblePlacementPolicy.selectFromNetworkLocation(RackawareEnsemblePlacementPolicy.java:227) ~[classes/:?]
	at org.apache.bookkeeper.client.RackawareEnsemblePlacementPolicyImpl.replaceBookie(RackawareEnsemblePlacementPolicyImpl.java:475) ~[classes/:?]
	at org.apache.bookkeeper.client.RackawareEnsemblePlacementPolicy.replaceBookie(RackawareEnsemblePlacementPolicy.java:120) ~[classes/:?]
	at org.apache.bookkeeper.client.BookieWatcherImpl.replaceBookie(BookieWatcherImpl.java:334) ~[classes/:?]
	at org.apache.bookkeeper.client.EnsembleUtils.replaceBookiesInEnsemble(EnsembleUtils.java:71) ~[classes/:?]
	at org.apache.bookkeeper.client.LedgerHandle.lambda$ensembleChangeLoop$2(LedgerHandle.java:1935) ~[classes/:?]
	at org.apache.bookkeeper.client.MetadataUpdateLoop.writeLoop(MetadataUpdateLoop.java:134) [classes/:?]
	at org.apache.bookkeeper.client.MetadataUpdateLoop.run(MetadataUpdateLoop.java:123) [classes/:?]
	at org.apache.bookkeeper.client.LedgerHandle.ensembleChangeLoop(LedgerHandle.java:1954) [classes/:?]
	at org.apache.bookkeeper.client.LedgerHandle.handleBookieFailure(LedgerHandle.java:1903) [classes/:?]
	at org.apache.bookkeeper.client.PendingAddOp.writeComplete(PendingAddOp.java:378) [classes/:?]
	at org.apache.bookkeeper.proto.PerChannelBookieClient$AddCompletion.writeComplete(PerChannelBookieClient.java:2159) [classes/:?]
	at org.apache.bookkeeper.proto.PerChannelBookieClient$AddCompletion.handleResponse(PerChannelBookieClient.java:2216) [classes/:?]
	at org.apache.bookkeeper.proto.PerChannelBookieClient$AddCompletion.handleV3Response(PerChannelBookieClient.java:2205) [classes/:?]
	at org.apache.bookkeeper.proto.PerChannelBookieClient$3.safeRun(PerChannelBookieClient.java:1473) [classes/:?]
	at org.apache.bookkeeper.common.util.SafeRunnable.run(SafeRunnable.java:36) [classes/:?]
	at java.util.concurrent.ThreadPoolExecutor.runWorker(ThreadPoolExecutor.java:1149) [?:1.8.0_292]
	at java.util.concurrent.ThreadPoolExecutor$Worker.run(ThreadPoolExecutor.java:624) [?:1.8.0_292]
	at io.netty.util.concurrent.FastThreadLocalRunnable.run(FastThreadLocalRunnable.java:30) [netty-common-4.1.68.Final.jar:4.1.68.Final]
	at java.lang.Thread.run(Thread.java:748) [?:1.8.0_292]
17:23:03.456 [BookKeeperClientWorker-OrderedExecutor-0-0] ERROR org.apache.bookkeeper.client.LedgerHandle - Closing ledger 0 due to NotEnoughBookiesException: Not enough non-faulty bookies available
17:23:03.457 [BookKeeperClientWorker-OrderedExecutor-0-0] ERROR org.apache.bookkeeper.client.PendingAddOp - Write of ledger entry to quorum failed: L0 E13
17:23:03.458 [Time-limited test] ERROR org.apache.bookkeeper.client.MetadataUpdateLoop - UpdateLoop(ledgerId=0,loopId=0bf25f02) Error writing metadata to store
org.apache.bookkeeper.client.BKException$BKClientClosedException: BookKeeper client is closed
	at org.apache.bookkeeper.meta.CleanupLedgerManager.close(CleanupLedgerManager.java:245) [classes/:?]
	at org.apache.bookkeeper.client.BookKeeper.close(BookKeeper.java:1439) [classes/:?]
	at org.apache.bookkeeper.test.BookKeeperClusterTestCase.stopBKCluster(BookKeeperClusterTestCase.java:264) [test-classes/:?]
	at org.apache.bookkeeper.test.BookKeeperClusterTestCase.tearDown(BookKeeperClusterTestCase.java:186) [test-classes/:?]
	at sun.reflect.NativeMethodAccessorImpl.invoke0(Native Method) ~[?:1.8.0_292]
	at sun.reflect.NativeMethodAccessorImpl.invoke(NativeMethodAccessorImpl.java:62) ~[?:1.8.0_292]
	at sun.reflect.DelegatingMethodAccessorImpl.invoke(DelegatingMethodAccessorImpl.java:43) ~[?:1.8.0_292]
	at java.lang.reflect.Method.invoke(Method.java:498) ~[?:1.8.0_292]
	at org.junit.runners.model.FrameworkMethod$1.runReflectiveCall(FrameworkMethod.java:50) [junit-4.12.jar:4.12]
	at org.junit.internal.runners.model.ReflectiveCallable.run(ReflectiveCallable.java:12) [junit-4.12.jar:4.12]
	at org.junit.runners.model.FrameworkMethod.invokeExplosively(FrameworkMethod.java:47) [junit-4.12.jar:4.12]
	at org.junit.internal.runners.statements.RunAfters.evaluate(RunAfters.java:33) [junit-4.12.jar:4.12]
	at org.junit.internal.runners.statements.FailOnTimeout$CallableStatement.call(FailOnTimeout.java:298) [junit-4.12.jar:4.12]
	at org.junit.internal.runners.statements.FailOnTimeout$CallableStatement.call(FailOnTimeout.java:292) [junit-4.12.jar:4.12]
	at java.util.concurrent.FutureTask.run(FutureTask.java:266) [?:1.8.0_292]
	at java.lang.Thread.run(Thread.java:748) [?:1.8.0_292]
17:23:03.596 [pool-84-thread-1] ERROR org.apache.zookeeper.server.NIOServerCnxnFactory - Thread Thread[pool-84-thread-1,5,FailOnTimeoutGroup] died
java.lang.NullPointerException: null
	at org.apache.bookkeeper.bookie.EntryLoggerAllocator.closePreAllocateLog(EntryLoggerAllocator.java:191) ~[classes/:?]
	at java.util.concurrent.ThreadPoolExecutor.runWorker(ThreadPoolExecutor.java:1149) ~[?:1.8.0_292]
	at java.util.concurrent.ThreadPoolExecutor$Worker.run(ThreadPoolExecutor.java:624) ~[?:1.8.0_292]
	at java.lang.Thread.run(Thread.java:748) [?:1.8.0_292]
17:23:03.720 [Time-limited test] ERROR org.apache.bookkeeper.bookie.InterleavedLedgerStorage - Error while closing the ledger cache
org.apache.bookkeeper.bookie.FileInfo$FileInfoDeletedException: FileInfo already deleted
	at org.apache.bookkeeper.bookie.FileInfo.checkOpen(FileInfo.java:284) ~[classes/:?]
	at org.apache.bookkeeper.bookie.FileInfo.close(FileInfo.java:459) ~[classes/:?]
	at org.apache.bookkeeper.bookie.FileInfoBackingCache.lambda$closeAllWithoutFlushing$0(FileInfoBackingCache.java:117) ~[classes/:?]
	at org.apache.bookkeeper.util.collections.ConcurrentLongHashMap$Section.forEach(ConcurrentLongHashMap.java:485) ~[classes/:?]
	at org.apache.bookkeeper.util.collections.ConcurrentLongHashMap.forEach(ConcurrentLongHashMap.java:186) ~[classes/:?]
	at org.apache.bookkeeper.bookie.FileInfoBackingCache.closeAllWithoutFlushing(FileInfoBackingCache.java:115) ~[classes/:?]
	at org.apache.bookkeeper.bookie.IndexPersistenceMgr.close(IndexPersistenceMgr.java:346) ~[classes/:?]
	at org.apache.bookkeeper.bookie.LedgerCacheImpl.close(LedgerCacheImpl.java:184) ~[classes/:?]
	at org.apache.bookkeeper.bookie.InterleavedLedgerStorage.shutdown(InterleavedLedgerStorage.java:292) [classes/:?]
	at org.apache.bookkeeper.bookie.BookieImpl.shutdown(BookieImpl.java:1218) [classes/:?]
	at org.apache.bookkeeper.bookie.BookieImpl.shutdown(BookieImpl.java:1187) [classes/:?]
	at org.apache.bookkeeper.proto.BookieServer.shutdown(BookieServer.java:223) [classes/:?]
	at org.apache.bookkeeper.test.BookKeeperClusterTestCase$ServerTester.shutdown(BookKeeperClusterTestCase.java:874) [test-classes/:?]
	at org.apache.bookkeeper.test.BookKeeperClusterTestCase.stopBKCluster(BookKeeperClusterTestCase.java:268) [test-classes/:?]
	at org.apache.bookkeeper.test.BookKeeperClusterTestCase.tearDown(BookKeeperClusterTestCase.java:186) [test-classes/:?]
	at sun.reflect.NativeMethodAccessorImpl.invoke0(Native Method) ~[?:1.8.0_292]
	at sun.reflect.NativeMethodAccessorImpl.invoke(NativeMethodAccessorImpl.java:62) ~[?:1.8.0_292]
	at sun.reflect.DelegatingMethodAccessorImpl.invoke(DelegatingMethodAccessorImpl.java:43) ~[?:1.8.0_292]
	at java.lang.reflect.Method.invoke(Method.java:498) ~[?:1.8.0_292]
	at org.junit.runners.model.FrameworkMethod$1.runReflectiveCall(FrameworkMethod.java:50) [junit-4.12.jar:4.12]
	at org.junit.internal.runners.model.ReflectiveCallable.run(ReflectiveCallable.java:12) [junit-4.12.jar:4.12]
	at org.junit.runners.model.FrameworkMethod.invokeExplosively(FrameworkMethod.java:47) [junit-4.12.jar:4.12]
	at org.junit.internal.runners.statements.RunAfters.evaluate(RunAfters.java:33) [junit-4.12.jar:4.12]
	at org.junit.internal.runners.statements.FailOnTimeout$CallableStatement.call(FailOnTimeout.java:298) [junit-4.12.jar:4.12]
	at org.junit.internal.runners.statements.FailOnTimeout$CallableStatement.call(FailOnTimeout.java:292) [junit-4.12.jar:4.12]
	at java.util.concurrent.FutureTask.run(FutureTask.java:266) [?:1.8.0_292]
	at java.lang.Thread.run(Thread.java:748) [?:1.8.0_292]
17:23:03.721 [pool-96-thread-1] ERROR org.apache.zookeeper.server.NIOServerCnxnFactory - Thread Thread[pool-96-thread-1,5,FailOnTimeoutGroup] died
java.lang.NullPointerException: null
	at org.apache.bookkeeper.bookie.EntryLoggerAllocator.closePreAllocateLog(EntryLoggerAllocator.java:191) ~[classes/:?]
	at java.util.concurrent.ThreadPoolExecutor.runWorker(ThreadPoolExecutor.java:1149) ~[?:1.8.0_292]
	at java.util.concurrent.ThreadPoolExecutor$Worker.run(ThreadPoolExecutor.java:624) ~[?:1.8.0_292]
	at java.lang.Thread.run(Thread.java:748) [?:1.8.0_292]
]]></system-out>
    </flakyError>
    <flakyError message="Not enough non-faulty bookies available" type="org.apache.bookkeeper.client.BKException$BKNotEnoughBookiesException">
      <stackTrace><![CDATA[org.apache.bookkeeper.client.BKException$BKNotEnoughBookiesException: Not enough non-faulty bookies available
	at org.apache.bookkeeper.client.SyncCallbackUtils.finish(SyncCallbackUtils.java:83)
	at org.apache.bookkeeper.client.SyncCallbackUtils$SyncAddCallback.addComplete(SyncCallbackUtils.java:251)
	at org.apache.bookkeeper.client.AsyncCallback$AddCallback.addCompleteWithLatency(AsyncCallback.java:92)
	at org.apache.bookkeeper.client.PendingAddOp.submitCallback(PendingAddOp.java:431)
	at org.apache.bookkeeper.client.LedgerHandle.errorOutPendingAdds(LedgerHandle.java:1799)
	at org.apache.bookkeeper.client.LedgerHandle$5.safeRun(LedgerHandle.java:574)
	at org.apache.bookkeeper.common.util.SafeRunnable.run(SafeRunnable.java:36)
	at java.util.concurrent.ThreadPoolExecutor.runWorker(ThreadPoolExecutor.java:1149)
	at java.util.concurrent.ThreadPoolExecutor$Worker.run(ThreadPoolExecutor.java:624)
	at io.netty.util.concurrent.FastThreadLocalRunnable.run(FastThreadLocalRunnable.java:30)
	at java.lang.Thread.run(Thread.java:748)
]]></stackTrace>
      <system-out><![CDATA[17:23:10.172 [Time-limited test] ERROR org.apache.bookkeeper.client.RackawareEnsemblePlacementPolicyImpl - Failed to initialize DNS Resolver org.apache.bookkeeper.net.ScriptBasedMapping, used default subnet resolver 
java.lang.RuntimeException: No network topology script is found when using script based DNS resolver.
	at org.apache.bookkeeper.net.ScriptBasedMapping$RawScriptBasedMapping.validateConf(ScriptBasedMapping.java:163) ~[classes/:?]
	at org.apache.bookkeeper.net.AbstractDNSToSwitchMapping.setConf(AbstractDNSToSwitchMapping.java:81) ~[classes/:?]
	at org.apache.bookkeeper.net.ScriptBasedMapping.setConf(ScriptBasedMapping.java:123) ~[classes/:?]
	at org.apache.bookkeeper.client.RackawareEnsemblePlacementPolicyImpl.initialize(RackawareEnsemblePlacementPolicyImpl.java:265) [classes/:?]
	at org.apache.bookkeeper.client.RackawareEnsemblePlacementPolicyImpl.initialize(RackawareEnsemblePlacementPolicyImpl.java:80) [classes/:?]
	at org.apache.bookkeeper.client.BookKeeper.initializeEnsemblePlacementPolicy(BookKeeper.java:581) [classes/:?]
	at org.apache.bookkeeper.client.BookKeeper.<init>(BookKeeper.java:505) [classes/:?]
	at org.apache.bookkeeper.client.BookKeeperTestClient.<init>(BookKeeperTestClient.java:51) [test-classes/:?]
	at org.apache.bookkeeper.test.BookKeeperClusterTestCase.startBKCluster(BookKeeperClusterTestCase.java:247) [test-classes/:?]
	at org.apache.bookkeeper.test.BookKeeperClusterTestCase.setUp(BookKeeperClusterTestCase.java:160) [test-classes/:?]
	at org.apache.bookkeeper.test.BookKeeperClusterTestCase.setUp(BookKeeperClusterTestCase.java:145) [test-classes/:?]
	at sun.reflect.NativeMethodAccessorImpl.invoke0(Native Method) ~[?:1.8.0_292]
	at sun.reflect.NativeMethodAccessorImpl.invoke(NativeMethodAccessorImpl.java:62) ~[?:1.8.0_292]
	at sun.reflect.DelegatingMethodAccessorImpl.invoke(DelegatingMethodAccessorImpl.java:43) ~[?:1.8.0_292]
	at java.lang.reflect.Method.invoke(Method.java:498) ~[?:1.8.0_292]
	at org.junit.runners.model.FrameworkMethod$1.runReflectiveCall(FrameworkMethod.java:50) [junit-4.12.jar:4.12]
	at org.junit.internal.runners.model.ReflectiveCallable.run(ReflectiveCallable.java:12) [junit-4.12.jar:4.12]
	at org.junit.runners.model.FrameworkMethod.invokeExplosively(FrameworkMethod.java:47) [junit-4.12.jar:4.12]
	at org.junit.internal.runners.statements.RunBefores.evaluate(RunBefores.java:24) [junit-4.12.jar:4.12]
	at org.junit.internal.runners.statements.RunAfters.evaluate(RunAfters.java:27) [junit-4.12.jar:4.12]
	at org.junit.internal.runners.statements.FailOnTimeout$CallableStatement.call(FailOnTimeout.java:298) [junit-4.12.jar:4.12]
	at org.junit.internal.runners.statements.FailOnTimeout$CallableStatement.call(FailOnTimeout.java:292) [junit-4.12.jar:4.12]
	at java.util.concurrent.FutureTask.run(FutureTask.java:266) [?:1.8.0_292]
	at java.lang.Thread.run(Thread.java:748) [?:1.8.0_292]
17:23:10.196 [Time-limited test] ERROR org.apache.bookkeeper.bookie.Journal - Problems reading from /tmp/bookie6094235280451779267test/current/lastMark (this is okay if it is the first time starting this bookie
17:23:10.481 [Time-limited test] ERROR org.apache.bookkeeper.bookie.Journal - Problems reading from /tmp/bookie7329389937918381704test/current/lastMark (this is okay if it is the first time starting this bookie
17:23:10.985 [Time-limited test] ERROR org.apache.bookkeeper.bookie.Journal - Problems reading from /tmp/bookie8523078886685729163test/current/lastMark (this is okay if it is the first time starting this bookie
17:23:10.985 [Time-limited test] ERROR org.apache.bookkeeper.bookie.Journal - Problems reading from /tmp/bookie7765909883286268268test/current/lastMark (this is okay if it is the first time starting this bookie
17:23:11.409 [BookieWriteThreadPool-OrderedExecutor-0-0] ERROR org.apache.bookkeeper.proto.WriteEntryProcessorV3 - Error writing entry:13 to ledger:0
org.apache.bookkeeper.bookie.FileInfo$FileInfoDeletedException: FileInfo already deleted
	at org.apache.bookkeeper.bookie.FileInfo.checkOpen(FileInfo.java:284) ~[classes/:?]
	at org.apache.bookkeeper.bookie.FileInfo.checkOpen(FileInfo.java:278) ~[classes/:?]
	at org.apache.bookkeeper.bookie.FileInfo.isFenced(FileInfo.java:346) ~[classes/:?]
	at org.apache.bookkeeper.bookie.IndexPersistenceMgr.isFenced(IndexPersistenceMgr.java:441) ~[classes/:?]
	at org.apache.bookkeeper.bookie.LedgerCacheImpl.isFenced(LedgerCacheImpl.java:159) ~[classes/:?]
	at org.apache.bookkeeper.bookie.InterleavedLedgerStorage.isFenced(InterleavedLedgerStorage.java:306) ~[classes/:?]
	at org.apache.bookkeeper.bookie.LedgerDescriptorImpl.isFenced(LedgerDescriptorImpl.java:78) ~[classes/:?]
	at org.apache.bookkeeper.bookie.BookieImpl.addEntry(BookieImpl.java:1409) ~[classes/:?]
	at org.apache.bookkeeper.proto.WriteEntryProcessorV3.getAddResponse(WriteEntryProcessorV3.java:125) [classes/:?]
	at org.apache.bookkeeper.proto.WriteEntryProcessorV3.safeRun(WriteEntryProcessorV3.java:165) [classes/:?]
	at org.apache.bookkeeper.common.util.SafeRunnable.run(SafeRunnable.java:36) [classes/:?]
	at org.apache.bookkeeper.common.util.OrderedExecutor$TimedRunnable.run(OrderedExecutor.java:203) [classes/:?]
	at java.util.concurrent.ThreadPoolExecutor.runWorker(ThreadPoolExecutor.java:1149) [?:1.8.0_292]
	at java.util.concurrent.ThreadPoolExecutor$Worker.run(ThreadPoolExecutor.java:624) [?:1.8.0_292]
	at io.netty.util.concurrent.FastThreadLocalRunnable.run(FastThreadLocalRunnable.java:30) [netty-common-4.1.68.Final.jar:4.1.68.Final]
	at java.lang.Thread.run(Thread.java:748) [?:1.8.0_292]
17:23:11.409 [BookKeeperClientWorker-OrderedExecutor-0-0] ERROR org.apache.bookkeeper.proto.PerChannelBookieClient - Add for failed on bookie 127.0.0.1:15001 code EIO
17:23:11.410 [BookKeeperClientWorker-OrderedExecutor-0-0] ERROR org.apache.bookkeeper.client.MetadataUpdateLoop - UpdateLoop(ledgerId=0,loopId=351c76da) Exception updating
org.apache.bookkeeper.client.BKException$BKNotEnoughBookiesException: Not enough non-faulty bookies available
	at org.apache.bookkeeper.client.RackawareEnsemblePlacementPolicyImpl.selectRandomInternal(RackawareEnsemblePlacementPolicyImpl.java:780) ~[classes/:?]
	at org.apache.bookkeeper.client.RackawareEnsemblePlacementPolicyImpl.selectRandom(RackawareEnsemblePlacementPolicyImpl.java:698) ~[classes/:?]
	at org.apache.bookkeeper.client.RackawareEnsemblePlacementPolicyImpl.selectFromNetworkLocation(RackawareEnsemblePlacementPolicyImpl.java:587) ~[classes/:?]
	at org.apache.bookkeeper.client.RackawareEnsemblePlacementPolicy.selectFromNetworkLocation(RackawareEnsemblePlacementPolicy.java:206) ~[classes/:?]
	at org.apache.bookkeeper.client.RackawareEnsemblePlacementPolicyImpl.selectFromNetworkLocation(RackawareEnsemblePlacementPolicyImpl.java:547) ~[classes/:?]
	at org.apache.bookkeeper.client.RackawareEnsemblePlacementPolicy.selectFromNetworkLocation(RackawareEnsemblePlacementPolicy.java:227) ~[classes/:?]
	at org.apache.bookkeeper.client.RackawareEnsemblePlacementPolicyImpl.replaceBookie(RackawareEnsemblePlacementPolicyImpl.java:475) ~[classes/:?]
	at org.apache.bookkeeper.client.RackawareEnsemblePlacementPolicy.replaceBookie(RackawareEnsemblePlacementPolicy.java:120) ~[classes/:?]
	at org.apache.bookkeeper.client.BookieWatcherImpl.replaceBookie(BookieWatcherImpl.java:334) ~[classes/:?]
	at org.apache.bookkeeper.client.EnsembleUtils.replaceBookiesInEnsemble(EnsembleUtils.java:71) ~[classes/:?]
	at org.apache.bookkeeper.client.LedgerHandle.lambda$ensembleChangeLoop$2(LedgerHandle.java:1935) ~[classes/:?]
	at org.apache.bookkeeper.client.MetadataUpdateLoop.writeLoop(MetadataUpdateLoop.java:134) [classes/:?]
	at org.apache.bookkeeper.client.MetadataUpdateLoop.run(MetadataUpdateLoop.java:123) [classes/:?]
	at org.apache.bookkeeper.client.LedgerHandle.ensembleChangeLoop(LedgerHandle.java:1954) [classes/:?]
	at org.apache.bookkeeper.client.LedgerHandle.handleBookieFailure(LedgerHandle.java:1903) [classes/:?]
	at org.apache.bookkeeper.client.PendingAddOp.writeComplete(PendingAddOp.java:378) [classes/:?]
	at org.apache.bookkeeper.proto.PerChannelBookieClient$AddCompletion.writeComplete(PerChannelBookieClient.java:2159) [classes/:?]
	at org.apache.bookkeeper.proto.PerChannelBookieClient$AddCompletion.handleResponse(PerChannelBookieClient.java:2216) [classes/:?]
	at org.apache.bookkeeper.proto.PerChannelBookieClient$AddCompletion.handleV3Response(PerChannelBookieClient.java:2205) [classes/:?]
	at org.apache.bookkeeper.proto.PerChannelBookieClient$3.safeRun(PerChannelBookieClient.java:1473) [classes/:?]
	at org.apache.bookkeeper.common.util.SafeRunnable.run(SafeRunnable.java:36) [classes/:?]
	at java.util.concurrent.ThreadPoolExecutor.runWorker(ThreadPoolExecutor.java:1149) [?:1.8.0_292]
	at java.util.concurrent.ThreadPoolExecutor$Worker.run(ThreadPoolExecutor.java:624) [?:1.8.0_292]
	at io.netty.util.concurrent.FastThreadLocalRunnable.run(FastThreadLocalRunnable.java:30) [netty-common-4.1.68.Final.jar:4.1.68.Final]
	at java.lang.Thread.run(Thread.java:748) [?:1.8.0_292]
17:23:11.410 [BookKeeperClientWorker-OrderedExecutor-0-0] ERROR org.apache.bookkeeper.client.LedgerHandle - Closing ledger 0 due to NotEnoughBookiesException: Not enough non-faulty bookies available
17:23:11.410 [BookKeeperClientWorker-OrderedExecutor-0-0] ERROR org.apache.bookkeeper.client.PendingAddOp - Write of ledger entry to quorum failed: L0 E13
17:23:11.412 [BookKeeperClientWorker-OrderedExecutor-0-0] ERROR org.apache.bookkeeper.client.MetadataUpdateLoop - UpdateLoop(ledgerId=0,loopId=72076d28) Error writing metadata to store
org.apache.bookkeeper.client.BKException$BKClientClosedException: BookKeeper client is closed
	at org.apache.bookkeeper.meta.CleanupLedgerManager.closedPromise(CleanupLedgerManager.java:252) ~[classes/:?]
	at org.apache.bookkeeper.meta.CleanupLedgerManager.writeLedgerMetadata(CleanupLedgerManager.java:171) ~[classes/:?]
	at org.apache.bookkeeper.client.MetadataUpdateLoop.writeLoop(MetadataUpdateLoop.java:139) [classes/:?]
	at org.apache.bookkeeper.client.MetadataUpdateLoop.run(MetadataUpdateLoop.java:123) [classes/:?]
	at org.apache.bookkeeper.client.LedgerHandle$5.safeRun(LedgerHandle.java:612) [classes/:?]
	at org.apache.bookkeeper.common.util.SafeRunnable.run(SafeRunnable.java:36) [classes/:?]
	at java.util.concurrent.ThreadPoolExecutor.runWorker(ThreadPoolExecutor.java:1149) [?:1.8.0_292]
	at java.util.concurrent.ThreadPoolExecutor$Worker.run(ThreadPoolExecutor.java:624) [?:1.8.0_292]
	at io.netty.util.concurrent.FastThreadLocalRunnable.run(FastThreadLocalRunnable.java:30) [netty-common-4.1.68.Final.jar:4.1.68.Final]
	at java.lang.Thread.run(Thread.java:748) [?:1.8.0_292]
17:23:11.545 [pool-156-thread-1] ERROR org.apache.zookeeper.server.NIOServerCnxnFactory - Thread Thread[pool-156-thread-1,5,FailOnTimeoutGroup] died
java.lang.NullPointerException: null
	at org.apache.bookkeeper.bookie.EntryLoggerAllocator.closePreAllocateLog(EntryLoggerAllocator.java:191) ~[classes/:?]
	at java.util.concurrent.ThreadPoolExecutor.runWorker(ThreadPoolExecutor.java:1149) ~[?:1.8.0_292]
	at java.util.concurrent.ThreadPoolExecutor$Worker.run(ThreadPoolExecutor.java:624) ~[?:1.8.0_292]
	at java.lang.Thread.run(Thread.java:748) [?:1.8.0_292]
17:23:11.664 [Time-limited test] ERROR org.apache.bookkeeper.bookie.InterleavedLedgerStorage - Error while closing the ledger cache
org.apache.bookkeeper.bookie.FileInfo$FileInfoDeletedException: FileInfo already deleted
	at org.apache.bookkeeper.bookie.FileInfo.checkOpen(FileInfo.java:284) ~[classes/:?]
	at org.apache.bookkeeper.bookie.FileInfo.close(FileInfo.java:459) ~[classes/:?]
	at org.apache.bookkeeper.bookie.FileInfoBackingCache.lambda$closeAllWithoutFlushing$0(FileInfoBackingCache.java:117) ~[classes/:?]
	at org.apache.bookkeeper.util.collections.ConcurrentLongHashMap$Section.forEach(ConcurrentLongHashMap.java:485) ~[classes/:?]
	at org.apache.bookkeeper.util.collections.ConcurrentLongHashMap.forEach(ConcurrentLongHashMap.java:186) ~[classes/:?]
	at org.apache.bookkeeper.bookie.FileInfoBackingCache.closeAllWithoutFlushing(FileInfoBackingCache.java:115) ~[classes/:?]
	at org.apache.bookkeeper.bookie.IndexPersistenceMgr.close(IndexPersistenceMgr.java:346) ~[classes/:?]
	at org.apache.bookkeeper.bookie.LedgerCacheImpl.close(LedgerCacheImpl.java:184) ~[classes/:?]
	at org.apache.bookkeeper.bookie.InterleavedLedgerStorage.shutdown(InterleavedLedgerStorage.java:292) [classes/:?]
	at org.apache.bookkeeper.bookie.BookieImpl.shutdown(BookieImpl.java:1218) [classes/:?]
	at org.apache.bookkeeper.bookie.BookieImpl.shutdown(BookieImpl.java:1187) [classes/:?]
	at org.apache.bookkeeper.proto.BookieServer.shutdown(BookieServer.java:223) [classes/:?]
	at org.apache.bookkeeper.test.BookKeeperClusterTestCase$ServerTester.shutdown(BookKeeperClusterTestCase.java:874) [test-classes/:?]
	at org.apache.bookkeeper.test.BookKeeperClusterTestCase.stopBKCluster(BookKeeperClusterTestCase.java:268) [test-classes/:?]
	at org.apache.bookkeeper.test.BookKeeperClusterTestCase.tearDown(BookKeeperClusterTestCase.java:186) [test-classes/:?]
	at sun.reflect.NativeMethodAccessorImpl.invoke0(Native Method) ~[?:1.8.0_292]
	at sun.reflect.NativeMethodAccessorImpl.invoke(NativeMethodAccessorImpl.java:62) ~[?:1.8.0_292]
	at sun.reflect.DelegatingMethodAccessorImpl.invoke(DelegatingMethodAccessorImpl.java:43) ~[?:1.8.0_292]
	at java.lang.reflect.Method.invoke(Method.java:498) ~[?:1.8.0_292]
	at org.junit.runners.model.FrameworkMethod$1.runReflectiveCall(FrameworkMethod.java:50) [junit-4.12.jar:4.12]
	at org.junit.internal.runners.model.ReflectiveCallable.run(ReflectiveCallable.java:12) [junit-4.12.jar:4.12]
	at org.junit.runners.model.FrameworkMethod.invokeExplosively(FrameworkMethod.java:47) [junit-4.12.jar:4.12]
	at org.junit.internal.runners.statements.RunAfters.evaluate(RunAfters.java:33) [junit-4.12.jar:4.12]
	at org.junit.internal.runners.statements.FailOnTimeout$CallableStatement.call(FailOnTimeout.java:298) [junit-4.12.jar:4.12]
	at org.junit.internal.runners.statements.FailOnTimeout$CallableStatement.call(FailOnTimeout.java:292) [junit-4.12.jar:4.12]
	at java.util.concurrent.FutureTask.run(FutureTask.java:266) [?:1.8.0_292]
	at java.lang.Thread.run(Thread.java:748) [?:1.8.0_292]
17:23:11.666 [pool-168-thread-1] ERROR org.apache.zookeeper.server.NIOServerCnxnFactory - Thread Thread[pool-168-thread-1,5,FailOnTimeoutGroup] died
java.lang.NullPointerException: null
	at org.apache.bookkeeper.bookie.EntryLoggerAllocator.closePreAllocateLog(EntryLoggerAllocator.java:191) ~[classes/:?]
	at java.util.concurrent.ThreadPoolExecutor.runWorker(ThreadPoolExecutor.java:1149) ~[?:1.8.0_292]
	at java.util.concurrent.ThreadPoolExecutor$Worker.run(ThreadPoolExecutor.java:624) ~[?:1.8.0_292]
	at java.lang.Thread.run(Thread.java:748) [?:1.8.0_292]
]]></system-out>
    </flakyError>
  </testcase>
  <testcase name="testBookieShutdownIfReadOnlyModeNotEnabled" classname="org.apache.bookkeeper.test.ReadOnlyBookieTest" time="2.487"/>
</testsuite>