<?xml version="1.0" encoding="UTF-8"?>
<testsuite xmlns:xsi="http://www.w3.org/2001/XMLSchema-instance" xsi:noNamespaceSchemaLocation="https://maven.apache.org/surefire/maven-surefire-plugin/xsd/surefire-test-report-3.0.xsd" version="3.0" name="com.scurrilous.circe.checksum.ChecksumTest" time="0.429" tests="8" errors="0" skipped="0" failures="0">
  <properties>
[...]
</properties>
  <testcase name="testCrc32cValueIncremental" classname="com.scurrilous.circe.checksum.ChecksumTest" time="0.415"/>
  <testcase name="testCRC32CIncrementalLong" classname="com.scurrilous.circe.checksum.ChecksumTest" time="0.001"/>
  <testcase name="testCrc32cLongValueResume" classname="com.scurrilous.circe.checksum.ChecksumTest" time="0.001"/>
  <testcase name="testCrc32cLongValue" classname="com.scurrilous.circe.checksum.ChecksumTest" time="0"/>
  <testcase name="testCrc32cLongValueIncremental" classname="com.scurrilous.circe.checksum.ChecksumTest" time="0.001"/>
  <testcase name="testCrc32cValue" classname="com.scurrilous.circe.checksum.ChecksumTest" time="0"/>
  <testcase name="testCRC32CIncrementalInt" classname="com.scurrilous.circe.checksum.ChecksumTest" time="0"/>
  <testcase name="testCrc32cValueResume" classname="com.scurrilous.circe.checksum.ChecksumTest" time="0"/>
</testsuite>