23:20:08.901 [test-OrderedScheduler-10-0] INFO  org.apache.bookkeeper.common.util.TestOrderedExecutorDecorators - foobar
23:20:08.938 [test-OrderedExecutor-10-0] INFO  org.apache.bookkeeper.common.util.TestOrderedExecutorDecorators - foobar
23:20:08.959 [test-OrderedExecutor-10-0] INFO  org.apache.bookkeeper.common.util.TestOrderedExecutorDecorators - foobar
23:20:08.981 [test-OrderedScheduler-10-0] INFO  org.apache.bookkeeper.common.util.TestOrderedExecutorDecorators - foobar
23:20:09.011 [main] INFO  org.apache.bookkeeper.common.conf.ConfigDefTest - 
################################################################################
# Settings of `group1`
#
# This is a very long description : Lorem ipsum dolor sit amet, consectetur
# adipiscing elit. Maecenas bibendum ac felis id commodo. Etiam mauris purus,
# fringilla id tempus in, mollis vel orci. Duis ultricies at erat eget iaculis.
################################################################################

# it is a bool key
#
# TYPE: BOOLEAN, optional
bool_key=

# it is a class key
#
# TYPE: CLASS, optional
# @constraints : class extends `java.lang.Runnable`
class_key=

# it is a double key
#
# TYPE: DOUBLE, optional
# @constraints : [1234.0, 5678.0]
double_key=

# it is an int key
#
# TYPE: INT, optional
# @constraints : [1000, ...]
int_key=

# it is a list key
#
# TYPE: LIST, optional
list_key=

# it is a long key
#
# TYPE: LONG, optional
# @constraints : [... , 1000]
long_key=

# it is a short key
#
# TYPE: SHORT, optional
# @constraints : [500, 1000]
short_key=

# it is a string key
#
# TYPE: STRING, optional
string_key=

##################################
# Settings of `group2`
#
# This group has short description
##################################

# it is a required key
#
# TYPE: STRING, required
required_key=

# it is a deprecated key with since and replaced key
#
# TYPE: STRING, optional
#
# @deprecated since `4.3.0` in favor of using `key_with_optional_values`
deprecated_key_with_since_and_replaced_key=

# it is a deprecated key with replaced key
#
# TYPE: STRING, optional
#
# @deprecated in favor of using `key_with_optional_values`
deprecated_key_with_replaced_key=

# it is a deprecated key with since
#
# TYPE: STRING, optional
#
# @deprecated since `4.3.0`
deprecated_key_with_since=

# it is a deprecated key
#
# TYPE: STRING, optional
#
# @deprecated
deprecated_key=

# it is a string key with optional values
#
# TYPE: STRING, optional
# @options :
#   item1
#   item2
#   item3
#   item3
key_with_optional_values=this-is-a-default-value

# it is a string key with default value
#
# TYPE: STRING, optional
key_with_default_value=this-is-a-test-value

# it is a string key with documentation
#
# it has a long documentation : Lorem ipsum dolor sit amet, consectetur
# adipiscing elit. Maecenas bibendum ac felis id commodo. Etiam mauris purus,
# fringilla id tempus in, mollis vel orci. Duis ultricies at erat eget iaculis.
#
# TYPE: STRING, optional
key_long_short_documentation=

# it is a string key with documentation
#
# it has a short documentation
#
# TYPE: STRING, optional
key_with_short_documentation=

# it is a string key with since
#
# TYPE: STRING, optional
#
# @since 4.7.0
key_with_since=


23:20:09.015 [main] WARN  org.apache.bookkeeper.common.conf.validators.ClassValidator - Setting value of 'test-invalid-class' is not 'java.util.function.Function' : java.lang.Integer
23:20:09.015 [main] WARN  org.apache.bookkeeper.common.conf.validators.ClassValidator - Setting value of 'test-invalid-classname' is not 'java.util.function.Function' : unknown
java.lang.RuntimeException: java.lang.ClassNotFoundException: unknown
	at org.apache.bookkeeper.common.util.ReflectionUtils.forName(ReflectionUtils.java:51) ~[classes/:?]
	at org.apache.bookkeeper.common.conf.validators.ClassValidator.validate(ClassValidator.java:51) ~[classes/:?]
	at org.apache.bookkeeper.common.conf.validators.ClassValidatorTest.testValidateStrings(ClassValidatorTest.java:45) ~[test-classes/:?]
	at sun.reflect.NativeMethodAccessorImpl.invoke0(Native Method) ~[?:1.8.0_292]
	at sun.reflect.NativeMethodAccessorImpl.invoke(NativeMethodAccessorImpl.java:62) ~[?:1.8.0_292]
	at sun.reflect.DelegatingMethodAccessorImpl.invoke(DelegatingMethodAccessorImpl.java:43) ~[?:1.8.0_292]
	at java.lang.reflect.Method.invoke(Method.java:498) ~[?:1.8.0_292]
	at org.junit.runners.model.FrameworkMethod$1.runReflectiveCall(FrameworkMethod.java:50) ~[junit-4.12.jar:4.12]
	at org.junit.internal.runners.model.ReflectiveCallable.run(ReflectiveCallable.java:12) ~[junit-4.12.jar:4.12]
	at org.junit.runners.model.FrameworkMethod.invokeExplosively(FrameworkMethod.java:47) ~[junit-4.12.jar:4.12]
	at org.junit.internal.runners.statements.InvokeMethod.evaluate(InvokeMethod.java:17) ~[junit-4.12.jar:4.12]
	at org.junit.runners.ParentRunner.runLeaf(ParentRunner.java:325) ~[junit-4.12.jar:4.12]
	at org.junit.runners.BlockJUnit4ClassRunner.runChild(BlockJUnit4ClassRunner.java:78) ~[junit-4.12.jar:4.12]
	at org.junit.runners.BlockJUnit4ClassRunner.runChild(BlockJUnit4ClassRunner.java:57) ~[junit-4.12.jar:4.12]
	at org.junit.runners.ParentRunner$3.run(ParentRunner.java:290) ~[junit-4.12.jar:4.12]
	at org.junit.runners.ParentRunner$1.schedule(ParentRunner.java:71) ~[junit-4.12.jar:4.12]
	at org.junit.runners.ParentRunner.runChildren(ParentRunner.java:288) ~[junit-4.12.jar:4.12]
	at org.junit.runners.ParentRunner.access$000(ParentRunner.java:58) ~[junit-4.12.jar:4.12]
	at org.junit.runners.ParentRunner$2.evaluate(ParentRunner.java:268) ~[junit-4.12.jar:4.12]
	at org.junit.runners.ParentRunner.run(ParentRunner.java:363) ~[junit-4.12.jar:4.12]
	at org.junit.runners.Suite.runChild(Suite.java:128) ~[junit-4.12.jar:4.12]
	at org.junit.runners.Suite.runChild(Suite.java:27) ~[junit-4.12.jar:4.12]
	at org.junit.runners.ParentRunner$3.run(ParentRunner.java:290) ~[junit-4.12.jar:4.12]
	at org.junit.runners.ParentRunner$1.schedule(ParentRunner.java:71) ~[junit-4.12.jar:4.12]
	at org.junit.runners.ParentRunner.runChildren(ParentRunner.java:288) ~[junit-4.12.jar:4.12]
	at org.junit.runners.ParentRunner.access$000(ParentRunner.java:58) ~[junit-4.12.jar:4.12]
	at org.junit.runners.ParentRunner$2.evaluate(ParentRunner.java:268) ~[junit-4.12.jar:4.12]
	at org.junit.runners.ParentRunner.run(ParentRunner.java:363) ~[junit-4.12.jar:4.12]
	at org.junit.runner.JUnitCore.run(JUnitCore.java:137) ~[junit-4.12.jar:4.12]
	at org.junit.runner.JUnitCore.run(JUnitCore.java:115) ~[junit-4.12.jar:4.12]
	at edu.illinois.cs.testrunner.execution.JUnitTestExecutor.execute(JUnitTestExecutor.java:259) ~[testrunner-running-1.2.jar:?]
	at edu.illinois.cs.testrunner.execution.JUnitTestExecutor.executeWithJUnit4Runner(JUnitTestExecutor.java:327) ~[testrunner-running-1.2.jar:?]
	at edu.illinois.cs.testrunner.execution.JUnitTestExecutor.runOrder(JUnitTestExecutor.java:49) ~[testrunner-running-1.2.jar:?]
	at edu.illinois.cs.testrunner.execution.Executor$.$anonfun$run$1(Executor.scala:30) ~[testrunner-running-1.2.jar:?]
	at scala.runtime.java8.JFunction0$mcV$sp.apply(JFunction0$mcV$sp.java:12) [scala-library-2.12.6.jar:?]
	at scala.util.Try$.apply(Try.scala:209) [scala-library-2.12.6.jar:?]
	at edu.illinois.cs.testrunner.execution.Executor$.run(Executor.scala:28) [testrunner-running-1.2.jar:?]
	at edu.illinois.cs.testrunner.execution.Executor$.main(Executor.scala:18) [testrunner-running-1.2.jar:?]
	at edu.illinois.cs.testrunner.execution.Executor.main(Executor.scala) [testrunner-running-1.2.jar:?]
Caused by: java.lang.ClassNotFoundException: unknown
	at java.net.URLClassLoader.findClass(URLClassLoader.java:382) ~[?:1.8.0_292]
	at java.lang.ClassLoader.loadClass(ClassLoader.java:418) ~[?:1.8.0_292]
	at sun.misc.Launcher$AppClassLoader.loadClass(Launcher.java:352) ~[?:1.8.0_292]
	at java.lang.ClassLoader.loadClass(ClassLoader.java:351) ~[?:1.8.0_292]
	at java.lang.Class.forName0(Native Method) ~[?:1.8.0_292]
	at java.lang.Class.forName(Class.java:264) ~[?:1.8.0_292]
	at org.apache.bookkeeper.common.util.ReflectionUtils.forName(ReflectionUtils.java:49) ~[classes/:?]
	... 38 more
====> TEST TIMED OUT. PRINTING THREAD DUMP. <====

Timestamp: 2021-11-02 11:20:09,466

"Signal Dispatcher" daemon prio=9 tid=4 runnable
java.lang.Thread.State: RUNNABLE
"MThread-1" daemon prio=5 tid=99 blocked
java.lang.Thread.State: BLOCKED
        at org.apache.bookkeeper.common.testing.util.TestTimedOutTestsListener$Deadlock$DeadlockThread.goMonitorDeadlock(TestTimedOutTestsListener.java:134)
        at org.apache.bookkeeper.common.testing.util.TestTimedOutTestsListener$Deadlock$DeadlockThread.monitorLock(TestTimedOutTestsListener.java:124)
        at org.apache.bookkeeper.common.testing.util.TestTimedOutTestsListener$Deadlock$DeadlockThread.run(TestTimedOutTestsListener.java:92)
"SThread-6" daemon prio=5 tid=104 in Object.wait()
java.lang.Thread.State: WAITING (on object monitor)
        at sun.misc.Unsafe.park(Native Method)
        at java.util.concurrent.locks.LockSupport.park(LockSupport.java:175)
        at java.util.concurrent.locks.AbstractQueuedSynchronizer.parkAndCheckInterrupt(AbstractQueuedSynchronizer.java:836)
        at java.util.concurrent.locks.AbstractQueuedSynchronizer.acquireQueued(AbstractQueuedSynchronizer.java:870)
        at java.util.concurrent.locks.AbstractQueuedSynchronizer.acquire(AbstractQueuedSynchronizer.java:1199)
        at java.util.concurrent.locks.ReentrantLock$NonfairSync.lock(ReentrantLock.java:209)
        at java.util.concurrent.locks.ReentrantLock.lock(ReentrantLock.java:285)
        at org.apache.bookkeeper.common.testing.util.TestTimedOutTestsListener$Deadlock$DeadlockThread.goSyncDeadlock(TestTimedOutTestsListener.java:114)
        at org.apache.bookkeeper.common.testing.util.TestTimedOutTestsListener$Deadlock$DeadlockThread.syncLock(TestTimedOutTestsListener.java:103)
        at org.apache.bookkeeper.common.testing.util.TestTimedOutTestsListener$Deadlock$DeadlockThread.run(TestTimedOutTestsListener.java:90)
"MThread-3" daemon prio=5 tid=101 blocked
java.lang.Thread.State: BLOCKED
        at org.apache.bookkeeper.common.testing.util.TestTimedOutTestsListener$Deadlock$DeadlockThread.goMonitorDeadlock(TestTimedOutTestsListener.java:134)
        at org.apache.bookkeeper.common.testing.util.TestTimedOutTestsListener$Deadlock$DeadlockThread.monitorLock(TestTimedOutTestsListener.java:124)
        at org.apache.bookkeeper.common.testing.util.TestTimedOutTestsListener$Deadlock$DeadlockThread.run(TestTimedOutTestsListener.java:92)
"Finalizer" daemon prio=8 tid=3 in Object.wait()
java.lang.Thread.State: WAITING (on object monitor)
        at java.lang.Object.wait(Native Method)
        at java.lang.ref.ReferenceQueue.remove(ReferenceQueue.java:144)
        at java.lang.ref.ReferenceQueue.remove(ReferenceQueue.java:165)
        at java.lang.ref.Finalizer$FinalizerThread.run(Finalizer.java:216)
"main"  prio=5 tid=1 timed_waiting
java.lang.Thread.State: TIMED_WAITING
        at sun.misc.Unsafe.park(Native Method)
        at java.util.concurrent.locks.LockSupport.parkNanos(LockSupport.java:215)
        at java.util.concurrent.FutureTask.awaitDone(FutureTask.java:426)
        at java.util.concurrent.FutureTask.get(FutureTask.java:204)
        at org.junit.internal.runners.statements.FailOnTimeout.getResult(FailOnTimeout.java:141)
        at org.junit.internal.runners.statements.FailOnTimeout.evaluate(FailOnTimeout.java:127)
        at org.junit.runners.ParentRunner.runLeaf(ParentRunner.java:325)
        at org.junit.runners.BlockJUnit4ClassRunner.runChild(BlockJUnit4ClassRunner.java:78)
        at org.junit.runners.BlockJUnit4ClassRunner.runChild(BlockJUnit4ClassRunner.java:57)
        at org.junit.runners.ParentRunner$3.run(ParentRunner.java:290)
        at org.junit.runners.ParentRunner$1.schedule(ParentRunner.java:71)
        at org.junit.runners.ParentRunner.runChildren(ParentRunner.java:288)
        at org.junit.runners.ParentRunner.access$000(ParentRunner.java:58)
        at org.junit.runners.ParentRunner$2.evaluate(ParentRunner.java:268)
        at org.junit.runners.ParentRunner.run(ParentRunner.java:363)
        at org.junit.runners.Suite.runChild(Suite.java:128)
        at org.junit.runners.Suite.runChild(Suite.java:27)
        at org.junit.runners.ParentRunner$3.run(ParentRunner.java:290)
        at org.junit.runners.ParentRunner$1.schedule(ParentRunner.java:71)
        at org.junit.runners.ParentRunner.runChildren(ParentRunner.java:288)
        at org.junit.runners.ParentRunner.access$000(ParentRunner.java:58)
        at org.junit.runners.ParentRunner$2.evaluate(ParentRunner.java:268)
        at org.junit.runners.ParentRunner.run(ParentRunner.java:363)
        at org.junit.runner.JUnitCore.run(JUnitCore.java:137)
        at org.junit.runner.JUnitCore.run(JUnitCore.java:115)
        at edu.illinois.cs.testrunner.execution.JUnitTestExecutor.execute(JUnitTestExecutor.java:259)
        at edu.illinois.cs.testrunner.execution.JUnitTestExecutor.executeWithJUnit4Runner(JUnitTestExecutor.java:327)
        at edu.illinois.cs.testrunner.execution.JUnitTestExecutor.runOrder(JUnitTestExecutor.java:49)
        at edu.illinois.cs.testrunner.execution.Executor$.$anonfun$run$1(Executor.scala:30)
        at edu.illinois.cs.testrunner.execution.Executor$$$Lambda$11/2140832232.apply$mcV$sp(Unknown Source)
        at scala.runtime.java8.JFunction0$mcV$sp.apply(JFunction0$mcV$sp.java:12)
        at scala.util.Try$.apply(Try.scala:209)
        at edu.illinois.cs.testrunner.execution.Executor$.run(Executor.scala:28)
        at edu.illinois.cs.testrunner.execution.Executor$.main(Executor.scala:18)
        at edu.illinois.cs.testrunner.execution.Executor.main(Executor.scala)
"SThread-5" daemon prio=5 tid=103 in Object.wait()
java.lang.Thread.State: WAITING (on object monitor)
        at sun.misc.Unsafe.park(Native Method)
        at java.util.concurrent.locks.LockSupport.park(LockSupport.java:175)
        at java.util.concurrent.locks.AbstractQueuedSynchronizer.parkAndCheckInterrupt(AbstractQueuedSynchronizer.java:836)
        at java.util.concurrent.locks.AbstractQueuedSynchronizer.acquireQueued(AbstractQueuedSynchronizer.java:870)
        at java.util.concurrent.locks.AbstractQueuedSynchronizer.acquire(AbstractQueuedSynchronizer.java:1199)
        at java.util.concurrent.locks.ReentrantLock$NonfairSync.lock(ReentrantLock.java:209)
        at java.util.concurrent.locks.ReentrantLock.lock(ReentrantLock.java:285)
        at org.apache.bookkeeper.common.testing.util.TestTimedOutTestsListener$Deadlock$DeadlockThread.goSyncDeadlock(TestTimedOutTestsListener.java:114)
        at org.apache.bookkeeper.common.testing.util.TestTimedOutTestsListener$Deadlock$DeadlockThread.syncLock(TestTimedOutTestsListener.java:103)
        at org.apache.bookkeeper.common.testing.util.TestTimedOutTestsListener$Deadlock$DeadlockThread.run(TestTimedOutTestsListener.java:90)
"MThread-2" daemon prio=5 tid=100 blocked
java.lang.Thread.State: BLOCKED
        at org.apache.bookkeeper.common.testing.util.TestTimedOutTestsListener$Deadlock$DeadlockThread.goMonitorDeadlock(TestTimedOutTestsListener.java:134)
        at org.apache.bookkeeper.common.testing.util.TestTimedOutTestsListener$Deadlock$DeadlockThread.monitorLock(TestTimedOutTestsListener.java:124)
        at org.apache.bookkeeper.common.testing.util.TestTimedOutTestsListener$Deadlock$DeadlockThread.run(TestTimedOutTestsListener.java:92)
"Time-limited test" daemon prio=5 tid=98 runnable
java.lang.Thread.State: RUNNABLE
        at java.lang.Thread.dumpThreads(Native Method)
        at java.lang.Thread.getAllStackTraces(Thread.java:1610)
        at org.apache.bookkeeper.common.testing.util.TimedOutTestsListener.buildThreadDump(TimedOutTestsListener.java:86)
        at org.apache.bookkeeper.common.testing.util.TimedOutTestsListener.buildThreadDiagnosticString(TimedOutTestsListener.java:72)
        at org.apache.bookkeeper.common.testing.util.TimedOutTestsListener.testFailure(TimedOutTestsListener.java:61)
        at org.apache.bookkeeper.common.testing.util.TestTimedOutTestsListener.testThreadDumpAndDeadlocks(TestTimedOutTestsListener.java:165)
        at sun.reflect.NativeMethodAccessorImpl.invoke0(Native Method)
        at sun.reflect.NativeMethodAccessorImpl.invoke(NativeMethodAccessorImpl.java:62)
        at sun.reflect.DelegatingMethodAccessorImpl.invoke(DelegatingMethodAccessorImpl.java:43)
        at java.lang.reflect.Method.invoke(Method.java:498)
        at org.junit.runners.model.FrameworkMethod$1.runReflectiveCall(FrameworkMethod.java:50)
        at org.junit.internal.runners.model.ReflectiveCallable.run(ReflectiveCallable.java:12)
        at org.junit.runners.model.FrameworkMethod.invokeExplosively(FrameworkMethod.java:47)
        at org.junit.internal.runners.statements.InvokeMethod.evaluate(InvokeMethod.java:17)
        at org.junit.internal.runners.statements.FailOnTimeout$CallableStatement.call(FailOnTimeout.java:298)
        at org.junit.internal.runners.statements.FailOnTimeout$CallableStatement.call(FailOnTimeout.java:292)
        at java.util.concurrent.FutureTask.run(FutureTask.java:266)
        at java.lang.Thread.run(Thread.java:748)
"SThread-4" daemon prio=5 tid=102 in Object.wait()
java.lang.Thread.State: WAITING (on object monitor)
        at sun.misc.Unsafe.park(Native Method)
        at java.util.concurrent.locks.LockSupport.park(LockSupport.java:175)
        at java.util.concurrent.locks.AbstractQueuedSynchronizer.parkAndCheckInterrupt(AbstractQueuedSynchronizer.java:836)
        at java.util.concurrent.locks.AbstractQueuedSynchronizer.acquireQueued(AbstractQueuedSynchronizer.java:870)
        at java.util.concurrent.locks.AbstractQueuedSynchronizer.acquire(AbstractQueuedSynchronizer.java:1199)
        at java.util.concurrent.locks.ReentrantLock$NonfairSync.lock(ReentrantLock.java:209)
        at java.util.concurrent.locks.ReentrantLock.lock(ReentrantLock.java:285)
        at org.apache.bookkeeper.common.testing.util.TestTimedOutTestsListener$Deadlock$DeadlockThread.goSyncDeadlock(TestTimedOutTestsListener.java:114)
        at org.apache.bookkeeper.common.testing.util.TestTimedOutTestsListener$Deadlock$DeadlockThread.syncLock(TestTimedOutTestsListener.java:103)
        at org.apache.bookkeeper.common.testing.util.TestTimedOutTestsListener$Deadlock$DeadlockThread.run(TestTimedOutTestsListener.java:90)
"test-when-complete-async-OrderedScheduler-0-0"  prio=5 tid=17 in Object.wait()
java.lang.Thread.State: WAITING (on object monitor)
        at sun.misc.Unsafe.park(Native Method)
        at java.util.concurrent.locks.LockSupport.park(LockSupport.java:175)
        at java.util.concurrent.locks.AbstractQueuedSynchronizer$ConditionObject.await(AbstractQueuedSynchronizer.java:2039)
        at java.util.concurrent.ScheduledThreadPoolExecutor$DelayedWorkQueue.take(ScheduledThreadPoolExecutor.java:1081)
        at java.util.concurrent.ScheduledThreadPoolExecutor$DelayedWorkQueue.take(ScheduledThreadPoolExecutor.java:809)
        at java.util.concurrent.ThreadPoolExecutor.getTask(ThreadPoolExecutor.java:1074)
        at java.util.concurrent.ThreadPoolExecutor.runWorker(ThreadPoolExecutor.java:1134)
        at java.util.concurrent.ThreadPoolExecutor$Worker.run(ThreadPoolExecutor.java:624)
        at io.netty.util.concurrent.FastThreadLocalRunnable.run(FastThreadLocalRunnable.java:30)
        at java.lang.Thread.run(Thread.java:748)
"Reference Handler" daemon prio=10 tid=2 in Object.wait()
java.lang.Thread.State: WAITING (on object monitor)
        at java.lang.Object.wait(Native Method)
        at java.lang.Object.wait(Object.java:502)
        at java.lang.ref.Reference.tryHandlePending(Reference.java:191)
        at java.lang.ref.Reference$ReferenceHandler.run(Reference.java:153)

====> DEADLOCKS DETECTED <====

"MThread-3" Id=101 in BLOCKED on lock=org.apache.bookkeeper.common.testing.util.TestTimedOutTestsListener$Deadlock$Monitor@44556fd0
     owned by MThread-1 Id=99
    at org.apache.bookkeeper.common.testing.util.TestTimedOutTestsListener$Deadlock$DeadlockThread.goMonitorDeadlock(TestTimedOutTestsListener.java:134)
    at org.apache.bookkeeper.common.testing.util.TestTimedOutTestsListener$Deadlock$DeadlockThread.monitorLock(TestTimedOutTestsListener.java:124)
      - locked org.apache.bookkeeper.common.testing.util.TestTimedOutTestsListener$Deadlock$Monitor@4a9298f2
    at org.apache.bookkeeper.common.testing.util.TestTimedOutTestsListener$Deadlock$DeadlockThread.run(TestTimedOutTestsListener.java:92)

    Locked synchronizers: count = 0


"MThread-1" Id=99 in BLOCKED on lock=org.apache.bookkeeper.common.testing.util.TestTimedOutTestsListener$Deadlock$Monitor@406af382
     owned by MThread-2 Id=100
    at org.apache.bookkeeper.common.testing.util.TestTimedOutTestsListener$Deadlock$DeadlockThread.goMonitorDeadlock(TestTimedOutTestsListener.java:134)
    at org.apache.bookkeeper.common.testing.util.TestTimedOutTestsListener$Deadlock$DeadlockThread.monitorLock(TestTimedOutTestsListener.java:124)
      - locked org.apache.bookkeeper.common.testing.util.TestTimedOutTestsListener$Deadlock$Monitor@44556fd0
    at org.apache.bookkeeper.common.testing.util.TestTimedOutTestsListener$Deadlock$DeadlockThread.run(TestTimedOutTestsListener.java:92)

    Locked synchronizers: count = 0


"MThread-2" Id=100 in BLOCKED on lock=org.apache.bookkeeper.common.testing.util.TestTimedOutTestsListener$Deadlock$Monitor@4a9298f2
     owned by MThread-3 Id=101
    at org.apache.bookkeeper.common.testing.util.TestTimedOutTestsListener$Deadlock$DeadlockThread.goMonitorDeadlock(TestTimedOutTestsListener.java:134)
    at org.apache.bookkeeper.common.testing.util.TestTimedOutTestsListener$Deadlock$DeadlockThread.monitorLock(TestTimedOutTestsListener.java:124)
      - locked org.apache.bookkeeper.common.testing.util.TestTimedOutTestsListener$Deadlock$Monitor@406af382
    at org.apache.bookkeeper.common.testing.util.TestTimedOutTestsListener$Deadlock$DeadlockThread.run(TestTimedOutTestsListener.java:92)

    Locked synchronizers: count = 0




23:20:09.530 [main] INFO  org.apache.bookkeeper.common.component.ComponentStarter - Starting component test-exception-handler.
23:20:09.530 [main] INFO  org.apache.bookkeeper.common.component.ComponentStarter - Started component test-exception-handler.
23:20:09.531 [main] ERROR org.apache.bookkeeper.common.component.ComponentStarter - Triggered exceptionHandler of Component: test-exception-handler because of Exception in Thread: Thread[main,5,main]
java.lang.Exception: test-exception-handler
	at org.apache.bookkeeper.common.component.TestComponentStarter.testExceptionHandler(TestComponentStarter.java:80) ~[test-classes/:?]
	at sun.reflect.NativeMethodAccessorImpl.invoke0(Native Method) ~[?:1.8.0_292]
	at sun.reflect.NativeMethodAccessorImpl.invoke(NativeMethodAccessorImpl.java:62) ~[?:1.8.0_292]
	at sun.reflect.DelegatingMethodAccessorImpl.invoke(DelegatingMethodAccessorImpl.java:43) ~[?:1.8.0_292]
	at java.lang.reflect.Method.invoke(Method.java:498) ~[?:1.8.0_292]
	at org.junit.runners.model.FrameworkMethod$1.runReflectiveCall(FrameworkMethod.java:50) ~[junit-4.12.jar:4.12]
	at org.junit.internal.runners.model.ReflectiveCallable.run(ReflectiveCallable.java:12) ~[junit-4.12.jar:4.12]
	at org.junit.runners.model.FrameworkMethod.invokeExplosively(FrameworkMethod.java:47) ~[junit-4.12.jar:4.12]
	at org.junit.internal.runners.statements.InvokeMethod.evaluate(InvokeMethod.java:17) ~[junit-4.12.jar:4.12]
	at org.junit.runners.ParentRunner.runLeaf(ParentRunner.java:325) ~[junit-4.12.jar:4.12]
	at org.junit.runners.BlockJUnit4ClassRunner.runChild(BlockJUnit4ClassRunner.java:78) ~[junit-4.12.jar:4.12]
	at org.junit.runners.BlockJUnit4ClassRunner.runChild(BlockJUnit4ClassRunner.java:57) ~[junit-4.12.jar:4.12]
	at org.junit.runners.ParentRunner$3.run(ParentRunner.java:290) ~[junit-4.12.jar:4.12]
	at org.junit.runners.ParentRunner$1.schedule(ParentRunner.java:71) ~[junit-4.12.jar:4.12]
	at org.junit.runners.ParentRunner.runChildren(ParentRunner.java:288) ~[junit-4.12.jar:4.12]
	at org.junit.runners.ParentRunner.access$000(ParentRunner.java:58) ~[junit-4.12.jar:4.12]
	at org.junit.runners.ParentRunner$2.evaluate(ParentRunner.java:268) ~[junit-4.12.jar:4.12]
	at org.junit.runners.ParentRunner.run(ParentRunner.java:363) ~[junit-4.12.jar:4.12]
	at org.junit.runners.Suite.runChild(Suite.java:128) ~[junit-4.12.jar:4.12]
	at org.junit.runners.Suite.runChild(Suite.java:27) ~[junit-4.12.jar:4.12]
	at org.junit.runners.ParentRunner$3.run(ParentRunner.java:290) ~[junit-4.12.jar:4.12]
	at org.junit.runners.ParentRunner$1.schedule(ParentRunner.java:71) ~[junit-4.12.jar:4.12]
	at org.junit.runners.ParentRunner.runChildren(ParentRunner.java:288) ~[junit-4.12.jar:4.12]
	at org.junit.runners.ParentRunner.access$000(ParentRunner.java:58) ~[junit-4.12.jar:4.12]
	at org.junit.runners.ParentRunner$2.evaluate(ParentRunner.java:268) ~[junit-4.12.jar:4.12]
	at org.junit.runners.ParentRunner.run(ParentRunner.java:363) ~[junit-4.12.jar:4.12]
	at org.junit.runner.JUnitCore.run(JUnitCore.java:137) ~[junit-4.12.jar:4.12]
	at org.junit.runner.JUnitCore.run(JUnitCore.java:115) ~[junit-4.12.jar:4.12]
	at edu.illinois.cs.testrunner.execution.JUnitTestExecutor.execute(JUnitTestExecutor.java:259) ~[testrunner-running-1.2.jar:?]
	at edu.illinois.cs.testrunner.execution.JUnitTestExecutor.executeWithJUnit4Runner(JUnitTestExecutor.java:327) ~[testrunner-running-1.2.jar:?]
	at edu.illinois.cs.testrunner.execution.JUnitTestExecutor.runOrder(JUnitTestExecutor.java:49) ~[testrunner-running-1.2.jar:?]
	at edu.illinois.cs.testrunner.execution.Executor$.$anonfun$run$1(Executor.scala:30) ~[testrunner-running-1.2.jar:?]
	at scala.runtime.java8.JFunction0$mcV$sp.apply(JFunction0$mcV$sp.java:12) [scala-library-2.12.6.jar:?]
	at scala.util.Try$.apply(Try.scala:209) [scala-library-2.12.6.jar:?]
	at edu.illinois.cs.testrunner.execution.Executor$.run(Executor.scala:28) [testrunner-running-1.2.jar:?]
	at edu.illinois.cs.testrunner.execution.Executor$.main(Executor.scala:18) [testrunner-running-1.2.jar:?]
	at edu.illinois.cs.testrunner.execution.Executor.main(Executor.scala) [testrunner-running-1.2.jar:?]
23:20:09.532 [component-shutdown-thread] INFO  org.apache.bookkeeper.common.component.ComponentStarter - Closing component test-exception-handler in shutdown hook.
23:20:09.532 [component-shutdown-thread] INFO  org.apache.bookkeeper.common.component.ComponentStarter - Closed component test-exception-handler in shutdown hook successfully. Exiting.
23:20:09.533 [main] INFO  org.apache.bookkeeper.common.component.ComponentStarter - Starting component test-start-component.
23:20:09.533 [main] INFO  org.apache.bookkeeper.common.component.ComponentStarter - Started component test-start-component.
23:20:09.534 [main] INFO  org.apache.bookkeeper.common.component.ComponentStarter - Closing component test-shutdown-hook in shutdown hook.
23:20:09.534 [main] INFO  org.apache.bookkeeper.common.component.ComponentStarter - Closed component test-shutdown-hook in shutdown hook successfully. Exiting.
23:20:09.552 [main] INFO  org.apache.bookkeeper.common.component.ComponentStarter - Starting component exception-handler-shutdown-lifecycle-component-stack.
23:20:09.559 [main] INFO  org.apache.bookkeeper.common.component.ComponentStarter - Started component exception-handler-shutdown-lifecycle-component-stack.
23:20:09.560 [main] ERROR org.apache.bookkeeper.common.component.ComponentStarter - Triggered exceptionHandler of Component: exception-handler-shutdown-lifecycle-component-stack because of Exception in Thread: Thread[main,5,main]
java.lang.Exception: exception-handler-shutdown-lifecycle-component-stack
	at org.apache.bookkeeper.common.component.TestLifecycleComponentStack.testExceptionHandlerShutdownLifecycleComponentStack(TestLifecycleComponentStack.java:166) ~[test-classes/:?]
	at sun.reflect.NativeMethodAccessorImpl.invoke0(Native Method) ~[?:1.8.0_292]
	at sun.reflect.NativeMethodAccessorImpl.invoke(NativeMethodAccessorImpl.java:62) ~[?:1.8.0_292]
	at sun.reflect.DelegatingMethodAccessorImpl.invoke(DelegatingMethodAccessorImpl.java:43) ~[?:1.8.0_292]
	at java.lang.reflect.Method.invoke(Method.java:498) ~[?:1.8.0_292]
	at org.junit.runners.model.FrameworkMethod$1.runReflectiveCall(FrameworkMethod.java:50) ~[junit-4.12.jar:4.12]
	at org.junit.internal.runners.model.ReflectiveCallable.run(ReflectiveCallable.java:12) ~[junit-4.12.jar:4.12]
	at org.junit.runners.model.FrameworkMethod.invokeExplosively(FrameworkMethod.java:47) ~[junit-4.12.jar:4.12]
	at org.junit.internal.runners.statements.InvokeMethod.evaluate(InvokeMethod.java:17) ~[junit-4.12.jar:4.12]
	at org.junit.runners.ParentRunner.runLeaf(ParentRunner.java:325) ~[junit-4.12.jar:4.12]
	at org.junit.runners.BlockJUnit4ClassRunner.runChild(BlockJUnit4ClassRunner.java:78) ~[junit-4.12.jar:4.12]
	at org.junit.runners.BlockJUnit4ClassRunner.runChild(BlockJUnit4ClassRunner.java:57) ~[junit-4.12.jar:4.12]
	at org.junit.runners.ParentRunner$3.run(ParentRunner.java:290) ~[junit-4.12.jar:4.12]
	at org.junit.runners.ParentRunner$1.schedule(ParentRunner.java:71) ~[junit-4.12.jar:4.12]
	at org.junit.runners.ParentRunner.runChildren(ParentRunner.java:288) ~[junit-4.12.jar:4.12]
	at org.junit.runners.ParentRunner.access$000(ParentRunner.java:58) ~[junit-4.12.jar:4.12]
	at org.junit.runners.ParentRunner$2.evaluate(ParentRunner.java:268) ~[junit-4.12.jar:4.12]
	at org.junit.runners.ParentRunner.run(ParentRunner.java:363) ~[junit-4.12.jar:4.12]
	at org.junit.runners.Suite.runChild(Suite.java:128) ~[junit-4.12.jar:4.12]
	at org.junit.runners.Suite.runChild(Suite.java:27) ~[junit-4.12.jar:4.12]
	at org.junit.runners.ParentRunner$3.run(ParentRunner.java:290) ~[junit-4.12.jar:4.12]
	at org.junit.runners.ParentRunner$1.schedule(ParentRunner.java:71) ~[junit-4.12.jar:4.12]
	at org.junit.runners.ParentRunner.runChildren(ParentRunner.java:288) ~[junit-4.12.jar:4.12]
	at org.junit.runners.ParentRunner.access$000(ParentRunner.java:58) ~[junit-4.12.jar:4.12]
	at org.junit.runners.ParentRunner$2.evaluate(ParentRunner.java:268) ~[junit-4.12.jar:4.12]
	at org.junit.runners.ParentRunner.run(ParentRunner.java:363) ~[junit-4.12.jar:4.12]
	at org.junit.runner.JUnitCore.run(JUnitCore.java:137) ~[junit-4.12.jar:4.12]
	at org.junit.runner.JUnitCore.run(JUnitCore.java:115) ~[junit-4.12.jar:4.12]
	at edu.illinois.cs.testrunner.execution.JUnitTestExecutor.execute(JUnitTestExecutor.java:259) ~[testrunner-running-1.2.jar:?]
	at edu.illinois.cs.testrunner.execution.JUnitTestExecutor.executeWithJUnit4Runner(JUnitTestExecutor.java:327) ~[testrunner-running-1.2.jar:?]
	at edu.illinois.cs.testrunner.execution.JUnitTestExecutor.runOrder(JUnitTestExecutor.java:49) ~[testrunner-running-1.2.jar:?]
	at edu.illinois.cs.testrunner.execution.Executor$.$anonfun$run$1(Executor.scala:30) ~[testrunner-running-1.2.jar:?]
	at scala.runtime.java8.JFunction0$mcV$sp.apply(JFunction0$mcV$sp.java:12) [scala-library-2.12.6.jar:?]
	at scala.util.Try$.apply(Try.scala:209) [scala-library-2.12.6.jar:?]
	at edu.illinois.cs.testrunner.execution.Executor$.run(Executor.scala:28) [testrunner-running-1.2.jar:?]
	at edu.illinois.cs.testrunner.execution.Executor$.main(Executor.scala:18) [testrunner-running-1.2.jar:?]
	at edu.illinois.cs.testrunner.execution.Executor.main(Executor.scala) [testrunner-running-1.2.jar:?]
23:20:09.561 [component-shutdown-thread] INFO  org.apache.bookkeeper.common.component.ComponentStarter - Closing component exception-handler-shutdown-lifecycle-component-stack in shutdown hook.
23:20:09.562 [component-shutdown-thread] INFO  org.apache.bookkeeper.common.component.ComponentStarter - Closed component exception-handler-shutdown-lifecycle-component-stack in shutdown hook successfully. Exiting.
