23:20:14.222 [main] ERROR org.apache.bookkeeper.common.component.ComponentStarter - Triggered exceptionHandler of Component: exception-handler-shutdown-lifecycle-component-stack because of Exception in Thread: Thread[main,5,main]
java.lang.Exception: exception-handler-shutdown-lifecycle-component-stack
	at org.apache.bookkeeper.common.component.TestLifecycleComponentStack.testExceptionHandlerShutdownLifecycleComponentStack(TestLifecycleComponentStack.java:166) ~[test-classes/:?]
	at sun.reflect.NativeMethodAccessorImpl.invoke0(Native Method) ~[?:1.8.0_292]
	at sun.reflect.NativeMethodAccessorImpl.invoke(NativeMethodAccessorImpl.java:62) ~[?:1.8.0_292]
	at sun.reflect.DelegatingMethodAccessorImpl.invoke(DelegatingMethodAccessorImpl.java:43) ~[?:1.8.0_292]
	at java.lang.reflect.Method.invoke(Method.java:498) ~[?:1.8.0_292]
	at org.junit.runners.model.FrameworkMethod$1.runReflectiveCall(FrameworkMethod.java:50) ~[junit-4.12.jar:4.12]
	at org.junit.internal.runners.model.ReflectiveCallable.run(ReflectiveCallable.java:12) ~[junit-4.12.jar:4.12]
	at org.junit.runners.model.FrameworkMethod.invokeExplosively(FrameworkMethod.java:47) ~[junit-4.12.jar:4.12]
	at org.junit.internal.runners.statements.InvokeMethod.evaluate(InvokeMethod.java:17) ~[junit-4.12.jar:4.12]
	at org.junit.runners.ParentRunner.runLeaf(ParentRunner.java:325) ~[junit-4.12.jar:4.12]
	at org.junit.runners.BlockJUnit4ClassRunner.runChild(BlockJUnit4ClassRunner.java:78) ~[junit-4.12.jar:4.12]
	at org.junit.runners.BlockJUnit4ClassRunner.runChild(BlockJUnit4ClassRunner.java:57) ~[junit-4.12.jar:4.12]
	at org.junit.runners.ParentRunner$3.run(ParentRunner.java:290) ~[junit-4.12.jar:4.12]
	at org.junit.runners.ParentRunner$1.schedule(ParentRunner.java:71) ~[junit-4.12.jar:4.12]
	at org.junit.runners.ParentRunner.runChildren(ParentRunner.java:288) ~[junit-4.12.jar:4.12]
	at org.junit.runners.ParentRunner.access$000(ParentRunner.java:58) ~[junit-4.12.jar:4.12]
	at org.junit.runners.ParentRunner$2.evaluate(ParentRunner.java:268) ~[junit-4.12.jar:4.12]
	at org.junit.runners.ParentRunner.run(ParentRunner.java:363) ~[junit-4.12.jar:4.12]
	at org.junit.runners.Suite.runChild(Suite.java:128) ~[junit-4.12.jar:4.12]
	at org.junit.runners.Suite.runChild(Suite.java:27) ~[junit-4.12.jar:4.12]
	at org.junit.runners.ParentRunner$3.run(ParentRunner.java:290) ~[junit-4.12.jar:4.12]
	at org.junit.runners.ParentRunner$1.schedule(ParentRunner.java:71) ~[junit-4.12.jar:4.12]
	at org.junit.runners.ParentRunner.runChildren(ParentRunner.java:288) ~[junit-4.12.jar:4.12]
	at org.junit.runners.ParentRunner.access$000(ParentRunner.java:58) ~[junit-4.12.jar:4.12]
	at org.junit.runners.ParentRunner$2.evaluate(ParentRunner.java:268) ~[junit-4.12.jar:4.12]
	at org.junit.runners.ParentRunner.run(ParentRunner.java:363) ~[junit-4.12.jar:4.12]
	at org.junit.runner.JUnitCore.run(JUnitCore.java:137) ~[junit-4.12.jar:4.12]
	at org.junit.runner.JUnitCore.run(JUnitCore.java:115) ~[junit-4.12.jar:4.12]
	at edu.illinois.cs.testrunner.execution.JUnitTestExecutor.execute(JUnitTestExecutor.java:259) ~[testrunner-running-1.2.jar:?]
	at edu.illinois.cs.testrunner.execution.JUnitTestExecutor.executeWithJUnit4Runner(JUnitTestExecutor.java:327) ~[testrunner-running-1.2.jar:?]
	at edu.illinois.cs.testrunner.execution.JUnitTestExecutor.runOrder(JUnitTestExecutor.java:49) ~[testrunner-running-1.2.jar:?]
	at edu.illinois.cs.testrunner.execution.Executor$.$anonfun$run$1(Executor.scala:30) ~[testrunner-running-1.2.jar:?]
	at scala.runtime.java8.JFunction0$mcV$sp.apply(JFunction0$mcV$sp.java:12) [scala-library-2.12.6.jar:?]
	at scala.util.Try$.apply(Try.scala:209) [scala-library-2.12.6.jar:?]
	at edu.illinois.cs.testrunner.execution.Executor$.run(Executor.scala:28) [testrunner-running-1.2.jar:?]
	at edu.illinois.cs.testrunner.execution.Executor$.main(Executor.scala:18) [testrunner-running-1.2.jar:?]
	at edu.illinois.cs.testrunner.execution.Executor.main(Executor.scala) [testrunner-running-1.2.jar:?]
====> TEST TIMED OUT. PRINTING THREAD DUMP. <====

Timestamp: 2021-11-02 11:20:14,394

"MThread-3" daemon prio=5 tid=15 blocked
java.lang.Thread.State: BLOCKED
        at org.apache.bookkeeper.common.testing.util.TestTimedOutTestsListener$Deadlock$DeadlockThread.goMonitorDeadlock(TestTimedOutTestsListener.java:134)
        at org.apache.bookkeeper.common.testing.util.TestTimedOutTestsListener$Deadlock$DeadlockThread.monitorLock(TestTimedOutTestsListener.java:124)
        at org.apache.bookkeeper.common.testing.util.TestTimedOutTestsListener$Deadlock$DeadlockThread.run(TestTimedOutTestsListener.java:92)
"Time-limited test" daemon prio=5 tid=12 runnable
java.lang.Thread.State: RUNNABLE
        at java.lang.Thread.dumpThreads(Native Method)
        at java.lang.Thread.getAllStackTraces(Thread.java:1610)
        at org.apache.bookkeeper.common.testing.util.TimedOutTestsListener.buildThreadDump(TimedOutTestsListener.java:86)
        at org.apache.bookkeeper.common.testing.util.TimedOutTestsListener.buildThreadDiagnosticString(TimedOutTestsListener.java:72)
        at org.apache.bookkeeper.common.testing.util.TimedOutTestsListener.testFailure(TimedOutTestsListener.java:61)
        at org.apache.bookkeeper.common.testing.util.TestTimedOutTestsListener.testThreadDumpAndDeadlocks(TestTimedOutTestsListener.java:165)
        at sun.reflect.NativeMethodAccessorImpl.invoke0(Native Method)
        at sun.reflect.NativeMethodAccessorImpl.invoke(NativeMethodAccessorImpl.java:62)
        at sun.reflect.DelegatingMethodAccessorImpl.invoke(DelegatingMethodAccessorImpl.java:43)
        at java.lang.reflect.Method.invoke(Method.java:498)
        at org.junit.runners.model.FrameworkMethod$1.runReflectiveCall(FrameworkMethod.java:50)
        at org.junit.internal.runners.model.ReflectiveCallable.run(ReflectiveCallable.java:12)
        at org.junit.runners.model.FrameworkMethod.invokeExplosively(FrameworkMethod.java:47)
        at org.junit.internal.runners.statements.InvokeMethod.evaluate(InvokeMethod.java:17)
        at org.junit.internal.runners.statements.FailOnTimeout$CallableStatement.call(FailOnTimeout.java:298)
        at org.junit.internal.runners.statements.FailOnTimeout$CallableStatement.call(FailOnTimeout.java:292)
        at java.util.concurrent.FutureTask.run(FutureTask.java:266)
        at java.lang.Thread.run(Thread.java:748)
"MThread-2" daemon prio=5 tid=14 blocked
java.lang.Thread.State: BLOCKED
        at org.apache.bookkeeper.common.testing.util.TestTimedOutTestsListener$Deadlock$DeadlockThread.goMonitorDeadlock(TestTimedOutTestsListener.java:134)
        at org.apache.bookkeeper.common.testing.util.TestTimedOutTestsListener$Deadlock$DeadlockThread.monitorLock(TestTimedOutTestsListener.java:124)
        at org.apache.bookkeeper.common.testing.util.TestTimedOutTestsListener$Deadlock$DeadlockThread.run(TestTimedOutTestsListener.java:92)
"SThread-4" daemon prio=5 tid=16 in Object.wait()
java.lang.Thread.State: WAITING (on object monitor)
        at sun.misc.Unsafe.park(Native Method)
        at java.util.concurrent.locks.LockSupport.park(LockSupport.java:175)
        at java.util.concurrent.locks.AbstractQueuedSynchronizer.parkAndCheckInterrupt(AbstractQueuedSynchronizer.java:836)
        at java.util.concurrent.locks.AbstractQueuedSynchronizer.acquireQueued(AbstractQueuedSynchronizer.java:870)
        at java.util.concurrent.locks.AbstractQueuedSynchronizer.acquire(AbstractQueuedSynchronizer.java:1199)
        at java.util.concurrent.locks.ReentrantLock$NonfairSync.lock(ReentrantLock.java:209)
        at java.util.concurrent.locks.ReentrantLock.lock(ReentrantLock.java:285)
        at org.apache.bookkeeper.common.testing.util.TestTimedOutTestsListener$Deadlock$DeadlockThread.goSyncDeadlock(TestTimedOutTestsListener.java:114)
        at org.apache.bookkeeper.common.testing.util.TestTimedOutTestsListener$Deadlock$DeadlockThread.syncLock(TestTimedOutTestsListener.java:103)
        at org.apache.bookkeeper.common.testing.util.TestTimedOutTestsListener$Deadlock$DeadlockThread.run(TestTimedOutTestsListener.java:90)
"MThread-1" daemon prio=5 tid=13 blocked
java.lang.Thread.State: BLOCKED
        at org.apache.bookkeeper.common.testing.util.TestTimedOutTestsListener$Deadlock$DeadlockThread.goMonitorDeadlock(TestTimedOutTestsListener.java:134)
        at org.apache.bookkeeper.common.testing.util.TestTimedOutTestsListener$Deadlock$DeadlockThread.monitorLock(TestTimedOutTestsListener.java:124)
        at org.apache.bookkeeper.common.testing.util.TestTimedOutTestsListener$Deadlock$DeadlockThread.run(TestTimedOutTestsListener.java:92)
"main"  prio=5 tid=1 timed_waiting
java.lang.Thread.State: TIMED_WAITING
        at sun.misc.Unsafe.park(Native Method)
        at java.util.concurrent.locks.LockSupport.parkNanos(LockSupport.java:215)
        at java.util.concurrent.FutureTask.awaitDone(FutureTask.java:426)
        at java.util.concurrent.FutureTask.get(FutureTask.java:204)
        at org.junit.internal.runners.statements.FailOnTimeout.getResult(FailOnTimeout.java:141)
        at org.junit.internal.runners.statements.FailOnTimeout.evaluate(FailOnTimeout.java:127)
        at org.junit.runners.ParentRunner.runLeaf(ParentRunner.java:325)
        at org.junit.runners.BlockJUnit4ClassRunner.runChild(BlockJUnit4ClassRunner.java:78)
        at org.junit.runners.BlockJUnit4ClassRunner.runChild(BlockJUnit4ClassRunner.java:57)
        at org.junit.runners.ParentRunner$3.run(ParentRunner.java:290)
        at org.junit.runners.ParentRunner$1.schedule(ParentRunner.java:71)
        at org.junit.runners.ParentRunner.runChildren(ParentRunner.java:288)
        at org.junit.runners.ParentRunner.access$000(ParentRunner.java:58)
        at org.junit.runners.ParentRunner$2.evaluate(ParentRunner.java:268)
        at org.junit.runners.ParentRunner.run(ParentRunner.java:363)
        at org.junit.runners.Suite.runChild(Suite.java:128)
        at org.junit.runners.Suite.runChild(Suite.java:27)
        at org.junit.runners.ParentRunner$3.run(ParentRunner.java:290)
        at org.junit.runners.ParentRunner$1.schedule(ParentRunner.java:71)
        at org.junit.runners.ParentRunner.runChildren(ParentRunner.java:288)
        at org.junit.runners.ParentRunner.access$000(ParentRunner.java:58)
        at org.junit.runners.ParentRunner$2.evaluate(ParentRunner.java:268)
        at org.junit.runners.ParentRunner.run(ParentRunner.java:363)
        at org.junit.runner.JUnitCore.run(JUnitCore.java:137)
        at org.junit.runner.JUnitCore.run(JUnitCore.java:115)
        at edu.illinois.cs.testrunner.execution.JUnitTestExecutor.execute(JUnitTestExecutor.java:259)
        at edu.illinois.cs.testrunner.execution.JUnitTestExecutor.executeWithJUnit4Runner(JUnitTestExecutor.java:327)
        at edu.illinois.cs.testrunner.execution.JUnitTestExecutor.runOrder(JUnitTestExecutor.java:49)
        at edu.illinois.cs.testrunner.execution.Executor$.$anonfun$run$1(Executor.scala:30)
        at edu.illinois.cs.testrunner.execution.Executor$$$Lambda$11/2140832232.apply$mcV$sp(Unknown Source)
        at scala.runtime.java8.JFunction0$mcV$sp.apply(JFunction0$mcV$sp.java:12)
        at scala.util.Try$.apply(Try.scala:209)
        at edu.illinois.cs.testrunner.execution.Executor$.run(Executor.scala:28)
        at edu.illinois.cs.testrunner.execution.Executor$.main(Executor.scala:18)
        at edu.illinois.cs.testrunner.execution.Executor.main(Executor.scala)
"Signal Dispatcher" daemon prio=9 tid=4 runnable
java.lang.Thread.State: RUNNABLE
"SThread-5" daemon prio=5 tid=17 in Object.wait()
java.lang.Thread.State: WAITING (on object monitor)
        at sun.misc.Unsafe.park(Native Method)
        at java.util.concurrent.locks.LockSupport.park(LockSupport.java:175)
        at java.util.concurrent.locks.AbstractQueuedSynchronizer.parkAndCheckInterrupt(AbstractQueuedSynchronizer.java:836)
        at java.util.concurrent.locks.AbstractQueuedSynchronizer.acquireQueued(AbstractQueuedSynchronizer.java:870)
        at java.util.concurrent.locks.AbstractQueuedSynchronizer.acquire(AbstractQueuedSynchronizer.java:1199)
        at java.util.concurrent.locks.ReentrantLock$NonfairSync.lock(ReentrantLock.java:209)
        at java.util.concurrent.locks.ReentrantLock.lock(ReentrantLock.java:285)
        at org.apache.bookkeeper.common.testing.util.TestTimedOutTestsListener$Deadlock$DeadlockThread.goSyncDeadlock(TestTimedOutTestsListener.java:114)
        at org.apache.bookkeeper.common.testing.util.TestTimedOutTestsListener$Deadlock$DeadlockThread.syncLock(TestTimedOutTestsListener.java:103)
        at org.apache.bookkeeper.common.testing.util.TestTimedOutTestsListener$Deadlock$DeadlockThread.run(TestTimedOutTestsListener.java:90)
"Finalizer" daemon prio=8 tid=3 in Object.wait()
java.lang.Thread.State: WAITING (on object monitor)
        at java.lang.Object.wait(Native Method)
        at java.lang.ref.ReferenceQueue.remove(ReferenceQueue.java:144)
        at java.lang.ref.ReferenceQueue.remove(ReferenceQueue.java:165)
        at java.lang.ref.Finalizer$FinalizerThread.run(Finalizer.java:216)
"Reference Handler" daemon prio=10 tid=2 in Object.wait()
java.lang.Thread.State: WAITING (on object monitor)
        at java.lang.Object.wait(Native Method)
        at java.lang.Object.wait(Object.java:502)
        at java.lang.ref.Reference.tryHandlePending(Reference.java:191)
        at java.lang.ref.Reference$ReferenceHandler.run(Reference.java:153)
"SThread-6" daemon prio=5 tid=18 in Object.wait()
java.lang.Thread.State: WAITING (on object monitor)
        at sun.misc.Unsafe.park(Native Method)
        at java.util.concurrent.locks.LockSupport.park(LockSupport.java:175)
        at java.util.concurrent.locks.AbstractQueuedSynchronizer.parkAndCheckInterrupt(AbstractQueuedSynchronizer.java:836)
        at java.util.concurrent.locks.AbstractQueuedSynchronizer.acquireQueued(AbstractQueuedSynchronizer.java:870)
        at java.util.concurrent.locks.AbstractQueuedSynchronizer.acquire(AbstractQueuedSynchronizer.java:1199)
        at java.util.concurrent.locks.ReentrantLock$NonfairSync.lock(ReentrantLock.java:209)
        at java.util.concurrent.locks.ReentrantLock.lock(ReentrantLock.java:285)
        at org.apache.bookkeeper.common.testing.util.TestTimedOutTestsListener$Deadlock$DeadlockThread.goSyncDeadlock(TestTimedOutTestsListener.java:114)
        at org.apache.bookkeeper.common.testing.util.TestTimedOutTestsListener$Deadlock$DeadlockThread.syncLock(TestTimedOutTestsListener.java:103)
        at org.apache.bookkeeper.common.testing.util.TestTimedOutTestsListener$Deadlock$DeadlockThread.run(TestTimedOutTestsListener.java:90)

====> DEADLOCKS DETECTED <====

"MThread-3" Id=15 in BLOCKED on lock=org.apache.bookkeeper.common.testing.util.TestTimedOutTestsListener$Deadlock$Monitor@14c90021
     owned by MThread-1 Id=13
    at org.apache.bookkeeper.common.testing.util.TestTimedOutTestsListener$Deadlock$DeadlockThread.goMonitorDeadlock(TestTimedOutTestsListener.java:134)
    at org.apache.bookkeeper.common.testing.util.TestTimedOutTestsListener$Deadlock$DeadlockThread.monitorLock(TestTimedOutTestsListener.java:124)
      - locked org.apache.bookkeeper.common.testing.util.TestTimedOutTestsListener$Deadlock$Monitor@1a0efd10
    at org.apache.bookkeeper.common.testing.util.TestTimedOutTestsListener$Deadlock$DeadlockThread.run(TestTimedOutTestsListener.java:92)

    Locked synchronizers: count = 0


"MThread-1" Id=13 in BLOCKED on lock=org.apache.bookkeeper.common.testing.util.TestTimedOutTestsListener$Deadlock$Monitor@10f69660
     owned by MThread-2 Id=14
    at org.apache.bookkeeper.common.testing.util.TestTimedOutTestsListener$Deadlock$DeadlockThread.goMonitorDeadlock(TestTimedOutTestsListener.java:134)
    at org.apache.bookkeeper.common.testing.util.TestTimedOutTestsListener$Deadlock$DeadlockThread.monitorLock(TestTimedOutTestsListener.java:124)
      - locked org.apache.bookkeeper.common.testing.util.TestTimedOutTestsListener$Deadlock$Monitor@14c90021
    at org.apache.bookkeeper.common.testing.util.TestTimedOutTestsListener$Deadlock$DeadlockThread.run(TestTimedOutTestsListener.java:92)

    Locked synchronizers: count = 0


"MThread-2" Id=14 in BLOCKED on lock=org.apache.bookkeeper.common.testing.util.TestTimedOutTestsListener$Deadlock$Monitor@1a0efd10
     owned by MThread-3 Id=15
    at org.apache.bookkeeper.common.testing.util.TestTimedOutTestsListener$Deadlock$DeadlockThread.goMonitorDeadlock(TestTimedOutTestsListener.java:134)
    at org.apache.bookkeeper.common.testing.util.TestTimedOutTestsListener$Deadlock$DeadlockThread.monitorLock(TestTimedOutTestsListener.java:124)
      - locked org.apache.bookkeeper.common.testing.util.TestTimedOutTestsListener$Deadlock$Monitor@10f69660
    at org.apache.bookkeeper.common.testing.util.TestTimedOutTestsListener$Deadlock$DeadlockThread.run(TestTimedOutTestsListener.java:92)

    Locked synchronizers: count = 0




23:20:15.419 [main] ERROR org.apache.bookkeeper.common.component.ComponentStarter - Triggered exceptionHandler of Component: test-exception-handler because of Exception in Thread: Thread[main,5,main]
java.lang.Exception: test-exception-handler
	at org.apache.bookkeeper.common.component.TestComponentStarter.testExceptionHandler(TestComponentStarter.java:80) ~[test-classes/:?]
	at sun.reflect.NativeMethodAccessorImpl.invoke0(Native Method) ~[?:1.8.0_292]
	at sun.reflect.NativeMethodAccessorImpl.invoke(NativeMethodAccessorImpl.java:62) ~[?:1.8.0_292]
	at sun.reflect.DelegatingMethodAccessorImpl.invoke(DelegatingMethodAccessorImpl.java:43) ~[?:1.8.0_292]
	at java.lang.reflect.Method.invoke(Method.java:498) ~[?:1.8.0_292]
	at org.junit.runners.model.FrameworkMethod$1.runReflectiveCall(FrameworkMethod.java:50) ~[junit-4.12.jar:4.12]
	at org.junit.internal.runners.model.ReflectiveCallable.run(ReflectiveCallable.java:12) ~[junit-4.12.jar:4.12]
	at org.junit.runners.model.FrameworkMethod.invokeExplosively(FrameworkMethod.java:47) ~[junit-4.12.jar:4.12]
	at org.junit.internal.runners.statements.InvokeMethod.evaluate(InvokeMethod.java:17) ~[junit-4.12.jar:4.12]
	at org.junit.runners.ParentRunner.runLeaf(ParentRunner.java:325) ~[junit-4.12.jar:4.12]
	at org.junit.runners.BlockJUnit4ClassRunner.runChild(BlockJUnit4ClassRunner.java:78) ~[junit-4.12.jar:4.12]
	at org.junit.runners.BlockJUnit4ClassRunner.runChild(BlockJUnit4ClassRunner.java:57) ~[junit-4.12.jar:4.12]
	at org.junit.runners.ParentRunner$3.run(ParentRunner.java:290) ~[junit-4.12.jar:4.12]
	at org.junit.runners.ParentRunner$1.schedule(ParentRunner.java:71) ~[junit-4.12.jar:4.12]
	at org.junit.runners.ParentRunner.runChildren(ParentRunner.java:288) ~[junit-4.12.jar:4.12]
	at org.junit.runners.ParentRunner.access$000(ParentRunner.java:58) ~[junit-4.12.jar:4.12]
	at org.junit.runners.ParentRunner$2.evaluate(ParentRunner.java:268) ~[junit-4.12.jar:4.12]
	at org.junit.runners.ParentRunner.run(ParentRunner.java:363) ~[junit-4.12.jar:4.12]
	at org.junit.runners.Suite.runChild(Suite.java:128) ~[junit-4.12.jar:4.12]
	at org.junit.runners.Suite.runChild(Suite.java:27) ~[junit-4.12.jar:4.12]
	at org.junit.runners.ParentRunner$3.run(ParentRunner.java:290) ~[junit-4.12.jar:4.12]
	at org.junit.runners.ParentRunner$1.schedule(ParentRunner.java:71) ~[junit-4.12.jar:4.12]
	at org.junit.runners.ParentRunner.runChildren(ParentRunner.java:288) ~[junit-4.12.jar:4.12]
	at org.junit.runners.ParentRunner.access$000(ParentRunner.java:58) ~[junit-4.12.jar:4.12]
	at org.junit.runners.ParentRunner$2.evaluate(ParentRunner.java:268) ~[junit-4.12.jar:4.12]
	at org.junit.runners.ParentRunner.run(ParentRunner.java:363) ~[junit-4.12.jar:4.12]
	at org.junit.runner.JUnitCore.run(JUnitCore.java:137) ~[junit-4.12.jar:4.12]
	at org.junit.runner.JUnitCore.run(JUnitCore.java:115) ~[junit-4.12.jar:4.12]
	at edu.illinois.cs.testrunner.execution.JUnitTestExecutor.execute(JUnitTestExecutor.java:259) ~[testrunner-running-1.2.jar:?]
	at edu.illinois.cs.testrunner.execution.JUnitTestExecutor.executeWithJUnit4Runner(JUnitTestExecutor.java:327) ~[testrunner-running-1.2.jar:?]
	at edu.illinois.cs.testrunner.execution.JUnitTestExecutor.runOrder(JUnitTestExecutor.java:49) ~[testrunner-running-1.2.jar:?]
	at edu.illinois.cs.testrunner.execution.Executor$.$anonfun$run$1(Executor.scala:30) ~[testrunner-running-1.2.jar:?]
	at scala.runtime.java8.JFunction0$mcV$sp.apply(JFunction0$mcV$sp.java:12) [scala-library-2.12.6.jar:?]
	at scala.util.Try$.apply(Try.scala:209) [scala-library-2.12.6.jar:?]
	at edu.illinois.cs.testrunner.execution.Executor$.run(Executor.scala:28) [testrunner-running-1.2.jar:?]
	at edu.illinois.cs.testrunner.execution.Executor$.main(Executor.scala:18) [testrunner-running-1.2.jar:?]
	at edu.illinois.cs.testrunner.execution.Executor.main(Executor.scala) [testrunner-running-1.2.jar:?]
23:20:15.809 [test-OrderedScheduler-10-0] INFO  org.apache.bookkeeper.common.util.TestOrderedExecutorDecorators - foobar
23:20:15.837 [test-OrderedScheduler-10-0] INFO  org.apache.bookkeeper.common.util.TestOrderedExecutorDecorators - foobar
23:20:15.853 [test-OrderedExecutor-10-0] INFO  org.apache.bookkeeper.common.util.TestOrderedExecutorDecorators - foobar
23:20:15.864 [test-OrderedExecutor-10-0] INFO  org.apache.bookkeeper.common.util.TestOrderedExecutorDecorators - foobar
