<?xml version="1.0" encoding="UTF-8"?>
<testsuite xmlns:xsi="http://www.w3.org/2001/XMLSchema-instance" xsi:noNamespaceSchemaLocation="https://maven.apache.org/surefire/maven-surefire-plugin/xsd/surefire-test-report-3.0.xsd" version="3.0" name="org.apache.bookkeeper.tls.TestTLS" time="739.432" tests="182" errors="0" skipped="12" failures="0">
  <properties>
[...]
</properties>
  <testcase name="testConnectToTLSClusterTLSClient[0]" classname="org.apache.bookkeeper.tls.TestTLS" time="8.221"/>
  <testcase name="testTLSChannelCounters[0]" classname="org.apache.bookkeeper.tls.TestTLS" time="2.455"/>
  <testcase name="testStartTLSServerNoKeyStore[0]" classname="org.apache.bookkeeper.tls.TestTLS" time="1.513"/>
  <testcase name="testBookieAuthPluginDenyAccessToClientWithoutTLS[0]" classname="org.apache.bookkeeper.tls.TestTLS" time="3.922"/>
  <testcase name="testRefreshDurationForBookkeeperClientCerts[0]" classname="org.apache.bookkeeper.tls.TestTLS" time="0">
    <skipped message="got: &lt;false&gt;, expected: is &lt;true&gt;"/>
  </testcase>
  <testcase name="testMixedCluster[0]" classname="org.apache.bookkeeper.tls.TestTLS" time="4.502"/>
  <testcase name="testStartTLSServerBadPassword[0]" classname="org.apache.bookkeeper.tls.TestTLS" time="1.496"/>
  <testcase name="testConnectToTLSClusterMixedClient[0]" classname="org.apache.bookkeeper.tls.TestTLS" time="6.314"/>
  <testcase name="testTLSClientButOnlyFewTLSServers[0]" classname="org.apache.bookkeeper.tls.TestTLS" time="7.085"/>
  <testcase name="testConnectToTLSClusterTLSClientWithAuthentication[0]" classname="org.apache.bookkeeper.tls.TestTLS" time="3.921"/>
  <testcase name="testConnectToTLSClusterNonTLSClient[0]" classname="org.apache.bookkeeper.tls.TestTLS" time="3.884"/>
  <testcase name="testRefreshDurationForBookieCerts[0]" classname="org.apache.bookkeeper.tls.TestTLS" time="0">
    <skipped message="got: &lt;false&gt;, expected: is &lt;true&gt;"/>
  </testcase>
  <testcase name="testBookieAuthPluginDenyAccesstoClientWithoutTLSAuthentication[0]" classname="org.apache.bookkeeper.tls.TestTLS" time="3.962"/>
  <testcase name="testKeyMismatchFailure[0]" classname="org.apache.bookkeeper.tls.TestTLS" time="0">
    <skipped message="got: &lt;false&gt;, expected: is &lt;true&gt;"/>
  </testcase>
  <testcase name="testBookieAuthPluginRequireClientTLSAuthentication[0]" classname="org.apache.bookkeeper.tls.TestTLS" time="6.132"/>
  <testcase name="testGetBouncyCastleProviderName[0]" classname="org.apache.bookkeeper.tls.TestTLS" time="1.446"/>
  <testcase name="testConnectToLocalTLSClusterTLSClient[0]" classname="org.apache.bookkeeper.tls.TestTLS" time="6.154"/>
  <testcase name="testClientWantsTLSNoServersHaveIt[0]" classname="org.apache.bookkeeper.tls.TestTLS" time="3.777"/>
  <testcase name="testHandshakeFailure[0]" classname="org.apache.bookkeeper.tls.TestTLS" time="2.933"/>
  <testcase name="testRoleBasedAuthZInCertificate[0]" classname="org.apache.bookkeeper.tls.TestTLS" time="6.059"/>
  <testcase name="testClientAuthPlugin[0]" classname="org.apache.bookkeeper.tls.TestTLS" time="3.948"/>
  <testcase name="testHungServer[0]" classname="org.apache.bookkeeper.tls.TestTLS" time="7.585"/>
  <testcase name="testBookieAuthPluginRequireClientTLSAuthenticationLocal[0]" classname="org.apache.bookkeeper.tls.TestTLS" time="6.15"/>
  <testcase name="testConnectToTLSClusterTLSClientWithTLSNoAuthentication[0]" classname="org.apache.bookkeeper.tls.TestTLS" time="6.073"/>
  <testcase name="testBookieAuthPluginDenyAccessToClientWithoutTLSAuthenticationLocal[0]" classname="org.apache.bookkeeper.tls.TestTLS" time="3.783"/>
  <testcase name="testClientAuthPluginWithHostnameVerificationEnabled[0]" classname="org.apache.bookkeeper.tls.TestTLS" time="1.597"/>
  <testcase name="testConnectToTLSClusterTLSClient[1]" classname="org.apache.bookkeeper.tls.TestTLS" time="3.945"/>
  <testcase name="testTLSChannelCounters[1]" classname="org.apache.bookkeeper.tls.TestTLS" time="2.069"/>
  <testcase name="testStartTLSServerNoKeyStore[1]" classname="org.apache.bookkeeper.tls.TestTLS" time="1.45"/>
  <testcase name="testBookieAuthPluginDenyAccessToClientWithoutTLS[1]" classname="org.apache.bookkeeper.tls.TestTLS" time="3.722"/>
  <testcase name="testRefreshDurationForBookkeeperClientCerts[1]" classname="org.apache.bookkeeper.tls.TestTLS" time="5.599"/>
  <testcase name="testMixedCluster[1]" classname="org.apache.bookkeeper.tls.TestTLS" time="4.349"/>
  <testcase name="testStartTLSServerBadPassword[1]" classname="org.apache.bookkeeper.tls.TestTLS" time="1.446"/>
  <testcase name="testConnectToTLSClusterMixedClient[1]" classname="org.apache.bookkeeper.tls.TestTLS" time="6.267"/>
  <testcase name="testTLSClientButOnlyFewTLSServers[1]" classname="org.apache.bookkeeper.tls.TestTLS" time="7.084"/>
  <testcase name="testConnectToTLSClusterTLSClientWithAuthentication[1]" classname="org.apache.bookkeeper.tls.TestTLS" time="3.883"/>
  <testcase name="testConnectToTLSClusterNonTLSClient[1]" classname="org.apache.bookkeeper.tls.TestTLS" time="3.846"/>
  <testcase name="testRefreshDurationForBookieCerts[1]" classname="org.apache.bookkeeper.tls.TestTLS" time="8.206"/>
  <testcase name="testBookieAuthPluginDenyAccesstoClientWithoutTLSAuthentication[1]" classname="org.apache.bookkeeper.tls.TestTLS" time="3.754"/>
  <testcase name="testKeyMismatchFailure[1]" classname="org.apache.bookkeeper.tls.TestTLS" time="2.918"/>
  <testcase name="testBookieAuthPluginRequireClientTLSAuthentication[1]" classname="org.apache.bookkeeper.tls.TestTLS" time="6.076"/>
  <testcase name="testGetBouncyCastleProviderName[1]" classname="org.apache.bookkeeper.tls.TestTLS" time="1.428"/>
  <testcase name="testConnectToLocalTLSClusterTLSClient[1]" classname="org.apache.bookkeeper.tls.TestTLS" time="6.066"/>
  <testcase name="testClientWantsTLSNoServersHaveIt[1]" classname="org.apache.bookkeeper.tls.TestTLS" time="3.708"/>
  <testcase name="testHandshakeFailure[1]" classname="org.apache.bookkeeper.tls.TestTLS" time="2.934"/>
  <testcase name="testRoleBasedAuthZInCertificate[1]" classname="org.apache.bookkeeper.tls.TestTLS" time="6.096"/>
  <testcase name="testClientAuthPlugin[1]" classname="org.apache.bookkeeper.tls.TestTLS" time="3.842"/>
  <testcase name="testHungServer[1]" classname="org.apache.bookkeeper.tls.TestTLS" time="7.586"/>
  <testcase name="testBookieAuthPluginRequireClientTLSAuthenticationLocal[1]" classname="org.apache.bookkeeper.tls.TestTLS" time="6.034"/>
  <testcase name="testConnectToTLSClusterTLSClientWithTLSNoAuthentication[1]" classname="org.apache.bookkeeper.tls.TestTLS" time="6.088"/>
  <testcase name="testBookieAuthPluginDenyAccessToClientWithoutTLSAuthenticationLocal[1]" classname="org.apache.bookkeeper.tls.TestTLS" time="3.785"/>
  <testcase name="testClientAuthPluginWithHostnameVerificationEnabled[1]" classname="org.apache.bookkeeper.tls.TestTLS" time="1.578"/>
  <testcase name="testConnectToTLSClusterTLSClient[2]" classname="org.apache.bookkeeper.tls.TestTLS" time="3.931"/>
  <testcase name="testTLSChannelCounters[2]" classname="org.apache.bookkeeper.tls.TestTLS" time="2.062"/>
  <testcase name="testStartTLSServerNoKeyStore[2]" classname="org.apache.bookkeeper.tls.TestTLS" time="1.456"/>
  <testcase name="testBookieAuthPluginDenyAccessToClientWithoutTLS[2]" classname="org.apache.bookkeeper.tls.TestTLS" time="3.717"/>
  <testcase name="testRefreshDurationForBookkeeperClientCerts[2]" classname="org.apache.bookkeeper.tls.TestTLS" time="5.623"/>
  <testcase name="testMixedCluster[2]" classname="org.apache.bookkeeper.tls.TestTLS" time="4.338"/>
  <testcase name="testStartTLSServerBadPassword[2]" classname="org.apache.bookkeeper.tls.TestTLS" time="1.458"/>
  <testcase name="testConnectToTLSClusterMixedClient[2]" classname="org.apache.bookkeeper.tls.TestTLS" time="6.241"/>
  <testcase name="testTLSClientButOnlyFewTLSServers[2]" classname="org.apache.bookkeeper.tls.TestTLS" time="6.948"/>
  <testcase name="testConnectToTLSClusterTLSClientWithAuthentication[2]" classname="org.apache.bookkeeper.tls.TestTLS" time="3.864"/>
  <testcase name="testConnectToTLSClusterNonTLSClient[2]" classname="org.apache.bookkeeper.tls.TestTLS" time="3.81"/>
  <testcase name="testRefreshDurationForBookieCerts[2]" classname="org.apache.bookkeeper.tls.TestTLS" time="8.2"/>
  <testcase name="testBookieAuthPluginDenyAccesstoClientWithoutTLSAuthentication[2]" classname="org.apache.bookkeeper.tls.TestTLS" time="3.786"/>
  <testcase name="testKeyMismatchFailure[2]" classname="org.apache.bookkeeper.tls.TestTLS" time="2.879"/>
  <testcase name="testBookieAuthPluginRequireClientTLSAuthentication[2]" classname="org.apache.bookkeeper.tls.TestTLS" time="6.006"/>
  <testcase name="testGetBouncyCastleProviderName[2]" classname="org.apache.bookkeeper.tls.TestTLS" time="1.409"/>
  <testcase name="testConnectToLocalTLSClusterTLSClient[2]" classname="org.apache.bookkeeper.tls.TestTLS" time="1.412"/>
  <testcase name="testClientWantsTLSNoServersHaveIt[2]" classname="org.apache.bookkeeper.tls.TestTLS" time="3.757"/>
  <testcase name="testHandshakeFailure[2]" classname="org.apache.bookkeeper.tls.TestTLS" time="2.925"/>
  <testcase name="testRoleBasedAuthZInCertificate[2]" classname="org.apache.bookkeeper.tls.TestTLS" time="6.035"/>
  <testcase name="testClientAuthPlugin[2]" classname="org.apache.bookkeeper.tls.TestTLS" time="3.883"/>
  <testcase name="testHungServer[2]" classname="org.apache.bookkeeper.tls.TestTLS" time="7.565"/>
  <testcase name="testBookieAuthPluginRequireClientTLSAuthenticationLocal[2]" classname="org.apache.bookkeeper.tls.TestTLS" time="1.408"/>
  <testcase name="testConnectToTLSClusterTLSClientWithTLSNoAuthentication[2]" classname="org.apache.bookkeeper.tls.TestTLS" time="6.023"/>
  <testcase name="testBookieAuthPluginDenyAccessToClientWithoutTLSAuthenticationLocal[2]" classname="org.apache.bookkeeper.tls.TestTLS" time="3.789"/>
  <testcase name="testClientAuthPluginWithHostnameVerificationEnabled[2]" classname="org.apache.bookkeeper.tls.TestTLS" time="1.563"/>
  <testcase name="testConnectToTLSClusterTLSClient[3]" classname="org.apache.bookkeeper.tls.TestTLS" time="3.921"/>
  <testcase name="testTLSChannelCounters[3]" classname="org.apache.bookkeeper.tls.TestTLS" time="2.083"/>
  <testcase name="testStartTLSServerNoKeyStore[3]" classname="org.apache.bookkeeper.tls.TestTLS" time="1.425"/>
  <testcase name="testBookieAuthPluginDenyAccessToClientWithoutTLS[3]" classname="org.apache.bookkeeper.tls.TestTLS" time="3.715"/>
  <testcase name="testRefreshDurationForBookkeeperClientCerts[3]" classname="org.apache.bookkeeper.tls.TestTLS" time="0">
    <skipped message="got: &lt;false&gt;, expected: is &lt;true&gt;"/>
  </testcase>
  <testcase name="testMixedCluster[3]" classname="org.apache.bookkeeper.tls.TestTLS" time="4.299"/>
  <testcase name="testStartTLSServerBadPassword[3]" classname="org.apache.bookkeeper.tls.TestTLS" time="1.44"/>
  <testcase name="testConnectToTLSClusterMixedClient[3]" classname="org.apache.bookkeeper.tls.TestTLS" time="6.197"/>
  <testcase name="testTLSClientButOnlyFewTLSServers[3]" classname="org.apache.bookkeeper.tls.TestTLS" time="6.932"/>
  <testcase name="testConnectToTLSClusterTLSClientWithAuthentication[3]" classname="org.apache.bookkeeper.tls.TestTLS" time="3.892"/>
  <testcase name="testConnectToTLSClusterNonTLSClient[3]" classname="org.apache.bookkeeper.tls.TestTLS" time="3.816"/>
  <testcase name="testRefreshDurationForBookieCerts[3]" classname="org.apache.bookkeeper.tls.TestTLS" time="0">
    <skipped message="got: &lt;false&gt;, expected: is &lt;true&gt;"/>
  </testcase>
  <testcase name="testBookieAuthPluginDenyAccesstoClientWithoutTLSAuthentication[3]" classname="org.apache.bookkeeper.tls.TestTLS" time="3.803"/>
  <testcase name="testKeyMismatchFailure[3]" classname="org.apache.bookkeeper.tls.TestTLS" time="0">
    <skipped message="got: &lt;false&gt;, expected: is &lt;true&gt;"/>
  </testcase>
  <testcase name="testBookieAuthPluginRequireClientTLSAuthentication[3]" classname="org.apache.bookkeeper.tls.TestTLS" time="6.047"/>
  <testcase name="testGetBouncyCastleProviderName[3]" classname="org.apache.bookkeeper.tls.TestTLS" time="1.449"/>
  <testcase name="testConnectToLocalTLSClusterTLSClient[3]" classname="org.apache.bookkeeper.tls.TestTLS" time="6.246"/>
  <testcase name="testClientWantsTLSNoServersHaveIt[3]" classname="org.apache.bookkeeper.tls.TestTLS" time="3.709"/>
  <testcase name="testHandshakeFailure[3]" classname="org.apache.bookkeeper.tls.TestTLS" time="2.953"/>
  <testcase name="testRoleBasedAuthZInCertificate[3]" classname="org.apache.bookkeeper.tls.TestTLS" time="6.059"/>
  <testcase name="testClientAuthPlugin[3]" classname="org.apache.bookkeeper.tls.TestTLS" time="3.86"/>
  <testcase name="testHungServer[3]" classname="org.apache.bookkeeper.tls.TestTLS" time="7.56"/>
  <testcase name="testBookieAuthPluginRequireClientTLSAuthenticationLocal[3]" classname="org.apache.bookkeeper.tls.TestTLS" time="6.104"/>
  <testcase name="testConnectToTLSClusterTLSClientWithTLSNoAuthentication[3]" classname="org.apache.bookkeeper.tls.TestTLS" time="6.048"/>
  <testcase name="testBookieAuthPluginDenyAccessToClientWithoutTLSAuthenticationLocal[3]" classname="org.apache.bookkeeper.tls.TestTLS" time="3.813"/>
  <testcase name="testClientAuthPluginWithHostnameVerificationEnabled[3]" classname="org.apache.bookkeeper.tls.TestTLS" time="1.564"/>
  <testcase name="testConnectToTLSClusterTLSClient[4]" classname="org.apache.bookkeeper.tls.TestTLS" time="3.852"/>
  <testcase name="testTLSChannelCounters[4]" classname="org.apache.bookkeeper.tls.TestTLS" time="1.952"/>
  <testcase name="testStartTLSServerNoKeyStore[4]" classname="org.apache.bookkeeper.tls.TestTLS" time="1.433"/>
  <testcase name="testBookieAuthPluginDenyAccessToClientWithoutTLS[4]" classname="org.apache.bookkeeper.tls.TestTLS" time="3.752"/>
  <testcase name="testRefreshDurationForBookkeeperClientCerts[4]" classname="org.apache.bookkeeper.tls.TestTLS" time="0">
    <skipped message="got: &lt;false&gt;, expected: is &lt;true&gt;"/>
  </testcase>
  <testcase name="testMixedCluster[4]" classname="org.apache.bookkeeper.tls.TestTLS" time="4.266"/>
  <testcase name="testStartTLSServerBadPassword[4]" classname="org.apache.bookkeeper.tls.TestTLS" time="1.421"/>
  <testcase name="testConnectToTLSClusterMixedClient[4]" classname="org.apache.bookkeeper.tls.TestTLS" time="6.17"/>
  <testcase name="testTLSClientButOnlyFewTLSServers[4]" classname="org.apache.bookkeeper.tls.TestTLS" time="6.851"/>
  <testcase name="testConnectToTLSClusterTLSClientWithAuthentication[4]" classname="org.apache.bookkeeper.tls.TestTLS" time="3.817"/>
  <testcase name="testConnectToTLSClusterNonTLSClient[4]" classname="org.apache.bookkeeper.tls.TestTLS" time="3.787"/>
  <testcase name="testRefreshDurationForBookieCerts[4]" classname="org.apache.bookkeeper.tls.TestTLS" time="0">
    <skipped message="got: &lt;false&gt;, expected: is &lt;true&gt;"/>
  </testcase>
  <testcase name="testBookieAuthPluginDenyAccesstoClientWithoutTLSAuthentication[4]" classname="org.apache.bookkeeper.tls.TestTLS" time="3.727"/>
  <testcase name="testKeyMismatchFailure[4]" classname="org.apache.bookkeeper.tls.TestTLS" time="0">
    <skipped message="got: &lt;false&gt;, expected: is &lt;true&gt;"/>
  </testcase>
  <testcase name="testBookieAuthPluginRequireClientTLSAuthentication[4]" classname="org.apache.bookkeeper.tls.TestTLS" time="5.972"/>
  <testcase name="testGetBouncyCastleProviderName[4]" classname="org.apache.bookkeeper.tls.TestTLS" time="1.411"/>
  <testcase name="testConnectToLocalTLSClusterTLSClient[4]" classname="org.apache.bookkeeper.tls.TestTLS" time="6.008"/>
  <testcase name="testClientWantsTLSNoServersHaveIt[4]" classname="org.apache.bookkeeper.tls.TestTLS" time="3.674"/>
  <testcase name="testHandshakeFailure[4]" classname="org.apache.bookkeeper.tls.TestTLS" time="2.891"/>
  <testcase name="testRoleBasedAuthZInCertificate[4]" classname="org.apache.bookkeeper.tls.TestTLS" time="5.989"/>
  <testcase name="testClientAuthPlugin[4]" classname="org.apache.bookkeeper.tls.TestTLS" time="3.818"/>
  <testcase name="testHungServer[4]" classname="org.apache.bookkeeper.tls.TestTLS" time="7.602"/>
  <testcase name="testBookieAuthPluginRequireClientTLSAuthenticationLocal[4]" classname="org.apache.bookkeeper.tls.TestTLS" time="5.992"/>
  <testcase name="testConnectToTLSClusterTLSClientWithTLSNoAuthentication[4]" classname="org.apache.bookkeeper.tls.TestTLS" time="6.022"/>
  <testcase name="testBookieAuthPluginDenyAccessToClientWithoutTLSAuthenticationLocal[4]" classname="org.apache.bookkeeper.tls.TestTLS" time="3.755"/>
  <testcase name="testClientAuthPluginWithHostnameVerificationEnabled[4]" classname="org.apache.bookkeeper.tls.TestTLS" time="1.55"/>
  <testcase name="testConnectToTLSClusterTLSClient[5]" classname="org.apache.bookkeeper.tls.TestTLS" time="3.872"/>
  <testcase name="testTLSChannelCounters[5]" classname="org.apache.bookkeeper.tls.TestTLS" time="2.012"/>
  <testcase name="testStartTLSServerNoKeyStore[5]" classname="org.apache.bookkeeper.tls.TestTLS" time="1.412"/>
  <testcase name="testBookieAuthPluginDenyAccessToClientWithoutTLS[5]" classname="org.apache.bookkeeper.tls.TestTLS" time="3.73"/>
  <testcase name="testRefreshDurationForBookkeeperClientCerts[5]" classname="org.apache.bookkeeper.tls.TestTLS" time="5.622"/>
  <testcase name="testMixedCluster[5]" classname="org.apache.bookkeeper.tls.TestTLS" time="4.29"/>
  <testcase name="testStartTLSServerBadPassword[5]" classname="org.apache.bookkeeper.tls.TestTLS" time="1.433"/>
  <testcase name="testConnectToTLSClusterMixedClient[5]" classname="org.apache.bookkeeper.tls.TestTLS" time="6.175"/>
  <testcase name="testTLSClientButOnlyFewTLSServers[5]" classname="org.apache.bookkeeper.tls.TestTLS" time="6.898"/>
  <testcase name="testConnectToTLSClusterTLSClientWithAuthentication[5]" classname="org.apache.bookkeeper.tls.TestTLS" time="3.837"/>
  <testcase name="testConnectToTLSClusterNonTLSClient[5]" classname="org.apache.bookkeeper.tls.TestTLS" time="3.784"/>
  <testcase name="testRefreshDurationForBookieCerts[5]" classname="org.apache.bookkeeper.tls.TestTLS" time="8.179"/>
  <testcase name="testBookieAuthPluginDenyAccesstoClientWithoutTLSAuthentication[5]" classname="org.apache.bookkeeper.tls.TestTLS" time="3.75"/>
  <testcase name="testKeyMismatchFailure[5]" classname="org.apache.bookkeeper.tls.TestTLS" time="2.936"/>
  <testcase name="testBookieAuthPluginRequireClientTLSAuthentication[5]" classname="org.apache.bookkeeper.tls.TestTLS" time="6.026"/>
  <testcase name="testGetBouncyCastleProviderName[5]" classname="org.apache.bookkeeper.tls.TestTLS" time="1.434"/>
  <testcase name="testConnectToLocalTLSClusterTLSClient[5]" classname="org.apache.bookkeeper.tls.TestTLS" time="6.044"/>
  <testcase name="testClientWantsTLSNoServersHaveIt[5]" classname="org.apache.bookkeeper.tls.TestTLS" time="3.694"/>
  <testcase name="testHandshakeFailure[5]" classname="org.apache.bookkeeper.tls.TestTLS" time="2.898"/>
  <testcase name="testRoleBasedAuthZInCertificate[5]" classname="org.apache.bookkeeper.tls.TestTLS" time="6.011"/>
  <testcase name="testClientAuthPlugin[5]" classname="org.apache.bookkeeper.tls.TestTLS" time="3.87"/>
  <testcase name="testHungServer[5]" classname="org.apache.bookkeeper.tls.TestTLS" time="7.585"/>
  <testcase name="testBookieAuthPluginRequireClientTLSAuthenticationLocal[5]" classname="org.apache.bookkeeper.tls.TestTLS" time="6.061"/>
  <testcase name="testConnectToTLSClusterTLSClientWithTLSNoAuthentication[5]" classname="org.apache.bookkeeper.tls.TestTLS" time="6.008"/>
  <testcase name="testBookieAuthPluginDenyAccessToClientWithoutTLSAuthenticationLocal[5]" classname="org.apache.bookkeeper.tls.TestTLS" time="3.738"/>
  <testcase name="testClientAuthPluginWithHostnameVerificationEnabled[5]" classname="org.apache.bookkeeper.tls.TestTLS" time="1.57"/>
  <testcase name="testConnectToTLSClusterTLSClient[6]" classname="org.apache.bookkeeper.tls.TestTLS" time="3.855"/>
  <testcase name="testTLSChannelCounters[6]" classname="org.apache.bookkeeper.tls.TestTLS" time="1.974"/>
  <testcase name="testStartTLSServerNoKeyStore[6]" classname="org.apache.bookkeeper.tls.TestTLS" time="1.437"/>
  <testcase name="testBookieAuthPluginDenyAccessToClientWithoutTLS[6]" classname="org.apache.bookkeeper.tls.TestTLS" time="3.681"/>
  <testcase name="testRefreshDurationForBookkeeperClientCerts[6]" classname="org.apache.bookkeeper.tls.TestTLS" time="0">
    <skipped message="got: &lt;false&gt;, expected: is &lt;true&gt;"/>
  </testcase>
  <testcase name="testMixedCluster[6]" classname="org.apache.bookkeeper.tls.TestTLS" time="4.287"/>
  <testcase name="testStartTLSServerBadPassword[6]" classname="org.apache.bookkeeper.tls.TestTLS" time="1.443"/>
  <testcase name="testConnectToTLSClusterMixedClient[6]" classname="org.apache.bookkeeper.tls.TestTLS" time="6.173"/>
  <testcase name="testTLSClientButOnlyFewTLSServers[6]" classname="org.apache.bookkeeper.tls.TestTLS" time="6.849"/>
  <testcase name="testConnectToTLSClusterTLSClientWithAuthentication[6]" classname="org.apache.bookkeeper.tls.TestTLS" time="3.868"/>
  <testcase name="testConnectToTLSClusterNonTLSClient[6]" classname="org.apache.bookkeeper.tls.TestTLS" time="3.787"/>
  <testcase name="testRefreshDurationForBookieCerts[6]" classname="org.apache.bookkeeper.tls.TestTLS" time="0">
    <skipped message="got: &lt;false&gt;, expected: is &lt;true&gt;"/>
  </testcase>
  <testcase name="testBookieAuthPluginDenyAccesstoClientWithoutTLSAuthentication[6]" classname="org.apache.bookkeeper.tls.TestTLS" time="3.751"/>
  <testcase name="testKeyMismatchFailure[6]" classname="org.apache.bookkeeper.tls.TestTLS" time="0">
    <skipped message="got: &lt;false&gt;, expected: is &lt;true&gt;"/>
  </testcase>
  <testcase name="testBookieAuthPluginRequireClientTLSAuthentication[6]" classname="org.apache.bookkeeper.tls.TestTLS" time="5.989"/>
  <testcase name="testGetBouncyCastleProviderName[6]" classname="org.apache.bookkeeper.tls.TestTLS" time="1.434"/>
  <testcase name="testConnectToLocalTLSClusterTLSClient[6]" classname="org.apache.bookkeeper.tls.TestTLS" time="6.025"/>
  <testcase name="testClientWantsTLSNoServersHaveIt[6]" classname="org.apache.bookkeeper.tls.TestTLS" time="3.678"/>
  <testcase name="testHandshakeFailure[6]" classname="org.apache.bookkeeper.tls.TestTLS" time="2.908"/>
  <testcase name="testRoleBasedAuthZInCertificate[6]" classname="org.apache.bookkeeper.tls.TestTLS" time="6.035"/>
  <testcase name="testClientAuthPlugin[6]" classname="org.apache.bookkeeper.tls.TestTLS" time="3.824"/>
  <testcase name="testHungServer[6]" classname="org.apache.bookkeeper.tls.TestTLS" time="7.55"/>
  <testcase name="testBookieAuthPluginRequireClientTLSAuthenticationLocal[6]" classname="org.apache.bookkeeper.tls.TestTLS" time="6.082"/>
  <testcase name="testConnectToTLSClusterTLSClientWithTLSNoAuthentication[6]" classname="org.apache.bookkeeper.tls.TestTLS" time="6.025"/>
  <testcase name="testBookieAuthPluginDenyAccessToClientWithoutTLSAuthenticationLocal[6]" classname="org.apache.bookkeeper.tls.TestTLS" time="3.769"/>
  <testcase name="testClientAuthPluginWithHostnameVerificationEnabled[6]" classname="org.apache.bookkeeper.tls.TestTLS" time="1.585"/>
</testsuite>